#
# There is insufficient memory for the Java Runtime Environment to continue.
# Native memory allocation (malloc) failed to allocate 1180976 bytes for Chunk::new
# Possible reasons:
#   The system is out of physical RAM or swap space
#   The process is running with CompressedOops enabled, and the Java Heap may be blocking the growth of the native heap
# Possible solutions:
#   Reduce memory load on the system
#   Increase physical memory or swap space
#   Check if swap backing store is full
#   Decrease Java heap size (-Xmx/-Xms)
#   Decrease number of Java threads
#   Decrease Java thread stack sizes (-Xss)
#   Set larger code cache with -XX:ReservedCodeCacheSize=
#   JVM is running with Unscaled Compressed Oops mode in which the Java heap is
#     placed in the first 4GB address space. The Java Heap base address is the
#     maximum limit for the native heap growth. Please use -XX:HeapBaseMinAddress
#     to set the Java Heap base and to place the Java Heap above 4GB virtual address.
# This output file may be truncated or incomplete.
#
#  Out of Memory Error (./src/hotspot/share/memory/arena.cpp:197), pid=1064, tid=21612
#
# JRE version: OpenJDK Runtime Environment Microsoft-40648 (11.0.16.1+1) (build 11.0.16.1+1-LTS)
# Java VM: OpenJDK 64-Bit Server VM Microsoft-40648 (11.0.16.1+1-LTS, mixed mode, tiered, compressed oops, g1 gc, windows-amd64)
# No core dump will be written. Minidumps are not enabled by default on client versions of Windows
#

---------------  S U M M A R Y ------------

Command Line: --add-opens=java.base/java.util=ALL-UNNAMED --add-opens=java.base/java.lang=ALL-UNNAMED --add-opens=java.base/java.lang.invoke=ALL-UNNAMED --add-opens=java.base/java.util=ALL-UNNAMED --add-opens=java.prefs/java.util.prefs=ALL-UNNAMED --add-opens=java.prefs/java.util.prefs=ALL-UNNAMED --add-opens=java.base/java.nio.charset=ALL-UNNAMED --add-opens=java.base/java.net=ALL-UNNAMED --add-opens=java.base/java.util.concurrent.atomic=ALL-UNNAMED -XX:MaxMetaspaceSize=256m -XX:+HeapDumpOnOutOfMemoryError -Xms256m -Xmx512m -Dfile.encoding=UTF-8 -Duser.country=RU -Duser.language=ru -Duser.variant org.gradle.launcher.daemon.bootstrap.GradleDaemon 7.3.3

Host: AMD Ryzen 5 3600 6-Core Processor              , 12 cores, 15G,  Windows 10 , 64 bit Build 19041 (10.0.19041.3393)
Time: Sun Sep 24 16:07:38 2023  Windows 10 , 64 bit Build 19041 (10.0.19041.3393) elapsed time: 2.607957 seconds (0d 0h 0m 2s)

---------------  T H R E A D  ---------------

Current thread (0x00000186dd4cd800):  JavaThread "C2 CompilerThread0" daemon [_thread_in_native, id=21612, stack(0x0000006cdbb00000,0x0000006cdbc00000)]


Current CompileTask:
C2:   2608 2554  s!   4       jdk.internal.loader.URLClassPath::getLoader (194 bytes)

Stack: [0x0000006cdbb00000,0x0000006cdbc00000]
Native frames: (J=compiled Java code, j=interpreted, Vv=VM code, C=native code)
V  [jvm.dll+0x62652a]
V  [jvm.dll+0x7b3249]
V  [jvm.dll+0x7b4938]
V  [jvm.dll+0x7b5013]
V  [jvm.dll+0x24fca8]
V  [jvm.dll+0xc262c]
V  [jvm.dll+0xc2bec]
V  [jvm.dll+0x359e32]
V  [jvm.dll+0x326003]
V  [jvm.dll+0x32533a]
V  [jvm.dll+0x208fd5]
V  [jvm.dll+0x2080fd]
V  [jvm.dll+0x18a411]
V  [jvm.dll+0x217954]
V  [jvm.dll+0x215b9b]
V  [jvm.dll+0x775d50]
V  [jvm.dll+0x76ec84]
V  [jvm.dll+0x625395]
C  [ucrtbase.dll+0x21bb2]
C  [KERNEL32.DLL+0x17344]
C  [ntdll.dll+0x526b1]


---------------  P R O C E S S  ---------------

Threads class SMR info:
_java_thread_list=0x00000186e29ba160, length=32, elements={
0x00000186c0f17000, 0x00000186dcb52000, 0x00000186dcb5c800, 0x00000186dd4ca000,
0x00000186dd4cb000, 0x00000186dd4cc000, 0x00000186dd4cd800, 0x00000186dd4d9000,
0x00000186dd4df800, 0x00000186dd662800, 0x00000186de423800, 0x00000186e089d800,
0x00000186dd875800, 0x00000186e052c800, 0x00000186deda2000, 0x00000186df936800,
0x00000186de9f9800, 0x00000186df4a8000, 0x00000186e01d1800, 0x00000186df6a3000,
0x00000186df6a5800, 0x00000186df6a7000, 0x00000186df6a4000, 0x00000186df6a8000,
0x00000186df6a2800, 0x00000186df6a4800, 0x00000186df6a9000, 0x00000186df6a6800,
0x00000186e0602800, 0x00000186e07a9800, 0x00000186e07ac000, 0x00000186e0685800
}

Java Threads: ( => current thread )
  0x00000186c0f17000 JavaThread "main" [_thread_blocked, id=22608, stack(0x0000006cdaf00000,0x0000006cdb000000)]
  0x00000186dcb52000 JavaThread "Reference Handler" daemon [_thread_blocked, id=9376, stack(0x0000006cdb600000,0x0000006cdb700000)]
  0x00000186dcb5c800 JavaThread "Finalizer" daemon [_thread_blocked, id=4744, stack(0x0000006cdb700000,0x0000006cdb800000)]
  0x00000186dd4ca000 JavaThread "Signal Dispatcher" daemon [_thread_blocked, id=15828, stack(0x0000006cdb800000,0x0000006cdb900000)]
  0x00000186dd4cb000 JavaThread "Attach Listener" daemon [_thread_blocked, id=20404, stack(0x0000006cdb900000,0x0000006cdba00000)]
  0x00000186dd4cc000 JavaThread "Service Thread" daemon [_thread_blocked, id=1764, stack(0x0000006cdba00000,0x0000006cdbb00000)]
=>0x00000186dd4cd800 JavaThread "C2 CompilerThread0" daemon [_thread_in_native, id=21612, stack(0x0000006cdbb00000,0x0000006cdbc00000)]
  0x00000186dd4d9000 JavaThread "C1 CompilerThread0" daemon [_thread_in_native, id=3648, stack(0x0000006cdbc00000,0x0000006cdbd00000)]
  0x00000186dd4df800 JavaThread "Sweeper thread" daemon [_thread_blocked, id=21724, stack(0x0000006cdbd00000,0x0000006cdbe00000)]
  0x00000186dd662800 JavaThread "Common-Cleaner" daemon [_thread_blocked, id=9704, stack(0x0000006cdbe00000,0x0000006cdbf00000)]
  0x00000186de423800 JavaThread "Daemon health stats" [_thread_blocked, id=20252, stack(0x0000006cdc700000,0x0000006cdc800000)]
  0x00000186e089d800 JavaThread "Incoming local TCP Connector on port 53366" [_thread_in_native, id=15232, stack(0x0000006cdc000000,0x0000006cdc100000)]
  0x00000186dd875800 JavaThread "Daemon periodic checks" [_thread_blocked, id=23180, stack(0x0000006cdc600000,0x0000006cdc700000)]
  0x00000186e052c800 JavaThread "Daemon" [_thread_blocked, id=19880, stack(0x0000006cdc800000,0x0000006cdc900000)]
  0x00000186deda2000 JavaThread "Handler for socket connection from /127.0.0.1:53366 to /127.0.0.1:53367" [_thread_in_native, id=19096, stack(0x0000006cdc900000,0x0000006cdca00000)]
  0x00000186df936800 JavaThread "Cancel handler" [_thread_blocked, id=18152, stack(0x0000006cdca00000,0x0000006cdcb00000)]
  0x00000186de9f9800 JavaThread "Daemon worker" [_thread_in_native, id=22688, stack(0x0000006cdcb00000,0x0000006cdcc00000)]
  0x00000186df4a8000 JavaThread "Asynchronous log dispatcher for DefaultDaemonConnection: socket connection from /127.0.0.1:53366 to /127.0.0.1:53367" [_thread_blocked, id=20568, stack(0x0000006cdcc00000,0x0000006cdcd00000)]
  0x00000186e01d1800 JavaThread "Stdin handler" [_thread_blocked, id=1256, stack(0x0000006cdcd00000,0x0000006cdce00000)]
  0x00000186df6a3000 JavaThread "Daemon client event forwarder" [_thread_blocked, id=22876, stack(0x0000006cdce00000,0x0000006cdcf00000)]
  0x00000186df6a5800 JavaThread "Cache worker for journal cache (C:\Users\User\.gradle\caches\journal-1)" [_thread_blocked, id=19328, stack(0x0000006cdcf00000,0x0000006cdd000000)]
  0x00000186df6a7000 JavaThread "File lock request listener" [_thread_in_native, id=2140, stack(0x0000006cdd000000,0x0000006cdd100000)]
  0x00000186df6a4000 JavaThread "Cache worker for file hash cache (C:\Users\User\.gradle\caches\7.3.3\fileHashes)" [_thread_blocked, id=20004, stack(0x0000006cdd100000,0x0000006cdd200000)]
  0x00000186df6a8000 JavaThread "Cache worker for file hash cache (C:\Users\User\IdeaProjects\Sorting Tool (Java)\.gradle\7.3.3\fileHashes)" [_thread_blocked, id=23160, stack(0x0000006cdd900000,0x0000006cdda00000)]
  0x00000186df6a2800 JavaThread "File watcher server" daemon [_thread_in_native, id=12856, stack(0x0000006cdda00000,0x0000006cddb00000)]
  0x00000186df6a4800 JavaThread "File watcher consumer" daemon [_thread_blocked, id=3860, stack(0x0000006cddb00000,0x0000006cddc00000)]
  0x00000186df6a9000 JavaThread "Cache worker for checksums cache (C:\Users\User\IdeaProjects\Sorting Tool (Java)\.gradle\7.3.3\checksums)" [_thread_blocked, id=17724, stack(0x0000006cdd800000,0x0000006cdd900000)]
  0x00000186df6a6800 JavaThread "Cache worker for cache directory md-supplier (C:\Users\User\.gradle\caches\7.3.3\md-supplier)" [_thread_blocked, id=15924, stack(0x0000006cddc00000,0x0000006cddd00000)]
  0x00000186e0602800 JavaThread "C2 CompilerThread1" daemon [_thread_in_native, id=22116, stack(0x0000006cddd00000,0x0000006cdde00000)]
  0x00000186e07a9800 JavaThread "Cache worker for cache directory md-rule (C:\Users\User\.gradle\caches\7.3.3\md-rule)" [_thread_blocked, id=18032, stack(0x0000006cdde00000,0x0000006cddf00000)]
  0x00000186e07ac000 JavaThread "Cache worker for execution history cache (C:\Users\User\.gradle\caches\7.3.3\executionHistory)" [_thread_blocked, id=20612, stack(0x0000006cddf00000,0x0000006cde000000)]
  0x00000186e0685800 JavaThread "C2 CompilerThread2" daemon [_thread_in_native, id=19572, stack(0x0000006cde000000,0x0000006cde100000)]

Other Threads:
  0x00000186dcb4f000 VMThread "VM Thread" [stack: 0x0000006cdb500000,0x0000006cdb600000] [id=16356]
  0x00000186dd67e000 WatcherThread [stack: 0x0000006cdbf00000,0x0000006cdc000000] [id=9420]
  0x00000186c0f2b000 GCTaskThread "GC Thread#0" [stack: 0x0000006cdb000000,0x0000006cdb100000] [id=3460]
  0x00000186de610800 GCTaskThread "GC Thread#1" [stack: 0x0000006cdc100000,0x0000006cdc200000] [id=18052]
  0x00000186de440800 GCTaskThread "GC Thread#2" [stack: 0x0000006cdc200000,0x0000006cdc300000] [id=14668]
  0x00000186de1ba800 GCTaskThread "GC Thread#3" [stack: 0x0000006cdc300000,0x0000006cdc400000] [id=14736]
  0x00000186de1e7800 GCTaskThread "GC Thread#4" [stack: 0x0000006cdc400000,0x0000006cdc500000] [id=8468]
  0x00000186de519800 GCTaskThread "GC Thread#5" [stack: 0x0000006cdc500000,0x0000006cdc600000] [id=5200]
  0x00000186df840800 GCTaskThread "GC Thread#6" [stack: 0x0000006cdd200000,0x0000006cdd300000] [id=2100]
  0x00000186de280800 GCTaskThread "GC Thread#7" [stack: 0x0000006cdd300000,0x0000006cdd400000] [id=20360]
  0x00000186e0003000 GCTaskThread "GC Thread#8" [stack: 0x0000006cdd400000,0x0000006cdd500000] [id=11604]
  0x00000186de70f000 GCTaskThread "GC Thread#9" [stack: 0x0000006cdd500000,0x0000006cdd600000] [id=3336]
  0x00000186c0f3a800 ConcurrentGCThread "G1 Main Marker" [stack: 0x0000006cdb100000,0x0000006cdb200000] [id=21500]
  0x00000186c0f3c000 ConcurrentGCThread "G1 Conc#0" [stack: 0x0000006cdb200000,0x0000006cdb300000] [id=9564]
  0x00000186df65f800 ConcurrentGCThread "G1 Conc#1" [stack: 0x0000006cdd600000,0x0000006cdd700000] [id=19728]
  0x00000186ddf1c000 ConcurrentGCThread "G1 Conc#2" [stack: 0x0000006cdd700000,0x0000006cdd800000] [id=20028]
  0x00000186c0fed800 ConcurrentGCThread "G1 Refine#0" [stack: 0x0000006cdb300000,0x0000006cdb400000] [id=4984]
  0x00000186dc9c8800 ConcurrentGCThread "G1 Young RemSet Sampling" [stack: 0x0000006cdb400000,0x0000006cdb500000] [id=15336]

Threads with active compile tasks:
C2 CompilerThread0     2620 2554  s!   4       jdk.internal.loader.URLClassPath::getLoader (194 bytes)
C2 CompilerThread1     2620 2557       4       jdk.internal.loader.URLClassPath::getResource (74 bytes)
C2 CompilerThread2     2620 2644   !   4       java.util.concurrent.ConcurrentHashMap::transfer (828 bytes)

VM state:not at safepoint (normal execution)

VM Mutex/Monitor currently owned by a thread: None

Heap address: 0x00000000e0000000, size: 512 MB, Compressed Oops mode: 32-bit
Narrow klass base: 0x0000000000000000, Narrow klass shift: 3
Compressed class space size: 260046848 Address: 0x0000000100000000

Heap:
 garbage-first heap   total 262144K, used 96070K [0x00000000e0000000, 0x0000000100000000)
  region size 1024K, 79 young (80896K), 2 survivors (2048K)
 Metaspace       used 31957K, capacity 32749K, committed 32816K, reserved 282624K
  class space    used 4166K, capacity 4447K, committed 4480K, reserved 253952K
Heap Regions: E=young(eden), S=young(survivor), O=old, HS=humongous(starts), HC=humongous(continues), CS=collection set, F=free, A=archive, TAMS=top-at-mark-start (previous, next)
|   0|0x00000000e0000000, 0x00000000e0100000, 0x00000000e0100000|100%| O|  |TAMS 0x00000000e0000000, 0x00000000e0000000| Untracked 
|   1|0x00000000e0100000, 0x00000000e0200000, 0x00000000e0200000|100%| O|  |TAMS 0x00000000e0100000, 0x00000000e0100000| Untracked 
|   2|0x00000000e0200000, 0x00000000e0300000, 0x00000000e0300000|100%| O|  |TAMS 0x00000000e0200000, 0x00000000e0200000| Untracked 
|   3|0x00000000e0300000, 0x00000000e0400000, 0x00000000e0400000|100%|HS|  |TAMS 0x00000000e0400000, 0x00000000e0300000| Complete 
|   4|0x00000000e0400000, 0x00000000e0500000, 0x00000000e0500000|100%|HC|  |TAMS 0x00000000e0500000, 0x00000000e0400000| Complete 
|   5|0x00000000e0500000, 0x00000000e0600000, 0x00000000e0600000|100%|HC|  |TAMS 0x00000000e0600000, 0x00000000e0500000| Complete 
|   6|0x00000000e0600000, 0x00000000e0700000, 0x00000000e0700000|100%| O|  |TAMS 0x00000000e0700000, 0x00000000e0600000| Untracked 
|   7|0x00000000e0700000, 0x00000000e0800000, 0x00000000e0800000|100%| O|  |TAMS 0x00000000e0800000, 0x00000000e0700000| Untracked 
|   8|0x00000000e0800000, 0x00000000e0900000, 0x00000000e0900000|100%| O|  |TAMS 0x00000000e0900000, 0x00000000e0800000| Untracked 
|   9|0x00000000e0900000, 0x00000000e0a00000, 0x00000000e0a00000|100%| O|  |TAMS 0x00000000e09a4200, 0x00000000e0900000| Untracked 
|  10|0x00000000e0a00000, 0x00000000e0b00000, 0x00000000e0b00000|100%| O|  |TAMS 0x00000000e0a00000, 0x00000000e0a00000| Untracked 
|  11|0x00000000e0b00000, 0x00000000e0c00000, 0x00000000e0c00000|100%| O|  |TAMS 0x00000000e0b00000, 0x00000000e0b00000| Untracked 
|  12|0x00000000e0c00000, 0x00000000e0d00000, 0x00000000e0d00000|100%| O|  |TAMS 0x00000000e0c00000, 0x00000000e0c00000| Untracked 
|  13|0x00000000e0d00000, 0x00000000e0e00000, 0x00000000e0e00000|100%| O|  |TAMS 0x00000000e0d00000, 0x00000000e0d00000| Untracked 
|  14|0x00000000e0e00000, 0x00000000e0f00000, 0x00000000e0f00000|100%| O|  |TAMS 0x00000000e0e00000, 0x00000000e0e00000| Untracked 
|  15|0x00000000e0f00000, 0x00000000e1000000, 0x00000000e1000000|100%| O|  |TAMS 0x00000000e0f00000, 0x00000000e0f00000| Untracked 
|  16|0x00000000e1000000, 0x00000000e105ac00, 0x00000000e1100000| 35%| O|  |TAMS 0x00000000e1000000, 0x00000000e1000000| Untracked 
|  17|0x00000000e1100000, 0x00000000e1100000, 0x00000000e1200000|  0%| F|  |TAMS 0x00000000e1100000, 0x00000000e1100000| Untracked 
|  18|0x00000000e1200000, 0x00000000e1200000, 0x00000000e1300000|  0%| F|  |TAMS 0x00000000e1200000, 0x00000000e1200000| Untracked 
|  19|0x00000000e1300000, 0x00000000e1300000, 0x00000000e1400000|  0%| F|  |TAMS 0x00000000e1300000, 0x00000000e1300000| Untracked 
|  20|0x00000000e1400000, 0x00000000e1400000, 0x00000000e1500000|  0%| F|  |TAMS 0x00000000e1400000, 0x00000000e1400000| Untracked 
|  21|0x00000000e1500000, 0x00000000e1500000, 0x00000000e1600000|  0%| F|  |TAMS 0x00000000e1500000, 0x00000000e1500000| Untracked 
|  22|0x00000000e1600000, 0x00000000e1600000, 0x00000000e1700000|  0%| F|  |TAMS 0x00000000e1600000, 0x00000000e1600000| Untracked 
|  23|0x00000000e1700000, 0x00000000e1700000, 0x00000000e1800000|  0%| F|  |TAMS 0x00000000e1700000, 0x00000000e1700000| Untracked 
|  24|0x00000000e1800000, 0x00000000e1800000, 0x00000000e1900000|  0%| F|  |TAMS 0x00000000e1800000, 0x00000000e1800000| Untracked 
|  25|0x00000000e1900000, 0x00000000e1900000, 0x00000000e1a00000|  0%| F|  |TAMS 0x00000000e1900000, 0x00000000e1900000| Untracked 
|  26|0x00000000e1a00000, 0x00000000e1a00000, 0x00000000e1b00000|  0%| F|  |TAMS 0x00000000e1a00000, 0x00000000e1a00000| Untracked 
|  27|0x00000000e1b00000, 0x00000000e1b00000, 0x00000000e1c00000|  0%| F|  |TAMS 0x00000000e1b00000, 0x00000000e1b00000| Untracked 
|  28|0x00000000e1c00000, 0x00000000e1c00000, 0x00000000e1d00000|  0%| F|  |TAMS 0x00000000e1c00000, 0x00000000e1c00000| Untracked 
|  29|0x00000000e1d00000, 0x00000000e1d00000, 0x00000000e1e00000|  0%| F|  |TAMS 0x00000000e1d00000, 0x00000000e1d00000| Untracked 
|  30|0x00000000e1e00000, 0x00000000e1e00000, 0x00000000e1f00000|  0%| F|  |TAMS 0x00000000e1e00000, 0x00000000e1e00000| Untracked 
|  31|0x00000000e1f00000, 0x00000000e1f00000, 0x00000000e2000000|  0%| F|  |TAMS 0x00000000e1f00000, 0x00000000e1f00000| Untracked 
|  32|0x00000000e2000000, 0x00000000e2000000, 0x00000000e2100000|  0%| F|  |TAMS 0x00000000e2000000, 0x00000000e2000000| Untracked 
|  33|0x00000000e2100000, 0x00000000e2100000, 0x00000000e2200000|  0%| F|  |TAMS 0x00000000e2100000, 0x00000000e2100000| Untracked 
|  34|0x00000000e2200000, 0x00000000e2200000, 0x00000000e2300000|  0%| F|  |TAMS 0x00000000e2200000, 0x00000000e2200000| Untracked 
|  35|0x00000000e2300000, 0x00000000e2300000, 0x00000000e2400000|  0%| F|  |TAMS 0x00000000e2300000, 0x00000000e2300000| Untracked 
|  36|0x00000000e2400000, 0x00000000e2400000, 0x00000000e2500000|  0%| F|  |TAMS 0x00000000e2400000, 0x00000000e2400000| Untracked 
|  37|0x00000000e2500000, 0x00000000e2500000, 0x00000000e2600000|  0%| F|  |TAMS 0x00000000e2500000, 0x00000000e2500000| Untracked 
|  38|0x00000000e2600000, 0x00000000e2600000, 0x00000000e2700000|  0%| F|  |TAMS 0x00000000e2600000, 0x00000000e2600000| Untracked 
|  39|0x00000000e2700000, 0x00000000e2700000, 0x00000000e2800000|  0%| F|  |TAMS 0x00000000e2700000, 0x00000000e2700000| Untracked 
|  40|0x00000000e2800000, 0x00000000e2800000, 0x00000000e2900000|  0%| F|  |TAMS 0x00000000e2800000, 0x00000000e2800000| Untracked 
|  41|0x00000000e2900000, 0x00000000e2900000, 0x00000000e2a00000|  0%| F|  |TAMS 0x00000000e2900000, 0x00000000e2900000| Untracked 
|  42|0x00000000e2a00000, 0x00000000e2a00000, 0x00000000e2b00000|  0%| F|  |TAMS 0x00000000e2a00000, 0x00000000e2a00000| Untracked 
|  43|0x00000000e2b00000, 0x00000000e2b00000, 0x00000000e2c00000|  0%| F|  |TAMS 0x00000000e2b00000, 0x00000000e2b00000| Untracked 
|  44|0x00000000e2c00000, 0x00000000e2c00000, 0x00000000e2d00000|  0%| F|  |TAMS 0x00000000e2c00000, 0x00000000e2c00000| Untracked 
|  45|0x00000000e2d00000, 0x00000000e2d00000, 0x00000000e2e00000|  0%| F|  |TAMS 0x00000000e2d00000, 0x00000000e2d00000| Untracked 
|  46|0x00000000e2e00000, 0x00000000e2e00000, 0x00000000e2f00000|  0%| F|  |TAMS 0x00000000e2e00000, 0x00000000e2e00000| Untracked 
|  47|0x00000000e2f00000, 0x00000000e2f00000, 0x00000000e3000000|  0%| F|  |TAMS 0x00000000e2f00000, 0x00000000e2f00000| Untracked 
|  48|0x00000000e3000000, 0x00000000e3000000, 0x00000000e3100000|  0%| F|  |TAMS 0x00000000e3000000, 0x00000000e3000000| Untracked 
|  49|0x00000000e3100000, 0x00000000e3100000, 0x00000000e3200000|  0%| F|  |TAMS 0x00000000e3100000, 0x00000000e3100000| Untracked 
|  50|0x00000000e3200000, 0x00000000e3200000, 0x00000000e3300000|  0%| F|  |TAMS 0x00000000e3200000, 0x00000000e3200000| Untracked 
|  51|0x00000000e3300000, 0x00000000e3300000, 0x00000000e3400000|  0%| F|  |TAMS 0x00000000e3300000, 0x00000000e3300000| Untracked 
|  52|0x00000000e3400000, 0x00000000e3400000, 0x00000000e3500000|  0%| F|  |TAMS 0x00000000e3400000, 0x00000000e3400000| Untracked 
|  53|0x00000000e3500000, 0x00000000e3500000, 0x00000000e3600000|  0%| F|  |TAMS 0x00000000e3500000, 0x00000000e3500000| Untracked 
|  54|0x00000000e3600000, 0x00000000e3600000, 0x00000000e3700000|  0%| F|  |TAMS 0x00000000e3600000, 0x00000000e3600000| Untracked 
|  55|0x00000000e3700000, 0x00000000e3700000, 0x00000000e3800000|  0%| F|  |TAMS 0x00000000e3700000, 0x00000000e3700000| Untracked 
|  56|0x00000000e3800000, 0x00000000e3800000, 0x00000000e3900000|  0%| F|  |TAMS 0x00000000e3800000, 0x00000000e3800000| Untracked 
|  57|0x00000000e3900000, 0x00000000e3900000, 0x00000000e3a00000|  0%| F|  |TAMS 0x00000000e3900000, 0x00000000e3900000| Untracked 
|  58|0x00000000e3a00000, 0x00000000e3a00000, 0x00000000e3b00000|  0%| F|  |TAMS 0x00000000e3a00000, 0x00000000e3a00000| Untracked 
|  59|0x00000000e3b00000, 0x00000000e3b00000, 0x00000000e3c00000|  0%| F|  |TAMS 0x00000000e3b00000, 0x00000000e3b00000| Untracked 
|  60|0x00000000e3c00000, 0x00000000e3c00000, 0x00000000e3d00000|  0%| F|  |TAMS 0x00000000e3c00000, 0x00000000e3c00000| Untracked 
|  61|0x00000000e3d00000, 0x00000000e3d00000, 0x00000000e3e00000|  0%| F|  |TAMS 0x00000000e3d00000, 0x00000000e3d00000| Untracked 
|  62|0x00000000e3e00000, 0x00000000e3e00000, 0x00000000e3f00000|  0%| F|  |TAMS 0x00000000e3e00000, 0x00000000e3e00000| Untracked 
|  63|0x00000000e3f00000, 0x00000000e3f00000, 0x00000000e4000000|  0%| F|  |TAMS 0x00000000e3f00000, 0x00000000e3f00000| Untracked 
|  64|0x00000000e4000000, 0x00000000e4000000, 0x00000000e4100000|  0%| F|  |TAMS 0x00000000e4000000, 0x00000000e4000000| Untracked 
|  65|0x00000000e4100000, 0x00000000e4100000, 0x00000000e4200000|  0%| F|  |TAMS 0x00000000e4100000, 0x00000000e4100000| Untracked 
|  66|0x00000000e4200000, 0x00000000e4200000, 0x00000000e4300000|  0%| F|  |TAMS 0x00000000e4200000, 0x00000000e4200000| Untracked 
|  67|0x00000000e4300000, 0x00000000e4300000, 0x00000000e4400000|  0%| F|  |TAMS 0x00000000e4300000, 0x00000000e4300000| Untracked 
|  68|0x00000000e4400000, 0x00000000e4400000, 0x00000000e4500000|  0%| F|  |TAMS 0x00000000e4400000, 0x00000000e4400000| Untracked 
|  69|0x00000000e4500000, 0x00000000e4500000, 0x00000000e4600000|  0%| F|  |TAMS 0x00000000e4500000, 0x00000000e4500000| Untracked 
|  70|0x00000000e4600000, 0x00000000e4600000, 0x00000000e4700000|  0%| F|  |TAMS 0x00000000e4600000, 0x00000000e4600000| Untracked 
|  71|0x00000000e4700000, 0x00000000e4700000, 0x00000000e4800000|  0%| F|  |TAMS 0x00000000e4700000, 0x00000000e4700000| Untracked 
|  72|0x00000000e4800000, 0x00000000e4800000, 0x00000000e4900000|  0%| F|  |TAMS 0x00000000e4800000, 0x00000000e4800000| Untracked 
|  73|0x00000000e4900000, 0x00000000e4900000, 0x00000000e4a00000|  0%| F|  |TAMS 0x00000000e4900000, 0x00000000e4900000| Untracked 
|  74|0x00000000e4a00000, 0x00000000e4a00000, 0x00000000e4b00000|  0%| F|  |TAMS 0x00000000e4a00000, 0x00000000e4a00000| Untracked 
|  75|0x00000000e4b00000, 0x00000000e4b00000, 0x00000000e4c00000|  0%| F|  |TAMS 0x00000000e4b00000, 0x00000000e4b00000| Untracked 
|  76|0x00000000e4c00000, 0x00000000e4c00000, 0x00000000e4d00000|  0%| F|  |TAMS 0x00000000e4c00000, 0x00000000e4c00000| Untracked 
|  77|0x00000000e4d00000, 0x00000000e4d00000, 0x00000000e4e00000|  0%| F|  |TAMS 0x00000000e4d00000, 0x00000000e4d00000| Untracked 
|  78|0x00000000e4e00000, 0x00000000e4e00000, 0x00000000e4f00000|  0%| F|  |TAMS 0x00000000e4e00000, 0x00000000e4e00000| Untracked 
|  79|0x00000000e4f00000, 0x00000000e4f00000, 0x00000000e5000000|  0%| F|  |TAMS 0x00000000e4f00000, 0x00000000e4f00000| Untracked 
|  80|0x00000000e5000000, 0x00000000e5000000, 0x00000000e5100000|  0%| F|  |TAMS 0x00000000e5000000, 0x00000000e5000000| Untracked 
|  81|0x00000000e5100000, 0x00000000e5100000, 0x00000000e5200000|  0%| F|  |TAMS 0x00000000e5100000, 0x00000000e5100000| Untracked 
|  82|0x00000000e5200000, 0x00000000e5200000, 0x00000000e5300000|  0%| F|  |TAMS 0x00000000e5200000, 0x00000000e5200000| Untracked 
|  83|0x00000000e5300000, 0x00000000e5300000, 0x00000000e5400000|  0%| F|  |TAMS 0x00000000e5300000, 0x00000000e5300000| Untracked 
|  84|0x00000000e5400000, 0x00000000e5400000, 0x00000000e5500000|  0%| F|  |TAMS 0x00000000e5400000, 0x00000000e5400000| Untracked 
|  85|0x00000000e5500000, 0x00000000e5500000, 0x00000000e5600000|  0%| F|  |TAMS 0x00000000e5500000, 0x00000000e5500000| Untracked 
|  86|0x00000000e5600000, 0x00000000e5600000, 0x00000000e5700000|  0%| F|  |TAMS 0x00000000e5600000, 0x00000000e5600000| Untracked 
|  87|0x00000000e5700000, 0x00000000e5700000, 0x00000000e5800000|  0%| F|  |TAMS 0x00000000e5700000, 0x00000000e5700000| Untracked 
|  88|0x00000000e5800000, 0x00000000e5800000, 0x00000000e5900000|  0%| F|  |TAMS 0x00000000e5800000, 0x00000000e5800000| Untracked 
|  89|0x00000000e5900000, 0x00000000e5900000, 0x00000000e5a00000|  0%| F|  |TAMS 0x00000000e5900000, 0x00000000e5900000| Untracked 
|  90|0x00000000e5a00000, 0x00000000e5a00000, 0x00000000e5b00000|  0%| F|  |TAMS 0x00000000e5a00000, 0x00000000e5a00000| Untracked 
|  91|0x00000000e5b00000, 0x00000000e5b00000, 0x00000000e5c00000|  0%| F|  |TAMS 0x00000000e5b00000, 0x00000000e5b00000| Untracked 
|  92|0x00000000e5c00000, 0x00000000e5c00000, 0x00000000e5d00000|  0%| F|  |TAMS 0x00000000e5c00000, 0x00000000e5c00000| Untracked 
|  93|0x00000000e5d00000, 0x00000000e5d00000, 0x00000000e5e00000|  0%| F|  |TAMS 0x00000000e5d00000, 0x00000000e5d00000| Untracked 
|  94|0x00000000e5e00000, 0x00000000e5e00000, 0x00000000e5f00000|  0%| F|  |TAMS 0x00000000e5e00000, 0x00000000e5e00000| Untracked 
|  95|0x00000000e5f00000, 0x00000000e5f00000, 0x00000000e6000000|  0%| F|  |TAMS 0x00000000e5f00000, 0x00000000e5f00000| Untracked 
|  96|0x00000000e6000000, 0x00000000e6000000, 0x00000000e6100000|  0%| F|  |TAMS 0x00000000e6000000, 0x00000000e6000000| Untracked 
|  97|0x00000000e6100000, 0x00000000e6100000, 0x00000000e6200000|  0%| F|  |TAMS 0x00000000e6100000, 0x00000000e6100000| Untracked 
|  98|0x00000000e6200000, 0x00000000e6200000, 0x00000000e6300000|  0%| F|  |TAMS 0x00000000e6200000, 0x00000000e6200000| Untracked 
|  99|0x00000000e6300000, 0x00000000e6300000, 0x00000000e6400000|  0%| F|  |TAMS 0x00000000e6300000, 0x00000000e6300000| Untracked 
| 100|0x00000000e6400000, 0x00000000e6400000, 0x00000000e6500000|  0%| F|  |TAMS 0x00000000e6400000, 0x00000000e6400000| Untracked 
| 101|0x00000000e6500000, 0x00000000e6500000, 0x00000000e6600000|  0%| F|  |TAMS 0x00000000e6500000, 0x00000000e6500000| Untracked 
| 102|0x00000000e6600000, 0x00000000e6600000, 0x00000000e6700000|  0%| F|  |TAMS 0x00000000e6600000, 0x00000000e6600000| Untracked 
| 103|0x00000000e6700000, 0x00000000e6700000, 0x00000000e6800000|  0%| F|  |TAMS 0x00000000e6700000, 0x00000000e6700000| Untracked 
| 104|0x00000000e6800000, 0x00000000e6800000, 0x00000000e6900000|  0%| F|  |TAMS 0x00000000e6800000, 0x00000000e6800000| Untracked 
| 105|0x00000000e6900000, 0x00000000e6900000, 0x00000000e6a00000|  0%| F|  |TAMS 0x00000000e6900000, 0x00000000e6900000| Untracked 
| 106|0x00000000e6a00000, 0x00000000e6a00000, 0x00000000e6b00000|  0%| F|  |TAMS 0x00000000e6a00000, 0x00000000e6a00000| Untracked 
| 107|0x00000000e6b00000, 0x00000000e6b00000, 0x00000000e6c00000|  0%| F|  |TAMS 0x00000000e6b00000, 0x00000000e6b00000| Untracked 
| 108|0x00000000e6c00000, 0x00000000e6c00000, 0x00000000e6d00000|  0%| F|  |TAMS 0x00000000e6c00000, 0x00000000e6c00000| Untracked 
| 109|0x00000000e6d00000, 0x00000000e6d00000, 0x00000000e6e00000|  0%| F|  |TAMS 0x00000000e6d00000, 0x00000000e6d00000| Untracked 
| 110|0x00000000e6e00000, 0x00000000e6e00000, 0x00000000e6f00000|  0%| F|  |TAMS 0x00000000e6e00000, 0x00000000e6e00000| Untracked 
| 111|0x00000000e6f00000, 0x00000000e6f00000, 0x00000000e7000000|  0%| F|  |TAMS 0x00000000e6f00000, 0x00000000e6f00000| Untracked 
| 112|0x00000000e7000000, 0x00000000e7000000, 0x00000000e7100000|  0%| F|  |TAMS 0x00000000e7000000, 0x00000000e7000000| Untracked 
| 113|0x00000000e7100000, 0x00000000e7100000, 0x00000000e7200000|  0%| F|  |TAMS 0x00000000e7100000, 0x00000000e7100000| Untracked 
| 114|0x00000000e7200000, 0x00000000e7200000, 0x00000000e7300000|  0%| F|  |TAMS 0x00000000e7200000, 0x00000000e7200000| Untracked 
| 115|0x00000000e7300000, 0x00000000e7300000, 0x00000000e7400000|  0%| F|  |TAMS 0x00000000e7300000, 0x00000000e7300000| Untracked 
| 116|0x00000000e7400000, 0x00000000e7400000, 0x00000000e7500000|  0%| F|  |TAMS 0x00000000e7400000, 0x00000000e7400000| Untracked 
| 117|0x00000000e7500000, 0x00000000e7500000, 0x00000000e7600000|  0%| F|  |TAMS 0x00000000e7500000, 0x00000000e7500000| Untracked 
| 118|0x00000000e7600000, 0x00000000e7600000, 0x00000000e7700000|  0%| F|  |TAMS 0x00000000e7600000, 0x00000000e7600000| Untracked 
| 119|0x00000000e7700000, 0x00000000e7700000, 0x00000000e7800000|  0%| F|  |TAMS 0x00000000e7700000, 0x00000000e7700000| Untracked 
| 120|0x00000000e7800000, 0x00000000e7800000, 0x00000000e7900000|  0%| F|  |TAMS 0x00000000e7800000, 0x00000000e7800000| Untracked 
| 121|0x00000000e7900000, 0x00000000e7900000, 0x00000000e7a00000|  0%| F|  |TAMS 0x00000000e7900000, 0x00000000e7900000| Untracked 
| 122|0x00000000e7a00000, 0x00000000e7a00000, 0x00000000e7b00000|  0%| F|  |TAMS 0x00000000e7a00000, 0x00000000e7a00000| Untracked 
| 123|0x00000000e7b00000, 0x00000000e7b00000, 0x00000000e7c00000|  0%| F|  |TAMS 0x00000000e7b00000, 0x00000000e7b00000| Untracked 
| 124|0x00000000e7c00000, 0x00000000e7c00000, 0x00000000e7d00000|  0%| F|  |TAMS 0x00000000e7c00000, 0x00000000e7c00000| Untracked 
| 125|0x00000000e7d00000, 0x00000000e7d00000, 0x00000000e7e00000|  0%| F|  |TAMS 0x00000000e7d00000, 0x00000000e7d00000| Untracked 
| 126|0x00000000e7e00000, 0x00000000e7e00000, 0x00000000e7f00000|  0%| F|  |TAMS 0x00000000e7e00000, 0x00000000e7e00000| Untracked 
| 127|0x00000000e7f00000, 0x00000000e7f00000, 0x00000000e8000000|  0%| F|  |TAMS 0x00000000e7f00000, 0x00000000e7f00000| Untracked 
| 128|0x00000000e8000000, 0x00000000e8000000, 0x00000000e8100000|  0%| F|  |TAMS 0x00000000e8000000, 0x00000000e8000000| Untracked 
| 129|0x00000000e8100000, 0x00000000e8100000, 0x00000000e8200000|  0%| F|  |TAMS 0x00000000e8100000, 0x00000000e8100000| Untracked 
| 130|0x00000000e8200000, 0x00000000e8200000, 0x00000000e8300000|  0%| F|  |TAMS 0x00000000e8200000, 0x00000000e8200000| Untracked 
| 131|0x00000000e8300000, 0x00000000e8300000, 0x00000000e8400000|  0%| F|  |TAMS 0x00000000e8300000, 0x00000000e8300000| Untracked 
| 132|0x00000000e8400000, 0x00000000e8400000, 0x00000000e8500000|  0%| F|  |TAMS 0x00000000e8400000, 0x00000000e8400000| Untracked 
| 133|0x00000000e8500000, 0x00000000e8500000, 0x00000000e8600000|  0%| F|  |TAMS 0x00000000e8500000, 0x00000000e8500000| Untracked 
| 134|0x00000000e8600000, 0x00000000e8600000, 0x00000000e8700000|  0%| F|  |TAMS 0x00000000e8600000, 0x00000000e8600000| Untracked 
| 135|0x00000000e8700000, 0x00000000e8700000, 0x00000000e8800000|  0%| F|  |TAMS 0x00000000e8700000, 0x00000000e8700000| Untracked 
| 136|0x00000000e8800000, 0x00000000e8800000, 0x00000000e8900000|  0%| F|  |TAMS 0x00000000e8800000, 0x00000000e8800000| Untracked 
| 137|0x00000000e8900000, 0x00000000e8900000, 0x00000000e8a00000|  0%| F|  |TAMS 0x00000000e8900000, 0x00000000e8900000| Untracked 
| 138|0x00000000e8a00000, 0x00000000e8a00000, 0x00000000e8b00000|  0%| F|  |TAMS 0x00000000e8a00000, 0x00000000e8a00000| Untracked 
| 139|0x00000000e8b00000, 0x00000000e8b00000, 0x00000000e8c00000|  0%| F|  |TAMS 0x00000000e8b00000, 0x00000000e8b00000| Untracked 
| 140|0x00000000e8c00000, 0x00000000e8c00000, 0x00000000e8d00000|  0%| F|  |TAMS 0x00000000e8c00000, 0x00000000e8c00000| Untracked 
| 141|0x00000000e8d00000, 0x00000000e8d00000, 0x00000000e8e00000|  0%| F|  |TAMS 0x00000000e8d00000, 0x00000000e8d00000| Untracked 
| 142|0x00000000e8e00000, 0x00000000e8e00000, 0x00000000e8f00000|  0%| F|  |TAMS 0x00000000e8e00000, 0x00000000e8e00000| Untracked 
| 143|0x00000000e8f00000, 0x00000000e8f00000, 0x00000000e9000000|  0%| F|  |TAMS 0x00000000e8f00000, 0x00000000e8f00000| Untracked 
| 144|0x00000000e9000000, 0x00000000e9000000, 0x00000000e9100000|  0%| F|  |TAMS 0x00000000e9000000, 0x00000000e9000000| Untracked 
| 145|0x00000000e9100000, 0x00000000e9100000, 0x00000000e9200000|  0%| F|  |TAMS 0x00000000e9100000, 0x00000000e9100000| Untracked 
| 146|0x00000000e9200000, 0x00000000e9200000, 0x00000000e9300000|  0%| F|  |TAMS 0x00000000e9200000, 0x00000000e9200000| Untracked 
| 147|0x00000000e9300000, 0x00000000e9300000, 0x00000000e9400000|  0%| F|  |TAMS 0x00000000e9300000, 0x00000000e9300000| Untracked 
| 148|0x00000000e9400000, 0x00000000e9400000, 0x00000000e9500000|  0%| F|  |TAMS 0x00000000e9400000, 0x00000000e9400000| Untracked 
| 149|0x00000000e9500000, 0x00000000e9500000, 0x00000000e9600000|  0%| F|  |TAMS 0x00000000e9500000, 0x00000000e9500000| Untracked 
| 150|0x00000000e9600000, 0x00000000e9600000, 0x00000000e9700000|  0%| F|  |TAMS 0x00000000e9600000, 0x00000000e9600000| Untracked 
| 151|0x00000000e9700000, 0x00000000e9700000, 0x00000000e9800000|  0%| F|  |TAMS 0x00000000e9700000, 0x00000000e9700000| Untracked 
| 152|0x00000000e9800000, 0x00000000e9800000, 0x00000000e9900000|  0%| F|  |TAMS 0x00000000e9800000, 0x00000000e9800000| Untracked 
| 153|0x00000000e9900000, 0x00000000e9900000, 0x00000000e9a00000|  0%| F|  |TAMS 0x00000000e9900000, 0x00000000e9900000| Untracked 
| 154|0x00000000e9a00000, 0x00000000e9a00000, 0x00000000e9b00000|  0%| F|  |TAMS 0x00000000e9a00000, 0x00000000e9a00000| Untracked 
| 155|0x00000000e9b00000, 0x00000000e9b00000, 0x00000000e9c00000|  0%| F|  |TAMS 0x00000000e9b00000, 0x00000000e9b00000| Untracked 
| 156|0x00000000e9c00000, 0x00000000e9c00000, 0x00000000e9d00000|  0%| F|  |TAMS 0x00000000e9c00000, 0x00000000e9c00000| Untracked 
| 157|0x00000000e9d00000, 0x00000000e9d00000, 0x00000000e9e00000|  0%| F|  |TAMS 0x00000000e9d00000, 0x00000000e9d00000| Untracked 
| 158|0x00000000e9e00000, 0x00000000e9e00000, 0x00000000e9f00000|  0%| F|  |TAMS 0x00000000e9e00000, 0x00000000e9e00000| Untracked 
| 159|0x00000000e9f00000, 0x00000000e9f00000, 0x00000000ea000000|  0%| F|  |TAMS 0x00000000e9f00000, 0x00000000e9f00000| Untracked 
| 160|0x00000000ea000000, 0x00000000ea000000, 0x00000000ea100000|  0%| F|  |TAMS 0x00000000ea000000, 0x00000000ea000000| Untracked 
| 161|0x00000000ea100000, 0x00000000ea100000, 0x00000000ea200000|  0%| F|  |TAMS 0x00000000ea100000, 0x00000000ea100000| Untracked 
| 162|0x00000000ea200000, 0x00000000ea200000, 0x00000000ea300000|  0%| F|  |TAMS 0x00000000ea200000, 0x00000000ea200000| Untracked 
| 163|0x00000000ea300000, 0x00000000ea300000, 0x00000000ea400000|  0%| F|  |TAMS 0x00000000ea300000, 0x00000000ea300000| Untracked 
| 164|0x00000000ea400000, 0x00000000ea400000, 0x00000000ea500000|  0%| F|  |TAMS 0x00000000ea400000, 0x00000000ea400000| Untracked 
| 165|0x00000000ea500000, 0x00000000ea500000, 0x00000000ea600000|  0%| F|  |TAMS 0x00000000ea500000, 0x00000000ea500000| Untracked 
| 166|0x00000000ea600000, 0x00000000ea600000, 0x00000000ea700000|  0%| F|  |TAMS 0x00000000ea600000, 0x00000000ea600000| Untracked 
| 167|0x00000000ea700000, 0x00000000ea700000, 0x00000000ea800000|  0%| F|  |TAMS 0x00000000ea700000, 0x00000000ea700000| Untracked 
| 168|0x00000000ea800000, 0x00000000ea800000, 0x00000000ea900000|  0%| F|  |TAMS 0x00000000ea800000, 0x00000000ea800000| Untracked 
| 169|0x00000000ea900000, 0x00000000ea900000, 0x00000000eaa00000|  0%| F|  |TAMS 0x00000000ea900000, 0x00000000ea900000| Untracked 
| 170|0x00000000eaa00000, 0x00000000eaa00000, 0x00000000eab00000|  0%| F|  |TAMS 0x00000000eaa00000, 0x00000000eaa00000| Untracked 
| 171|0x00000000eab00000, 0x00000000eab00000, 0x00000000eac00000|  0%| F|  |TAMS 0x00000000eab00000, 0x00000000eab00000| Untracked 
| 172|0x00000000eac00000, 0x00000000eac00000, 0x00000000ead00000|  0%| F|  |TAMS 0x00000000eac00000, 0x00000000eac00000| Untracked 
| 173|0x00000000ead00000, 0x00000000ead00000, 0x00000000eae00000|  0%| F|  |TAMS 0x00000000ead00000, 0x00000000ead00000| Untracked 
| 174|0x00000000eae00000, 0x00000000eae00000, 0x00000000eaf00000|  0%| F|  |TAMS 0x00000000eae00000, 0x00000000eae00000| Untracked 
| 175|0x00000000eaf00000, 0x00000000eaf00000, 0x00000000eb000000|  0%| F|  |TAMS 0x00000000eaf00000, 0x00000000eaf00000| Untracked 
| 176|0x00000000eb000000, 0x00000000eb000000, 0x00000000eb100000|  0%| F|  |TAMS 0x00000000eb000000, 0x00000000eb000000| Untracked 
| 177|0x00000000eb100000, 0x00000000eb200000, 0x00000000eb200000|100%| E|  |TAMS 0x00000000eb100000, 0x00000000eb100000| Complete 
| 178|0x00000000eb200000, 0x00000000eb300000, 0x00000000eb300000|100%| E|CS|TAMS 0x00000000eb200000, 0x00000000eb200000| Complete 
| 179|0x00000000eb300000, 0x00000000eb400000, 0x00000000eb400000|100%| E|CS|TAMS 0x00000000eb300000, 0x00000000eb300000| Complete 
| 180|0x00000000eb400000, 0x00000000eb500000, 0x00000000eb500000|100%| E|CS|TAMS 0x00000000eb400000, 0x00000000eb400000| Complete 
| 181|0x00000000eb500000, 0x00000000eb600000, 0x00000000eb600000|100%| E|CS|TAMS 0x00000000eb500000, 0x00000000eb500000| Complete 
| 182|0x00000000eb600000, 0x00000000eb700000, 0x00000000eb700000|100%| E|CS|TAMS 0x00000000eb600000, 0x00000000eb600000| Complete 
| 183|0x00000000eb700000, 0x00000000eb800000, 0x00000000eb800000|100%| E|CS|TAMS 0x00000000eb700000, 0x00000000eb700000| Complete 
| 184|0x00000000eb800000, 0x00000000eb900000, 0x00000000eb900000|100%| E|CS|TAMS 0x00000000eb800000, 0x00000000eb800000| Complete 
| 185|0x00000000eb900000, 0x00000000eba00000, 0x00000000eba00000|100%| E|CS|TAMS 0x00000000eb900000, 0x00000000eb900000| Complete 
| 186|0x00000000eba00000, 0x00000000ebb00000, 0x00000000ebb00000|100%| E|CS|TAMS 0x00000000eba00000, 0x00000000eba00000| Complete 
| 187|0x00000000ebb00000, 0x00000000ebc00000, 0x00000000ebc00000|100%| E|CS|TAMS 0x00000000ebb00000, 0x00000000ebb00000| Complete 
| 188|0x00000000ebc00000, 0x00000000ebd00000, 0x00000000ebd00000|100%| E|CS|TAMS 0x00000000ebc00000, 0x00000000ebc00000| Complete 
| 189|0x00000000ebd00000, 0x00000000ebe00000, 0x00000000ebe00000|100%| E|CS|TAMS 0x00000000ebd00000, 0x00000000ebd00000| Complete 
| 190|0x00000000ebe00000, 0x00000000ebf00000, 0x00000000ebf00000|100%| E|CS|TAMS 0x00000000ebe00000, 0x00000000ebe00000| Complete 
| 191|0x00000000ebf00000, 0x00000000ec000000, 0x00000000ec000000|100%| E|CS|TAMS 0x00000000ebf00000, 0x00000000ebf00000| Complete 
| 192|0x00000000ec000000, 0x00000000ec100000, 0x00000000ec100000|100%| E|CS|TAMS 0x00000000ec000000, 0x00000000ec000000| Complete 
| 193|0x00000000ec100000, 0x00000000ec200000, 0x00000000ec200000|100%| E|CS|TAMS 0x00000000ec100000, 0x00000000ec100000| Complete 
| 194|0x00000000ec200000, 0x00000000ec300000, 0x00000000ec300000|100%| E|CS|TAMS 0x00000000ec200000, 0x00000000ec200000| Complete 
| 195|0x00000000ec300000, 0x00000000ec400000, 0x00000000ec400000|100%| E|CS|TAMS 0x00000000ec300000, 0x00000000ec300000| Complete 
| 196|0x00000000ec400000, 0x00000000ec500000, 0x00000000ec500000|100%| E|CS|TAMS 0x00000000ec400000, 0x00000000ec400000| Complete 
| 197|0x00000000ec500000, 0x00000000ec600000, 0x00000000ec600000|100%| E|CS|TAMS 0x00000000ec500000, 0x00000000ec500000| Complete 
| 198|0x00000000ec600000, 0x00000000ec700000, 0x00000000ec700000|100%| E|CS|TAMS 0x00000000ec600000, 0x00000000ec600000| Complete 
| 199|0x00000000ec700000, 0x00000000ec800000, 0x00000000ec800000|100%| E|CS|TAMS 0x00000000ec700000, 0x00000000ec700000| Complete 
| 200|0x00000000ec800000, 0x00000000ec900000, 0x00000000ec900000|100%| E|CS|TAMS 0x00000000ec800000, 0x00000000ec800000| Complete 
| 201|0x00000000ec900000, 0x00000000eca00000, 0x00000000eca00000|100%| E|CS|TAMS 0x00000000ec900000, 0x00000000ec900000| Complete 
| 202|0x00000000eca00000, 0x00000000ecb00000, 0x00000000ecb00000|100%| E|CS|TAMS 0x00000000eca00000, 0x00000000eca00000| Complete 
| 203|0x00000000ecb00000, 0x00000000ecc00000, 0x00000000ecc00000|100%| E|CS|TAMS 0x00000000ecb00000, 0x00000000ecb00000| Complete 
| 204|0x00000000ecc00000, 0x00000000ecd00000, 0x00000000ecd00000|100%| E|CS|TAMS 0x00000000ecc00000, 0x00000000ecc00000| Complete 
| 205|0x00000000ecd00000, 0x00000000ece00000, 0x00000000ece00000|100%| E|CS|TAMS 0x00000000ecd00000, 0x00000000ecd00000| Complete 
| 206|0x00000000ece00000, 0x00000000ecf00000, 0x00000000ecf00000|100%| E|CS|TAMS 0x00000000ece00000, 0x00000000ece00000| Complete 
| 207|0x00000000ecf00000, 0x00000000ed000000, 0x00000000ed000000|100%| E|CS|TAMS 0x00000000ecf00000, 0x00000000ecf00000| Complete 
| 208|0x00000000ed000000, 0x00000000ed100000, 0x00000000ed100000|100%| E|CS|TAMS 0x00000000ed000000, 0x00000000ed000000| Complete 
| 209|0x00000000ed100000, 0x00000000ed200000, 0x00000000ed200000|100%| E|CS|TAMS 0x00000000ed100000, 0x00000000ed100000| Complete 
| 210|0x00000000ed200000, 0x00000000ed300000, 0x00000000ed300000|100%| E|CS|TAMS 0x00000000ed200000, 0x00000000ed200000| Complete 
| 211|0x00000000ed300000, 0x00000000ed400000, 0x00000000ed400000|100%| E|CS|TAMS 0x00000000ed300000, 0x00000000ed300000| Complete 
| 212|0x00000000ed400000, 0x00000000ed500000, 0x00000000ed500000|100%| E|CS|TAMS 0x00000000ed400000, 0x00000000ed400000| Complete 
| 213|0x00000000ed500000, 0x00000000ed600000, 0x00000000ed600000|100%| E|CS|TAMS 0x00000000ed500000, 0x00000000ed500000| Complete 
| 214|0x00000000ed600000, 0x00000000ed700000, 0x00000000ed700000|100%| E|CS|TAMS 0x00000000ed600000, 0x00000000ed600000| Complete 
| 215|0x00000000ed700000, 0x00000000ed800000, 0x00000000ed800000|100%| E|CS|TAMS 0x00000000ed700000, 0x00000000ed700000| Complete 
| 216|0x00000000ed800000, 0x00000000ed900000, 0x00000000ed900000|100%| E|CS|TAMS 0x00000000ed800000, 0x00000000ed800000| Complete 
| 217|0x00000000ed900000, 0x00000000eda00000, 0x00000000eda00000|100%| E|CS|TAMS 0x00000000ed900000, 0x00000000ed900000| Complete 
| 218|0x00000000eda00000, 0x00000000edb00000, 0x00000000edb00000|100%| E|CS|TAMS 0x00000000eda00000, 0x00000000eda00000| Complete 
| 219|0x00000000edb00000, 0x00000000edc00000, 0x00000000edc00000|100%| E|CS|TAMS 0x00000000edb00000, 0x00000000edb00000| Complete 
| 220|0x00000000edc00000, 0x00000000edd00000, 0x00000000edd00000|100%| E|CS|TAMS 0x00000000edc00000, 0x00000000edc00000| Complete 
| 221|0x00000000edd00000, 0x00000000ede00000, 0x00000000ede00000|100%| E|CS|TAMS 0x00000000edd00000, 0x00000000edd00000| Complete 
| 222|0x00000000ede00000, 0x00000000edf00000, 0x00000000edf00000|100%| E|CS|TAMS 0x00000000ede00000, 0x00000000ede00000| Complete 
| 223|0x00000000edf00000, 0x00000000ee000000, 0x00000000ee000000|100%| E|CS|TAMS 0x00000000edf00000, 0x00000000edf00000| Complete 
| 224|0x00000000ee000000, 0x00000000ee100000, 0x00000000ee100000|100%| E|CS|TAMS 0x00000000ee000000, 0x00000000ee000000| Complete 
| 225|0x00000000ee100000, 0x00000000ee176c50, 0x00000000ee200000| 46%| S|CS|TAMS 0x00000000ee100000, 0x00000000ee100000| Complete 
| 226|0x00000000ee200000, 0x00000000ee300000, 0x00000000ee300000|100%| S|CS|TAMS 0x00000000ee200000, 0x00000000ee200000| Complete 
| 227|0x00000000ee300000, 0x00000000ee400000, 0x00000000ee400000|100%| E|CS|TAMS 0x00000000ee300000, 0x00000000ee300000| Complete 
| 228|0x00000000ee400000, 0x00000000ee500000, 0x00000000ee500000|100%| E|CS|TAMS 0x00000000ee400000, 0x00000000ee400000| Complete 
| 229|0x00000000ee500000, 0x00000000ee600000, 0x00000000ee600000|100%| E|CS|TAMS 0x00000000ee500000, 0x00000000ee500000| Complete 
| 230|0x00000000ee600000, 0x00000000ee700000, 0x00000000ee700000|100%| E|CS|TAMS 0x00000000ee600000, 0x00000000ee600000| Complete 
| 231|0x00000000ee700000, 0x00000000ee800000, 0x00000000ee800000|100%| E|CS|TAMS 0x00000000ee700000, 0x00000000ee700000| Complete 
| 232|0x00000000ee800000, 0x00000000ee900000, 0x00000000ee900000|100%| E|CS|TAMS 0x00000000ee800000, 0x00000000ee800000| Complete 
| 233|0x00000000ee900000, 0x00000000eea00000, 0x00000000eea00000|100%| E|CS|TAMS 0x00000000ee900000, 0x00000000ee900000| Complete 
| 234|0x00000000eea00000, 0x00000000eeb00000, 0x00000000eeb00000|100%| E|CS|TAMS 0x00000000eea00000, 0x00000000eea00000| Complete 
| 235|0x00000000eeb00000, 0x00000000eec00000, 0x00000000eec00000|100%| E|CS|TAMS 0x00000000eeb00000, 0x00000000eeb00000| Complete 
| 236|0x00000000eec00000, 0x00000000eed00000, 0x00000000eed00000|100%| E|CS|TAMS 0x00000000eec00000, 0x00000000eec00000| Complete 
| 237|0x00000000eed00000, 0x00000000eee00000, 0x00000000eee00000|100%| E|CS|TAMS 0x00000000eed00000, 0x00000000eed00000| Complete 
| 238|0x00000000eee00000, 0x00000000eef00000, 0x00000000eef00000|100%| E|CS|TAMS 0x00000000eee00000, 0x00000000eee00000| Complete 
| 239|0x00000000eef00000, 0x00000000ef000000, 0x00000000ef000000|100%| E|CS|TAMS 0x00000000eef00000, 0x00000000eef00000| Complete 
| 240|0x00000000ef000000, 0x00000000ef100000, 0x00000000ef100000|100%| E|CS|TAMS 0x00000000ef000000, 0x00000000ef000000| Complete 
| 241|0x00000000ef100000, 0x00000000ef200000, 0x00000000ef200000|100%| E|CS|TAMS 0x00000000ef100000, 0x00000000ef100000| Complete 
| 242|0x00000000ef200000, 0x00000000ef300000, 0x00000000ef300000|100%| E|CS|TAMS 0x00000000ef200000, 0x00000000ef200000| Complete 
| 243|0x00000000ef300000, 0x00000000ef400000, 0x00000000ef400000|100%| E|CS|TAMS 0x00000000ef300000, 0x00000000ef300000| Complete 
| 244|0x00000000ef400000, 0x00000000ef500000, 0x00000000ef500000|100%| E|CS|TAMS 0x00000000ef400000, 0x00000000ef400000| Complete 
| 245|0x00000000ef500000, 0x00000000ef600000, 0x00000000ef600000|100%| E|CS|TAMS 0x00000000ef500000, 0x00000000ef500000| Complete 
| 246|0x00000000ef600000, 0x00000000ef700000, 0x00000000ef700000|100%| E|CS|TAMS 0x00000000ef600000, 0x00000000ef600000| Complete 
| 247|0x00000000ef700000, 0x00000000ef800000, 0x00000000ef800000|100%| E|CS|TAMS 0x00000000ef700000, 0x00000000ef700000| Complete 
| 248|0x00000000ef800000, 0x00000000ef900000, 0x00000000ef900000|100%| E|CS|TAMS 0x00000000ef800000, 0x00000000ef800000| Complete 
| 249|0x00000000ef900000, 0x00000000efa00000, 0x00000000efa00000|100%| E|CS|TAMS 0x00000000ef900000, 0x00000000ef900000| Complete 
| 250|0x00000000efa00000, 0x00000000efb00000, 0x00000000efb00000|100%| E|CS|TAMS 0x00000000efa00000, 0x00000000efa00000| Complete 
| 251|0x00000000efb00000, 0x00000000efc00000, 0x00000000efc00000|100%| E|CS|TAMS 0x00000000efb00000, 0x00000000efb00000| Complete 
| 252|0x00000000efc00000, 0x00000000efd00000, 0x00000000efd00000|100%| E|CS|TAMS 0x00000000efc00000, 0x00000000efc00000| Complete 
| 253|0x00000000efd00000, 0x00000000efe00000, 0x00000000efe00000|100%| E|CS|TAMS 0x00000000efd00000, 0x00000000efd00000| Complete 
| 254|0x00000000efe00000, 0x00000000eff00000, 0x00000000eff00000|100%| E|CS|TAMS 0x00000000efe00000, 0x00000000efe00000| Complete 
| 255|0x00000000eff00000, 0x00000000f0000000, 0x00000000f0000000|100%| E|CS|TAMS 0x00000000eff00000, 0x00000000eff00000| Complete 

Card table byte_map: [0x00000186d8cc0000,0x00000186d8dc0000] _byte_map_base: 0x00000186d85c0000

Marking Bits (Prev, Next): (CMBitMap*) 0x00000186c0f37970, (CMBitMap*) 0x00000186c0f37938
 Prev Bits: [0x00000186d96c0000, 0x00000186d9ec0000)
 Next Bits: [0x00000186d8ec0000, 0x00000186d96c0000)

Polling page: 0x00000186beef0000

Metaspace:

Usage:
  Non-class:     27.89 MB capacity,    27.37 MB ( 98%) used,   464.97 KB (  2%) free+waste,    68.13 KB ( <1%) overhead. 
      Class:      4.34 MB capacity,     4.07 MB ( 94%) used,   245.29 KB (  6%) free+waste,    33.69 KB ( <1%) overhead. 
       Both:     32.23 MB capacity,    31.44 MB ( 98%) used,   710.26 KB (  2%) free+waste,   101.81 KB ( <1%) overhead. 

Virtual space:
  Non-class space:       28.00 MB reserved,      27.92 MB (>99%) committed 
      Class space:      248.00 MB reserved,       4.38 MB (  2%) committed 
             Both:      276.00 MB reserved,      32.30 MB ( 12%) committed 

Chunk freelists:
   Non-Class:  34.00 KB
       Class:  0 bytes
        Both:  34.00 KB

MaxMetaspaceSize: 256.00 MB
CompressedClassSpaceSize: 248.00 MB
Initial GC threshold: 20.80 MB
Current GC threshold: 35.08 MB
CDS: off

CodeHeap 'non-profiled nmethods': size=120000Kb used=1388Kb max_used=1388Kb free=118611Kb
 bounds [0x00000186d1140000, 0x00000186d13b0000, 0x00000186d8670000]
CodeHeap 'profiled nmethods': size=120000Kb used=5634Kb max_used=5634Kb free=114366Kb
 bounds [0x00000186c9c10000, 0x00000186ca1a0000, 0x00000186d1140000]
CodeHeap 'non-nmethods': size=5760Kb used=1233Kb max_used=1267Kb free=4526Kb
 bounds [0x00000186c9670000, 0x00000186c98e0000, 0x00000186c9c10000]
 total_blobs=3189 nmethods=2678 adapters=423
 compilation: enabled
              stopped_count=0, restarted_count=0
 full_count=0

Compilation events (20 events):
Event: 2.595 Thread 0x00000186dd4d9000 nmethod 2636 0x00000186ca17d290 code [0x00000186ca17d4c0, 0x00000186ca17dbb8]
Event: 2.595 Thread 0x00000186dd4d9000 2637       3       org.codehaus.groovy.vmplugin.v9.Java9$$Lambda$268/0x0000000100454040::get$Lambda (9 bytes)
Event: 2.595 Thread 0x00000186dd4d9000 nmethod 2637 0x00000186ca17de10 code [0x00000186ca17dfe0, 0x00000186ca17e238]
Event: 2.595 Thread 0x00000186dd4d9000 2638       3       org.codehaus.groovy.vmplugin.v9.Java9$$Lambda$268/0x0000000100454040::<init> (10 bytes)
Event: 2.595 Thread 0x00000186dd4d9000 nmethod 2638 0x00000186ca17e310 code [0x00000186ca17e4c0, 0x00000186ca17e678]
Event: 2.598 Thread 0x00000186e0685800 nmethod 2630 0x00000186d1297110 code [0x00000186d1297300, 0x00000186d12976a8]
Event: 2.598 Thread 0x00000186e0685800 2631       4       java.util.stream.MatchOps$1MatchSink::accept (44 bytes)
Event: 2.599 Thread 0x00000186e0685800 nmethod 2631 0x00000186d1297a90 code [0x00000186d1297c40, 0x00000186d1297da8]
Event: 2.599 Thread 0x00000186e0685800 2635       4       org.codehaus.groovy.vmplugin.v9.Java9::lambda$isExported$11 (24 bytes)
Event: 2.600 Thread 0x00000186e0685800 nmethod 2635 0x00000186d1297f90 code [0x00000186d1298120, 0x00000186d1298318]
Event: 2.600 Thread 0x00000186e0685800 2634       4       org.codehaus.groovy.vmplugin.v9.Java9$$Lambda$268/0x0000000100454040::test (12 bytes)
Event: 2.600 Thread 0x00000186e0685800 nmethod 2634 0x00000186d1298490 code [0x00000186d1298640, 0x00000186d1298708]
Event: 2.600 Thread 0x00000186e0685800 2571       4       java.util.HashMap::hash (20 bytes)
Event: 2.601 Thread 0x00000186e0685800 nmethod 2571 0x00000186d1298810 code [0x00000186d12989a0, 0x00000186d1298a58]
Event: 2.601 Thread 0x00000186e0685800 2558       4       java.lang.Class::cast (27 bytes)
Event: 2.602 Thread 0x00000186e0685800 nmethod 2558 0x00000186d1298b10 code [0x00000186d1298ca0, 0x00000186d1298d98]
Event: 2.602 Thread 0x00000186e0685800 2569       4       java.lang.invoke.MemberName::getReferenceKind (12 bytes)
Event: 2.602 Thread 0x00000186e0685800 nmethod 2569 0x00000186d1298e90 code [0x00000186d1299020, 0x00000186d1299098]
Event: 2.602 Thread 0x00000186e0685800 2639       4       java.util.stream.ReferencePipeline::forEachWithCancel (23 bytes)
Event: 2.607 Thread 0x00000186dd4d9000 2640       3       java.lang.Class::getDeclaredConstructors (27 bytes)

GC Heap History (6 events):
Event: 0.413 GC heap before
{Heap before GC invocations=0 (full 0):
 garbage-first heap   total 262144K, used 29696K [0x00000000e0000000, 0x0000000100000000)
  region size 1024K, 24 young (24576K), 0 survivors (0K)
 Metaspace       used 10181K, capacity 10482K, committed 10624K, reserved 264192K
  class space    used 1041K, capacity 1138K, committed 1152K, reserved 253952K
}
Event: 0.416 GC heap after
{Heap after GC invocations=1 (full 0):
 garbage-first heap   total 262144K, used 9872K [0x00000000e0000000, 0x0000000100000000)
  region size 1024K, 3 young (3072K), 3 survivors (3072K)
 Metaspace       used 10181K, capacity 10482K, committed 10624K, reserved 264192K
  class space    used 1041K, capacity 1138K, committed 1152K, reserved 253952K
}
Event: 1.700 GC heap before
{Heap before GC invocations=1 (full 0):
 garbage-first heap   total 262144K, used 103056K [0x00000000e0000000, 0x0000000100000000)
  region size 1024K, 94 young (96256K), 3 survivors (3072K)
 Metaspace       used 20706K, capacity 21175K, committed 21296K, reserved 274432K
  class space    used 2497K, capacity 2667K, committed 2688K, reserved 253952K
}
Event: 1.706 GC heap after
{Heap after GC invocations=2 (full 0):
 garbage-first heap   total 262144K, used 16898K [0x00000000e0000000, 0x0000000100000000)
  region size 1024K, 10 young (10240K), 10 survivors (10240K)
 Metaspace       used 20706K, capacity 21175K, committed 21296K, reserved 274432K
  class space    used 2497K, capacity 2667K, committed 2688K, reserved 253952K
}
Event: 1.881 GC heap before
{Heap before GC invocations=3 (full 0):
 garbage-first heap   total 262144K, used 45570K [0x00000000e0000000, 0x0000000100000000)
  region size 1024K, 39 young (39936K), 10 survivors (10240K)
 Metaspace       used 23688K, capacity 24263K, committed 24368K, reserved 276480K
  class space    used 2931K, capacity 3121K, committed 3200K, reserved 253952K
}
Event: 1.886 GC heap after
{Heap after GC invocations=4 (full 0):
 garbage-first heap   total 262144K, used 18246K [0x00000000e0000000, 0x0000000100000000)
  region size 1024K, 2 young (2048K), 2 survivors (2048K)
 Metaspace       used 23688K, capacity 24263K, committed 24368K, reserved 276480K
  class space    used 2931K, capacity 3121K, committed 3200K, reserved 253952K
}

Deoptimization events (20 events):
Event: 2.222 Thread 0x00000186de9f9800 Uncommon trap: trap_request=0xffffff4d fr.pc=0x00000186d1198e64 relative=0x00000000000001a4
Event: 2.222 Thread 0x00000186de9f9800 Uncommon trap: reason=unstable_if action=reinterpret pc=0x00000186d1198e64 method=java.net.URI.match(CJJ)Z @ 19 c2
Event: 2.222 Thread 0x00000186de9f9800 DEOPT PACKING pc=0x00000186d1198e64 sp=0x0000006cdcbfa820
Event: 2.222 Thread 0x00000186de9f9800 DEOPT UNPACKING pc=0x00000186c96ba1af sp=0x0000006cdcbfa720 mode 2
Event: 2.279 Thread 0x00000186de9f9800 Uncommon trap: trap_request=0xffffffcc fr.pc=0x00000186d12621e8 relative=0x0000000000000328
Event: 2.279 Thread 0x00000186de9f9800 Uncommon trap: reason=intrinsic_or_type_checked_inlining action=make_not_entrant pc=0x00000186d12621e8 method=java.util.Arrays.copyOf([Ljava/lang/Object;ILjava/lang/Class;)[Ljava/lang/Object; @ 35 c2
Event: 2.279 Thread 0x00000186de9f9800 DEOPT PACKING pc=0x00000186d12621e8 sp=0x0000006cdcbf8ed0
Event: 2.279 Thread 0x00000186de9f9800 DEOPT UNPACKING pc=0x00000186c96ba1af sp=0x0000006cdcbf8e60 mode 2
Event: 2.326 Thread 0x00000186de9f9800 Uncommon trap: trap_request=0xffffff4d fr.pc=0x00000186d121d74c relative=0x000000000000020c
Event: 2.326 Thread 0x00000186de9f9800 Uncommon trap: reason=unstable_if action=reinterpret pc=0x00000186d121d74c method=java.util.HashMap.hash(Ljava/lang/Object;)I @ 1 c2
Event: 2.326 Thread 0x00000186de9f9800 DEOPT PACKING pc=0x00000186d121d74c sp=0x0000006cdcbf8a80
Event: 2.326 Thread 0x00000186de9f9800 DEOPT UNPACKING pc=0x00000186c96ba1af sp=0x0000006cdcbf89b8 mode 2
Event: 2.481 Thread 0x00000186de9f9800 Uncommon trap: trap_request=0xffffff4d fr.pc=0x00000186d127cae4 relative=0x00000000000001a4
Event: 2.481 Thread 0x00000186de9f9800 Uncommon trap: reason=unstable_if action=reinterpret pc=0x00000186d127cae4 method=java.util.regex.Pattern$BmpCharProperty.match(Ljava/util/regex/Matcher;ILjava/lang/CharSequence;)Z @ 39 c2
Event: 2.481 Thread 0x00000186de9f9800 DEOPT PACKING pc=0x00000186d127cae4 sp=0x0000006cdcbf9440
Event: 2.481 Thread 0x00000186de9f9800 DEOPT UNPACKING pc=0x00000186c96ba1af sp=0x0000006cdcbf93f0 mode 2
Event: 2.511 Thread 0x00000186de9f9800 Uncommon trap: trap_request=0xffffff4d fr.pc=0x00000186d12350bc relative=0x000000000000023c
Event: 2.511 Thread 0x00000186de9f9800 Uncommon trap: reason=unstable_if action=reinterpret pc=0x00000186d12350bc method=java.util.HashMap.putVal(ILjava/lang/Object;Ljava/lang/Object;ZZ)Ljava/lang/Object; @ 162 c2
Event: 2.511 Thread 0x00000186de9f9800 DEOPT PACKING pc=0x00000186d12350bc sp=0x0000006cdcbfa5f0
Event: 2.511 Thread 0x00000186de9f9800 DEOPT UNPACKING pc=0x00000186c96ba1af sp=0x0000006cdcbfa500 mode 2

Classes redefined (0 events):
No events

Internal exceptions (20 events):
Event: 2.036 Thread 0x00000186de9f9800 Exception <a 'java/lang/NoSuchMethodError'{0x00000000eea3cd90}: 'void java.lang.invoke.DirectMethodHandle$Holder.invokeStatic(java.lang.Object, java.lang.Object, java.lang.Object, java.lang.Object)'> (0x00000000eea3cd90) thrown at [./src/hotspot/share/interpreter/linkResolver.cpp, line 773]
Event: 2.201 Thread 0x00000186de9f9800 Exception <a 'java/lang/NoSuchMethodError'{0x00000000eea6c4f8}: 'java.lang.Object java.lang.invoke.DirectMethodHandle$Holder.invokeVirtual(java.lang.Object, java.lang.Object, java.lang.Object)'> (0x00000000eea6c4f8) thrown at [./src/hotspot/share/interpreter/linkResolver.cpp, line 773]
Event: 2.202 Thread 0x00000186de9f9800 Exception <a 'java/lang/NoSuchMethodError'{0x00000000eead6f88}: 'int java.lang.invoke.DirectMethodHandle$Holder.invokeVirtual(java.lang.Object, java.lang.Object)'> (0x00000000eead6f88) thrown at [./src/hotspot/share/interpreter/linkResolver.cpp, line 773]
Event: 2.205 Thread 0x00000186de9f9800 Exception <a 'java/lang/NoSuchMethodError'{0x00000000ee911ba0}: 'int java.lang.invoke.DirectMethodHandle$Holder.invokeVirtual(java.lang.Object, java.lang.Object, java.lang.Object)'> (0x00000000ee911ba0) thrown at [./src/hotspot/share/interpreter/linkResolver.cpp, line 773]
Event: 2.216 Thread 0x00000186de9f9800 Exception <a 'java/lang/NoSuchMethodError'{0x00000000ee8486d8}: 'void java.lang.invoke.DirectMethodHandle$Holder.invokeSpecial(java.lang.Object, java.lang.Object)'> (0x00000000ee8486d8) thrown at [./src/hotspot/share/interpreter/linkResolver.cpp, line 773]
Event: 2.264 Thread 0x00000186de9f9800 Exception <a 'java/lang/NoSuchMethodError'{0x00000000edc32dc0}: 'java.lang.Object java.lang.invoke.DirectMethodHandle$Holder.invokeSpecialIFC(java.lang.Object, java.lang.Object, java.lang.Object, java.lang.Object)'> (0x00000000edc32dc0) thrown at [./src/hotspot/share/interpreter/linkResolver.cpp, line 773]
Event: 2.269 Thread 0x00000186de9f9800 Exception <a 'java/lang/NoSuchMethodError'{0x00000000edb16910}: 'java.lang.Object java.lang.invoke.DirectMethodHandle$Holder.invokeSpecial(java.lang.Object, java.lang.Object, java.lang.Object, java.lang.Object, java.lang.Object, java.lang.Object, java.lang.Object, java.lang.Object, java.lang.Object, java.lang.Object, java.lang.Object, java.lang.Object, java.lang.Object)'> (0x00000000edb16910) thrown at [./src/hotspot/share/interpreter/linkResolver.cpp, line 773]
Event: 2.269 Thread 0x00000186de9f9800 Exception <a 'java/lang/NoSuchMethodError'{0x00000000edb27770}: 'java.lang.Object java.lang.invoke.DirectMethodHandle$Holder.invokeSpecial(java.lang.Object, java.lang.Object, java.lang.Object, java.lang.Object, java.lang.Object, java.lang.Object, java.lang.Object, java.lang.Object, java.lang.Object, java.lang.Object, java.lang.Object, java.lang.Object)'> (0x00000000edb27770) thrown at [./src/hotspot/share/interpreter/linkResolver.cpp, line 773]
Event: 2.269 Thread 0x00000186de9f9800 Exception <a 'java/lang/NoSuchMethodError'{0x00000000edb2c898}: 'java.lang.Object java.lang.invoke.Invokers$Holder.linkToTargetMethod(java.lang.Object, java.lang.Object, java.lang.Object, java.lang.Object, java.lang.Object, java.lang.Object, java.lang.Object, java.lang.Object, java.lang.Object, java.lang.Object, java.lang.Object)'> (0x00000000edb2c898) thrown at [./src/hotspot/share/interpreter/linkResolver.cpp, line 773]
Event: 2.275 Thread 0x00000186de9f9800 Exception <a 'java/lang/NoSuchMethodError'{0x00000000eda7c208}: 'java.lang.Object java.lang.invoke.DirectMethodHandle$Holder.invokeSpecial(java.lang.Object, java.lang.Object, java.lang.Object, java.lang.Object, java.lang.Object, java.lang.Object, java.lang.Object, java.lang.Object, java.lang.Object, java.lang.Object, java.lang.Object, java.lang.Object, java.lang.Object, java.lang.Object)'> (0x00000000eda7c208) thrown at [./src/hotspot/share/interpreter/linkResolver.cpp, line 773]
Event: 2.275 Thread 0x00000186de9f9800 Exception <a 'java/lang/NoSuchMethodError'{0x00000000eda8dad0}: 'java.lang.Object java.lang.invoke.Invokers$Holder.linkToTargetMethod(java.lang.Object, java.lang.Object, java.lang.Object, java.lang.Object, java.lang.Object, java.lang.Object, java.lang.Object, java.lang.Object, java.lang.Object, java.lang.Object, java.lang.Object, java.lang.Object)'> (0x00000000eda8dad0) thrown at [./src/hotspot/share/interpreter/linkResolver.cpp, line 773]
Event: 2.281 Thread 0x00000186de9f9800 Exception <a 'java/lang/NoSuchMethodError'{0x00000000ed97b9d8}: 'java.lang.Object java.lang.invoke.DirectMethodHandle$Holder.invokeStaticInit(java.lang.Object, java.lang.Object, java.lang.Object, java.lang.Object)'> (0x00000000ed97b9d8) thrown at [./src/hotspot/share/interpreter/linkResolver.cpp, line 773]
Event: 2.326 Thread 0x00000186de9f9800 Implicit null exception at 0x00000186d121d575 to 0x00000186d121d73c
Event: 2.406 Thread 0x00000186de9f9800 Exception <a 'java/lang/NoSuchMethodError'{0x00000000ec7543e8}: 'java.lang.Object java.lang.invoke.Invokers$Holder.linkToTargetMethod(java.lang.Object, java.lang.Object, java.lang.Object, java.lang.Object, java.lang.Object, java.lang.Object, java.lang.Object, java.lang.Object)'> (0x00000000ec7543e8) thrown at [./src/hotspot/share/interpreter/linkResolver.cpp, line 773]
Event: 2.408 Thread 0x00000186de9f9800 Exception <a 'java/lang/NoSuchMethodError'{0x00000000ec7a27c8}: 'java.lang.Object java.lang.invoke.Invokers$Holder.linkToTargetMethod(java.lang.Object, java.lang.Object, java.lang.Object, java.lang.Object, java.lang.Object, java.lang.Object, java.lang.Object)'> (0x00000000ec7a27c8) thrown at [./src/hotspot/share/interpreter/linkResolver.cpp, line 773]
Event: 2.410 Thread 0x00000186de9f9800 Exception <a 'java/lang/IncompatibleClassChangeError'{0x00000000ec7e2b18}: Found class java.lang.Object, but interface was expected> (0x00000000ec7e2b18) thrown at [./src/hotspot/share/interpreter/linkResolver.cpp, line 839]
Event: 2.576 Thread 0x00000186de9f9800 Exception <a 'java/lang/NoSuchMethodError'{0x00000000eb3c0f78}: 'void java.lang.invoke.DirectMethodHandle$Holder.invokeStaticInit(java.lang.Object, java.lang.Object, java.lang.Object)'> (0x00000000eb3c0f78) thrown at [./src/hotspot/share/interpreter/linkResolver.cpp, line 773]
Event: 2.576 Thread 0x00000186de9f9800 Exception <a 'java/lang/NoSuchMethodError'{0x00000000eb3c8128}: 'void java.lang.invoke.DirectMethodHandle$Holder.invokeStaticInit(java.lang.Object, java.lang.Object, java.lang.Object, java.lang.Object)'> (0x00000000eb3c8128) thrown at [./src/hotspot/share/interpreter/linkResolver.cpp, line 773]
Event: 2.578 Thread 0x00000186de9f9800 Exception <a 'java/lang/NoSuchMethodError'{0x00000000eb3ea9d0}: 'void java.lang.invoke.DirectMethodHandle$Holder.invokeStaticInit(java.lang.Object, java.lang.Object, java.lang.Object, java.lang.Object, java.lang.Object)'> (0x00000000eb3ea9d0) thrown at [./src/hotspot/share/interpreter/linkResolver.cpp, line 773]
Event: 2.606 Thread 0x00000186de9f9800 Exception <a 'java/lang/NoSuchMethodError'{0x00000000eb24bbc8}: 'int java.lang.invoke.DirectMethodHandle$Holder.invokeStaticInit(java.lang.Object, java.lang.Object, java.lang.Object, java.lang.Object)'> (0x00000000eb24bbc8) thrown at [./src/hotspot/share/interpreter/linkResolver.cpp, line 773]

Events (20 events):
Event: 2.569 loading class org/codehaus/groovy/ast/stmt/Statement done
Event: 2.569 loading class org/codehaus/groovy/ast/stmt/ReturnStatement
Event: 2.569 loading class org/codehaus/groovy/ast/stmt/ReturnStatement done
Event: 2.569 loading class org/codehaus/groovy/ast/Parameter
Event: 2.569 loading class org/codehaus/groovy/ast/Parameter done
Event: 2.569 loading class org/codehaus/groovy/ast/expr/PropertyExpression
Event: 2.569 loading class org/codehaus/groovy/ast/expr/PropertyExpression done
Event: 2.570 loading class java/lang/IllegalCallerException
Event: 2.570 loading class java/lang/IllegalCallerException done
Event: 2.570 loading class org/codehaus/groovy/vmplugin/v8/PluginDefaultGroovyMethods
Event: 2.570 loading class org/codehaus/groovy/vmplugin/v8/PluginDefaultGroovyMethods done
Event: 2.571 loading class org/codehaus/groovy/runtime/DefaultGroovyMethodsSupport
Event: 2.571 loading class org/codehaus/groovy/runtime/DefaultGroovyMethodsSupport done
Event: 2.572 loading class jdk/internal/module/SystemModules$all
Event: 2.573 loading class jdk/internal/module/SystemModules$all done
Event: 2.575 loading class java/util/Spliterators$IteratorSpliterator
Event: 2.575 loading class java/util/Spliterators$IteratorSpliterator done
Event: 2.591 Thread 0x00000186e0685800 Thread added: 0x00000186e0685800
Event: 2.605 loading class org/codehaus/groovy/reflection/ReflectionUtils$ClassContextHelper
Event: 2.605 loading class org/codehaus/groovy/reflection/ReflectionUtils$ClassContextHelper done


Dynamic libraries:
0x00007ff617bb0000 - 0x00007ff617bbd000 	C:\Program Files\Microsoft\jdk-11.0.16.101-hotspot\bin\java.exe
0x00007ffe92ef0000 - 0x00007ffe930e8000 	C:\WINDOWS\SYSTEM32\ntdll.dll
0x00007ffe920c0000 - 0x00007ffe9217d000 	C:\WINDOWS\System32\KERNEL32.DLL
0x00007ffe90800000 - 0x00007ffe90af6000 	C:\WINDOWS\System32\KERNELBASE.dll
0x00007ffe90ca0000 - 0x00007ffe90da0000 	C:\WINDOWS\System32\ucrtbase.dll
0x00007ffe63a10000 - 0x00007ffe63a25000 	C:\Program Files\Microsoft\jdk-11.0.16.101-hotspot\bin\VCRUNTIME140.dll
0x00007ffe65350000 - 0x00007ffe65367000 	C:\Program Files\Microsoft\jdk-11.0.16.101-hotspot\bin\jli.dll
0x00007ffe91f20000 - 0x00007ffe920be000 	C:\WINDOWS\System32\USER32.dll
0x00007ffe90b70000 - 0x00007ffe90b92000 	C:\WINDOWS\System32\win32u.dll
0x00007ffe8f9b0000 - 0x00007ffe8fc4a000 	C:\WINDOWS\WinSxS\amd64_microsoft.windows.common-controls_6595b64144ccf1df_6.0.19041.1110_none_60b5254171f9507e\COMCTL32.dll
0x00007ffe92210000 - 0x00007ffe9223c000 	C:\WINDOWS\System32\GDI32.dll
0x00007ffe91830000 - 0x00007ffe918ce000 	C:\WINDOWS\System32\msvcrt.dll
0x00007ffe90e30000 - 0x00007ffe90f4a000 	C:\WINDOWS\System32\gdi32full.dll
0x00007ffe90760000 - 0x00007ffe907fd000 	C:\WINDOWS\System32\msvcp_win.dll
0x00007ffe918d0000 - 0x00007ffe91900000 	C:\WINDOWS\System32\IMM32.DLL
0x00007ffe467c0000 - 0x00007ffe4685b000 	C:\Program Files\Microsoft\jdk-11.0.16.101-hotspot\bin\msvcp140.dll
0x00007ffdfff40000 - 0x00007ffe00aca000 	C:\Program Files\Microsoft\jdk-11.0.16.101-hotspot\bin\server\jvm.dll
0x00007ffe919c0000 - 0x00007ffe91a6e000 	C:\WINDOWS\System32\ADVAPI32.dll
0x00007ffe91320000 - 0x00007ffe913bc000 	C:\WINDOWS\System32\sechost.dll
0x00007ffe91a80000 - 0x00007ffe91ba6000 	C:\WINDOWS\System32\RPCRT4.dll
0x00007ffe91a70000 - 0x00007ffe91a78000 	C:\WINDOWS\System32\PSAPI.DLL
0x00007ffe7fe70000 - 0x00007ffe7fe97000 	C:\WINDOWS\SYSTEM32\WINMM.dll
0x00007ffe6d780000 - 0x00007ffe6d789000 	C:\WINDOWS\SYSTEM32\WSOCK32.dll
0x00007ffe8a3b0000 - 0x00007ffe8a3ba000 	C:\WINDOWS\SYSTEM32\VERSION.dll
0x00007ffe912b0000 - 0x00007ffe9131b000 	C:\WINDOWS\System32\WS2_32.dll
0x00007ffe8de10000 - 0x00007ffe8de22000 	C:\WINDOWS\SYSTEM32\kernel.appcore.dll
0x00007ffe8bd10000 - 0x00007ffe8bd20000 	C:\Program Files\Microsoft\jdk-11.0.16.101-hotspot\bin\verify.dll
0x00007ffe8ff60000 - 0x00007ffe90144000 	C:\WINDOWS\SYSTEM32\DBGHELP.DLL
0x00007ffe8fd80000 - 0x00007ffe8fdb4000 	C:\WINDOWS\SYSTEM32\dbgcore.DLL
0x00007ffe90da0000 - 0x00007ffe90e22000 	C:\WINDOWS\System32\bcryptPrimitives.dll
0x00007ffe639e0000 - 0x00007ffe63a08000 	C:\Program Files\Microsoft\jdk-11.0.16.101-hotspot\bin\java.dll
0x00007ffe77220000 - 0x00007ffe7722a000 	C:\Program Files\Microsoft\jdk-11.0.16.101-hotspot\bin\jimage.dll
0x00007ffe630b0000 - 0x00007ffe630c8000 	C:\Program Files\Microsoft\jdk-11.0.16.101-hotspot\bin\zip.dll
0x00007ffe92490000 - 0x00007ffe92bd5000 	C:\WINDOWS\System32\SHELL32.dll
0x00007ffe8e010000 - 0x00007ffe8e7ab000 	C:\WINDOWS\SYSTEM32\windows.storage.dll
0x00007ffe90f50000 - 0x00007ffe912a4000 	C:\WINDOWS\System32\combase.dll
0x00007ffe8f910000 - 0x00007ffe8f93e000 	C:\WINDOWS\SYSTEM32\Wldp.dll
0x00007ffe92c40000 - 0x00007ffe92ced000 	C:\WINDOWS\System32\SHCORE.dll
0x00007ffe91900000 - 0x00007ffe91955000 	C:\WINDOWS\System32\shlwapi.dll
0x00007ffe90500000 - 0x00007ffe90525000 	C:\WINDOWS\SYSTEM32\profapi.dll
0x00007ffe62f00000 - 0x00007ffe62f19000 	C:\Program Files\Microsoft\jdk-11.0.16.101-hotspot\bin\net.dll
0x00007ffe885d0000 - 0x00007ffe886da000 	C:\WINDOWS\SYSTEM32\WINHTTP.dll
0x00007ffe8f660000 - 0x00007ffe8f6ca000 	C:\WINDOWS\system32\mswsock.dll
0x00007ffe62da0000 - 0x00007ffe62db3000 	C:\Program Files\Microsoft\jdk-11.0.16.101-hotspot\bin\nio.dll
0x00007ffe64730000 - 0x00007ffe64757000 	C:\Users\User\.gradle\native\e1d6ef7f7dcc3fd88c89a11ec53ec762bb8ba0a96d01ffa2cd45eb1d1d8dd5c5\windows-amd64\native-platform.dll
0x00007ffe63c60000 - 0x00007ffe63da4000 	C:\Users\User\.gradle\native\5664cfc778a61ccfe75a443a1ab52a65af34e5dc3c78e0209fed803814484fcb\windows-amd64\native-platform-file-events.dll
0x00007ffe69eb0000 - 0x00007ffe69eb9000 	C:\Program Files\Microsoft\jdk-11.0.16.101-hotspot\bin\management.dll
0x00007ffe69e90000 - 0x00007ffe69e9b000 	C:\Program Files\Microsoft\jdk-11.0.16.101-hotspot\bin\management_ext.dll
0x00007ffe90340000 - 0x00007ffe90358000 	C:\WINDOWS\SYSTEM32\CRYPTSP.dll
0x00007ffe8efe0000 - 0x00007ffe8f014000 	C:\WINDOWS\system32\rsaenh.dll
0x00007ffe90730000 - 0x00007ffe90757000 	C:\WINDOWS\System32\bcrypt.dll
0x00007ffe904c0000 - 0x00007ffe904ee000 	C:\WINDOWS\SYSTEM32\USERENV.dll
0x00007ffe8f900000 - 0x00007ffe8f90c000 	C:\WINDOWS\SYSTEM32\CRYPTBASE.dll
0x00007ffe8f360000 - 0x00007ffe8f39b000 	C:\WINDOWS\SYSTEM32\IPHLPAPI.DLL
0x00007ffe92180000 - 0x00007ffe92188000 	C:\WINDOWS\System32\NSI.dll
0x00007ffe8a470000 - 0x00007ffe8a487000 	C:\WINDOWS\SYSTEM32\dhcpcsvc6.DLL
0x00007ffe8a330000 - 0x00007ffe8a34d000 	C:\WINDOWS\SYSTEM32\dhcpcsvc.DLL
0x00007ffe8f3a0000 - 0x00007ffe8f46a000 	C:\WINDOWS\SYSTEM32\DNSAPI.dll

dbghelp: loaded successfully - version: 4.0.5 - missing functions: none
symbol engine: initialized successfully - sym options: 0x614 - pdb path: .;C:\Program Files\Microsoft\jdk-11.0.16.101-hotspot\bin;C:\WINDOWS\SYSTEM32;C:\WINDOWS\WinSxS\amd64_microsoft.windows.common-controls_6595b64144ccf1df_6.0.19041.1110_none_60b5254171f9507e;C:\Program Files\Microsoft\jdk-11.0.16.101-hotspot\bin\server;C:\Users\User\.gradle\native\e1d6ef7f7dcc3fd88c89a11ec53ec762bb8ba0a96d01ffa2cd45eb1d1d8dd5c5\windows-amd64;C:\Users\User\.gradle\native\5664cfc778a61ccfe75a443a1ab52a65af34e5dc3c78e0209fed803814484fcb\windows-amd64

VM Arguments:
jvm_args: --add-opens=java.base/java.util=ALL-UNNAMED --add-opens=java.base/java.lang=ALL-UNNAMED --add-opens=java.base/java.lang.invoke=ALL-UNNAMED --add-opens=java.base/java.util=ALL-UNNAMED --add-opens=java.prefs/java.util.prefs=ALL-UNNAMED --add-opens=java.prefs/java.util.prefs=ALL-UNNAMED --add-opens=java.base/java.nio.charset=ALL-UNNAMED --add-opens=java.base/java.net=ALL-UNNAMED --add-opens=java.base/java.util.concurrent.atomic=ALL-UNNAMED -XX:MaxMetaspaceSize=256m -XX:+HeapDumpOnOutOfMemoryError -Xms256m -Xmx512m -Dfile.encoding=UTF-8 -Duser.country=RU -Duser.language=ru -Duser.variant 
java_command: org.gradle.launcher.daemon.bootstrap.GradleDaemon 7.3.3
java_class_path (initial): C:\Users\User\.gradle\wrapper\dists\gradle-7.3.3-bin\6a41zxkdtcxs8rphpq6y0069z\gradle-7.3.3\lib\gradle-launcher-7.3.3.jar
Launcher Type: SUN_STANDARD

[Global flags]
     intx CICompilerCount                          = 4                                         {product} {ergonomic}
   size_t CompressedClassSpaceSize                 = 260046848                                 {product} {ergonomic}
     uint ConcGCThreads                            = 3                                         {product} {ergonomic}
     uint G1ConcRefinementThreads                  = 10                                        {product} {ergonomic}
   size_t G1HeapRegionSize                         = 1048576                                   {product} {ergonomic}
    uintx GCDrainStackTargetSize                   = 64                                        {product} {ergonomic}
     bool HeapDumpOnOutOfMemoryError               = true                                   {manageable} {command line}
   size_t InitialHeapSize                          = 268435456                                 {product} {command line}
   size_t MarkStackSize                            = 4194304                                   {product} {ergonomic}
   size_t MaxHeapSize                              = 536870912                                 {product} {command line}
   size_t MaxMetaspaceSize                         = 268435456                                 {product} {command line}
   size_t MaxNewSize                               = 321912832                                 {product} {ergonomic}
   size_t MinHeapDeltaBytes                        = 1048576                                   {product} {ergonomic}
    uintx NonNMethodCodeHeapSize                   = 5836300                                {pd product} {ergonomic}
    uintx NonProfiledCodeHeapSize                  = 122910970                              {pd product} {ergonomic}
    uintx ProfiledCodeHeapSize                     = 122910970                              {pd product} {ergonomic}
    uintx ReservedCodeCacheSize                    = 251658240                              {pd product} {ergonomic}
     bool SegmentedCodeCache                       = true                                      {product} {ergonomic}
     bool UseCompressedClassPointers               = true                                 {lp64_product} {ergonomic}
     bool UseCompressedOops                        = true                                 {lp64_product} {ergonomic}
     bool UseG1GC                                  = true                                      {product} {ergonomic}
     bool UseLargePagesIndividualAllocation        = false                                  {pd product} {ergonomic}

Logging:
Log output configuration:
 #0: stdout all=warning uptime,level,tags
 #1: stderr all=off uptime,level,tags

Environment Variables:
JAVA_HOME=C:/Program Files/Microsoft/jdk-11.0.16.101-hotspot
CLASSPATH=C:\Users\User\IdeaProjects\Sorting Tool (Java)\\gradle\wrapper\gradle-wrapper.jar
PATH=C:\Program Files\Common Files\Oracle\Java\javapath;C:\Program Files (x86)\VMware\VMware Player\bin\;C:\Program Files\Microsoft\jdk-11.0.16.101-hotspot\bin;C:\Program Files\Eclipse Foundation\jdk-8.0.302.8-hotspot\bin;C:\Program Files (x86)\Common Files\Oracle\Java\javapath;C:\Program Files (x86)\Common Files\Intel\Shared Libraries\redist\intel64\compiler;C:\Windows\system32;C:\Windows;C:\Windows\System32\Wbem;C:\Windows\System32\WindowsPowerShell\v1.0\;C:\Windows\System32\OpenSSH\;C:\Program Files (x86)\NVIDIA Corporation\PhysX\Common;C:\Program Files\NVIDIA Corporation\NVIDIA NvDLISR;C:\Program Files\PuTTY\;C:\WINDOWS\system32;C:\WINDOWS;C:\WINDOWS\System32\Wbem;C:\WINDOWS\System32\WindowsPowerShell\v1.0\;C:\Program Files\Microsoft SQL Server\130\Tools\Binn\;C:\Program Files\dotnet\;C:\Program Files\Microsoft SQL Server\150\Tools\Binn\;C:\Program Files\nodejs\;C:\Program Files\Git\cmd;C:\Program Files\Calibre2\;C:\Program Files\MySQL\MySQL Shell 8.0\bin\;C:\Users\User\AppData\Local\Microsoft\WindowsApps;C:\Users\User\.dotnet\tools;C:\Users\User\AppData\Local\Programs\Microsoft VS Code\bin;C:\Program Files\heroku\bin;C:\Users\User\AppData\Local\atom\bin;C:\Users\User\.dotnet\tools;C:\Users\User\AppData\Local\JetBrains\Toolbox\scripts;C:\Users\User\AppData\Local\GitHubDesktop\bin;C:\Users\User\.dotnet\tools;C:\Users\User\AppData\Roaming\npm
USERNAME=User
OS=Windows_NT
PROCESSOR_IDENTIFIER=AMD64 Family 23 Model 113 Stepping 0, AuthenticAMD
TMP=C:\Users\User\AppData\Local\Temp
TEMP=C:\Users\User\AppData\Local\Temp



---------------  S Y S T E M  ---------------

OS: Windows 10 , 64 bit Build 19041 (10.0.19041.3393)
OS uptime: 0 days 4:36 hours

CPU:total 12 (initial active 12) (12 cores per cpu, 2 threads per core) family 23 model 113 stepping 0 microcode 0x0, cmov, cx8, fxsr, mmx, sse, sse2, sse3, ssse3, sse4.1, sse4.2, popcnt, avx, avx2, aes, clmul, mmxext, 3dnowpref, lzcnt, sse4a, ht, tsc, tscinvbit, tscinv, bmi1, bmi2, adx, sha, fma

Memory: 4k page, system-wide physical 16333M (4365M free)
TotalPageFile size 18381M (AvailPageFile size 8M)
current process WorkingSet (physical memory assigned to process): 252M, peak: 252M
current process commit charge ("private bytes"): 436M, peak: 436M

vm_info: OpenJDK 64-Bit Server VM (11.0.16.1+1-LTS) for windows-amd64 JRE (11.0.16.1+1-LTS), built on Aug 20 2022 20:09:04 by "" with MS VC++ 15.9 (VS2017)

END.
