#
# There is insufficient memory for the Java Runtime Environment to continue.
# Native memory allocation (malloc) failed to allocate 65552 bytes for Chunk::new
# Possible reasons:
#   The system is out of physical RAM or swap space
#   The process is running with CompressedOops enabled, and the Java Heap may be blocking the growth of the native heap
# Possible solutions:
#   Reduce memory load on the system
#   Increase physical memory or swap space
#   Check if swap backing store is full
#   Decrease Java heap size (-Xmx/-Xms)
#   Decrease number of Java threads
#   Decrease Java thread stack sizes (-Xss)
#   Set larger code cache with -XX:ReservedCodeCacheSize=
#   JVM is running with Unscaled Compressed Oops mode in which the Java heap is
#     placed in the first 4GB address space. The Java Heap base address is the
#     maximum limit for the native heap growth. Please use -XX:HeapBaseMinAddress
#     to set the Java Heap base and to place the Java Heap above 4GB virtual address.
# This output file may be truncated or incomplete.
#
#  Out of Memory Error (./src/hotspot/share/memory/arena.cpp:197), pid=23192, tid=1740
#
# JRE version: OpenJDK Runtime Environment Microsoft-40648 (11.0.16.1+1) (build 11.0.16.1+1-LTS)
# Java VM: OpenJDK 64-Bit Server VM Microsoft-40648 (11.0.16.1+1-LTS, mixed mode, tiered, compressed oops, g1 gc, windows-amd64)
# No core dump will be written. Minidumps are not enabled by default on client versions of Windows
#

---------------  S U M M A R Y ------------

Command Line: --add-opens=java.base/java.util=ALL-UNNAMED --add-opens=java.base/java.lang=ALL-UNNAMED --add-opens=java.base/java.lang.invoke=ALL-UNNAMED --add-opens=java.base/java.util=ALL-UNNAMED --add-opens=java.prefs/java.util.prefs=ALL-UNNAMED --add-opens=java.prefs/java.util.prefs=ALL-UNNAMED --add-opens=java.base/java.nio.charset=ALL-UNNAMED --add-opens=java.base/java.net=ALL-UNNAMED --add-opens=java.base/java.util.concurrent.atomic=ALL-UNNAMED -XX:MaxMetaspaceSize=256m -XX:+HeapDumpOnOutOfMemoryError -Xms256m -Xmx512m -Dfile.encoding=windows-1251 -Duser.country=RU -Duser.language=ru -Duser.variant org.gradle.launcher.daemon.bootstrap.GradleDaemon 7.3.3

Host: AMD Ryzen 5 3600 6-Core Processor              , 12 cores, 15G,  Windows 10 , 64 bit Build 19041 (10.0.19041.3393)
Time: Sun Sep 24 16:07:34 2023  Windows 10 , 64 bit Build 19041 (10.0.19041.3393) elapsed time: 1448.969031 seconds (0d 0h 24m 8s)

---------------  T H R E A D  ---------------

Current thread (0x000002580ff9f800):  JavaThread "C2 CompilerThread0" daemon [_thread_in_native, id=1740, stack(0x000000a8e8300000,0x000000a8e8400000)]


Current CompileTask:
C2:1448969 28787       4       org.objectweb.asm.MethodWriter::putMethodInfo (1274 bytes)

Stack: [0x000000a8e8300000,0x000000a8e8400000]
Native frames: (J=compiled Java code, j=interpreted, Vv=VM code, C=native code)
V  [jvm.dll+0x62652a]
V  [jvm.dll+0x7b3249]
V  [jvm.dll+0x7b4938]
V  [jvm.dll+0x7b5013]
V  [jvm.dll+0x24fca8]
V  [jvm.dll+0xc262c]
V  [jvm.dll+0xc2bec]
V  [jvm.dll+0xc273b]
V  [jvm.dll+0x603fef]
V  [jvm.dll+0x52eb4d]
V  [jvm.dll+0x2111fb]
V  [jvm.dll+0x20ae44]
V  [jvm.dll+0x207fdb]
V  [jvm.dll+0x18a411]
V  [jvm.dll+0x217954]
V  [jvm.dll+0x215b9b]
V  [jvm.dll+0x775d50]
V  [jvm.dll+0x76ec84]
V  [jvm.dll+0x625395]
C  [ucrtbase.dll+0x21bb2]
C  [KERNEL32.DLL+0x17344]
C  [ntdll.dll+0x526b1]


---------------  P R O C E S S  ---------------

Threads class SMR info:
_java_thread_list=0x00000258173e7020, length=68, elements={
0x00000258738ff000, 0x000002580f62b000, 0x000002580f628800, 0x000002580f626000,
0x000002580f629800, 0x000002580f62a800, 0x000002580ff9f800, 0x000002580ffa9000,
0x000002580ffde000, 0x000002580f627000, 0x000002580f628000, 0x000002580f625800,
0x000002580f62c000, 0x0000025811fd8000, 0x0000025811fd7000, 0x0000025811fd6000,
0x0000025811fdb000, 0x0000025811fdc800, 0x0000025811fde800, 0x0000025811fd8800,
0x0000025811fda000, 0x0000025813cf1800, 0x0000025813cf6800, 0x0000025813cf3000,
0x0000025813cfe800, 0x0000025813cf8800, 0x0000025815751000, 0x0000025815751800,
0x000002581574d800, 0x0000025815756800, 0x0000025815755000, 0x0000025815753800,
0x0000025815756000, 0x0000025810dd3000, 0x0000025810ddc000, 0x0000025810dda000,
0x0000025810ddb000, 0x0000025810ddd800, 0x00000258170f6800, 0x00000258170f9000,
0x00000258170fa800, 0x00000258170fb800, 0x000002581b76a800, 0x000002581b767000,
0x00000258170f3800, 0x00000258170f7800, 0x00000258170f2800, 0x00000258170fa000,
0x00000258170f5000, 0x00000258170f5800, 0x00000258170f4000, 0x0000025813cf8000,
0x0000025813cff800, 0x0000025813d00000, 0x0000025813cfd800, 0x0000025813969800,
0x000002581396a800, 0x0000025813969000, 0x000002581396f800, 0x000002581574a800,
0x000002581574b000, 0x000002581574e800, 0x0000025815749800, 0x000002581574c000,
0x0000025815750000, 0x0000025815752800, 0x000002581574d000, 0x0000025815757800
}

Java Threads: ( => current thread )
  0x00000258738ff000 JavaThread "main" [_thread_blocked, id=21696, stack(0x000000a8e7700000,0x000000a8e7800000)]
  0x000002580f62b000 JavaThread "Reference Handler" daemon [_thread_blocked, id=9344, stack(0x000000a8e7e00000,0x000000a8e7f00000)]
  0x000002580f628800 JavaThread "Finalizer" daemon [_thread_blocked, id=10924, stack(0x000000a8e7f00000,0x000000a8e8000000)]
  0x000002580f626000 JavaThread "Signal Dispatcher" daemon [_thread_blocked, id=21204, stack(0x000000a8e8000000,0x000000a8e8100000)]
  0x000002580f629800 JavaThread "Attach Listener" daemon [_thread_blocked, id=22276, stack(0x000000a8e8100000,0x000000a8e8200000)]
  0x000002580f62a800 JavaThread "Service Thread" daemon [_thread_blocked, id=23144, stack(0x000000a8e8200000,0x000000a8e8300000)]
=>0x000002580ff9f800 JavaThread "C2 CompilerThread0" daemon [_thread_in_native, id=1740, stack(0x000000a8e8300000,0x000000a8e8400000)]
  0x000002580ffa9000 JavaThread "C1 CompilerThread0" daemon [_thread_blocked, id=19044, stack(0x000000a8e8400000,0x000000a8e8500000)]
  0x000002580ffde000 JavaThread "Sweeper thread" daemon [_thread_blocked, id=21408, stack(0x000000a8e8500000,0x000000a8e8600000)]
  0x000002580f627000 JavaThread "Common-Cleaner" daemon [_thread_blocked, id=7284, stack(0x000000a8e8600000,0x000000a8e8700000)]
  0x000002580f628000 JavaThread "Daemon health stats" [_thread_blocked, id=8532, stack(0x000000a8e8f00000,0x000000a8e9000000)]
  0x000002580f625800 JavaThread "Incoming local TCP Connector on port 51835" [_thread_in_native, id=22748, stack(0x000000a8e8800000,0x000000a8e8900000)]
  0x000002580f62c000 JavaThread "Daemon periodic checks" [_thread_blocked, id=22540, stack(0x000000a8e8e00000,0x000000a8e8f00000)]
  0x0000025811fd8000 JavaThread "Cache worker for journal cache (C:\Users\User\.gradle\caches\journal-1)" [_thread_blocked, id=4264, stack(0x000000a8e9700000,0x000000a8e9800000)]
  0x0000025811fd7000 JavaThread "File lock request listener" [_thread_in_native, id=17236, stack(0x000000a8e9800000,0x000000a8e9900000)]
  0x0000025811fd6000 JavaThread "Cache worker for file hash cache (C:\Users\User\.gradle\caches\7.3.3\fileHashes)" [_thread_blocked, id=13168, stack(0x000000a8e9900000,0x000000a8e9a00000)]
  0x0000025811fdb000 JavaThread "File watcher server" daemon [_thread_in_native, id=18160, stack(0x000000a8ea300000,0x000000a8ea400000)]
  0x0000025811fdc800 JavaThread "File watcher consumer" daemon [_thread_blocked, id=18104, stack(0x000000a8ea400000,0x000000a8ea500000)]
  0x0000025811fde800 JavaThread "Cache worker for execution history cache (C:\Users\User\.gradle\caches\7.3.3\executionHistory)" [_thread_blocked, id=1168, stack(0x000000a8ea800000,0x000000a8ea900000)]
  0x0000025811fd8800 JavaThread "jar transforms" [_thread_blocked, id=19668, stack(0x000000a8ea900000,0x000000a8eaa00000)]
  0x0000025811fda000 JavaThread "jar transforms Thread 2" [_thread_blocked, id=3696, stack(0x000000a8eaa00000,0x000000a8eab00000)]
  0x0000025813cf1800 JavaThread "Cache worker for file content cache (C:\Users\User\.gradle\caches\7.3.3\fileContent)" [_thread_blocked, id=19536, stack(0x000000a8eab00000,0x000000a8eac00000)]
  0x0000025813cf6800 JavaThread "jar transforms Thread 3" [_thread_blocked, id=11844, stack(0x000000a8eac00000,0x000000a8ead00000)]
  0x0000025813cf3000 JavaThread "jar transforms Thread 4" [_thread_blocked, id=20616, stack(0x000000a8ead00000,0x000000a8eae00000)]
  0x0000025813cfe800 JavaThread "jar transforms Thread 5" [_thread_blocked, id=14716, stack(0x000000a8eae00000,0x000000a8eaf00000)]
  0x0000025813cf8800 JavaThread "jar transforms Thread 6" [_thread_blocked, id=22120, stack(0x000000a8eb100000,0x000000a8eb200000)]
  0x0000025815751000 JavaThread "jar transforms Thread 7" [_thread_blocked, id=8576, stack(0x000000a8ed500000,0x000000a8ed600000)]
  0x0000025815751800 JavaThread "jar transforms Thread 8" [_thread_blocked, id=8924, stack(0x000000a8ed600000,0x000000a8ed700000)]
  0x000002581574d800 JavaThread "jar transforms Thread 9" [_thread_blocked, id=2180, stack(0x000000a8ed700000,0x000000a8ed800000)]
  0x0000025815756800 JavaThread "jar transforms Thread 10" [_thread_blocked, id=14016, stack(0x000000a8ed800000,0x000000a8ed900000)]
  0x0000025815755000 JavaThread "jar transforms Thread 11" [_thread_blocked, id=11216, stack(0x000000a8ed900000,0x000000a8eda00000)]
  0x0000025815753800 JavaThread "jar transforms Thread 12" [_thread_blocked, id=2476, stack(0x000000a8eda00000,0x000000a8edb00000)]
  0x0000025815756000 JavaThread "Memory manager" [_thread_blocked, id=22532, stack(0x000000a8edb00000,0x000000a8edc00000)]
  0x0000025810dd3000 JavaThread "RMI Scheduler(0)" daemon [_thread_blocked, id=7828, stack(0x000000a8eb300000,0x000000a8eb400000)]
  0x0000025810ddc000 JavaThread "RMI GC Daemon" daemon [_thread_blocked, id=2152, stack(0x000000a8eff00000,0x000000a8f0000000)]
  0x0000025810dda000 JavaThread "RMI TCP Accept-0" daemon [_thread_in_native, id=22884, stack(0x000000a8f0000000,0x000000a8f0100000)]
  0x0000025810ddb000 JavaThread "RMI Reaper" [_thread_blocked, id=20764, stack(0x000000a8f0100000,0x000000a8f0200000)]
  0x0000025810ddd800 JavaThread "Cache worker for Java compile cache (C:\Users\User\.gradle\caches\7.3.3\javaCompile)" [_thread_blocked, id=21284, stack(0x000000a8f0300000,0x000000a8f0400000)]
  0x00000258170f6800 JavaThread "ForkJoinPool.commonPool-worker-11" daemon [_thread_blocked, id=21140, stack(0x000000a8edf00000,0x000000a8ee000000)]
  0x00000258170f9000 JavaThread "ForkJoinPool.commonPool-worker-15" daemon [_thread_blocked, id=20228, stack(0x000000a8ee100000,0x000000a8ee200000)]
  0x00000258170fa800 JavaThread "ForkJoinPool.commonPool-worker-23" daemon [_thread_blocked, id=4976, stack(0x000000a8ee500000,0x000000a8ee600000)]
  0x00000258170fb800 JavaThread "ForkJoinPool.commonPool-worker-5" daemon [_thread_blocked, id=20136, stack(0x000000a8ee600000,0x000000a8ee700000)]
  0x000002581b76a800 JavaThread "Daemon Thread 3" [_thread_blocked, id=23512, stack(0x000000a8e7400000,0x000000a8e7500000)]
  0x000002581b767000 JavaThread "Daemon worker Thread 3" [_thread_in_native, id=13212, stack(0x000000a8e9000000,0x000000a8e9100000)]
  0x00000258170f3800 JavaThread "ForkJoinPool.commonPool-worker-13" daemon [_thread_blocked, id=14876, stack(0x000000a8ed400000,0x000000a8ed500000)]
  0x00000258170f7800 JavaThread "ForkJoinPool.commonPool-worker-17" daemon [_thread_blocked, id=18800, stack(0x000000a8edc00000,0x000000a8edd00000)]
  0x00000258170f2800 JavaThread "ForkJoinPool.commonPool-worker-31" daemon [_thread_blocked, id=15168, stack(0x000000a8edd00000,0x000000a8ede00000)]
  0x00000258170fa000 JavaThread "ForkJoinPool.commonPool-worker-3" daemon [_thread_blocked, id=20476, stack(0x000000a8ede00000,0x000000a8edf00000)]
  0x00000258170f5000 JavaThread "ForkJoinPool.commonPool-worker-7" daemon [_thread_blocked, id=5604, stack(0x000000a8ee000000,0x000000a8ee100000)]
  0x00000258170f5800 JavaThread "ForkJoinPool.commonPool-worker-21" daemon [_thread_blocked, id=17680, stack(0x000000a8ee200000,0x000000a8ee300000)]
  0x00000258170f4000 JavaThread "ForkJoinPool.commonPool-worker-25" daemon [_thread_blocked, id=1736, stack(0x000000a8ee300000,0x000000a8ee400000)]
  0x0000025813cf8000 JavaThread "RMI TCP Connection(27)-127.0.0.1" daemon [_thread_in_native, id=22156, stack(0x000000a8efa00000,0x000000a8efb00000)]
  0x0000025813cff800 JavaThread "RMI TCP Connection(idle)" daemon [_thread_blocked, id=20608, stack(0x000000a8efb00000,0x000000a8efc00000)]
  0x0000025813d00000 JavaThread "RMI TCP Connection(idle)" daemon [_thread_blocked, id=20644, stack(0x000000a8efc00000,0x000000a8efd00000)]
  0x0000025813cfd800 JavaThread "RMI TCP Connection(idle)" daemon [_thread_blocked, id=15432, stack(0x000000a8f1200000,0x000000a8f1300000)]
  0x0000025813969800 JavaThread "Exec process Thread 17" [_thread_blocked, id=22264, stack(0x000000a8f1700000,0x000000a8f1800000)]
  0x000002581396a800 JavaThread "Exec process Thread 18" [_thread_blocked, id=4188, stack(0x000000a8f1900000,0x000000a8f1a00000)]
  0x0000025813969000 JavaThread "Exec process Thread 19" [_thread_blocked, id=2364, stack(0x000000a8f1a00000,0x000000a8f1b00000)]
  0x000002581396f800 JavaThread "Exec process Thread 20" [_thread_blocked, id=10268, stack(0x000000a8f1b00000,0x000000a8f1c00000)]
  0x000002581574a800 JavaThread "Handler for socket connection from /127.0.0.1:51835 to /127.0.0.1:53362" [_thread_in_native, id=20020, stack(0x000000a8e7500000,0x000000a8e7600000)]
  0x000002581574b000 JavaThread "Cancel handler" [_thread_blocked, id=19912, stack(0x000000a8e7600000,0x000000a8e7700000)]
  0x000002581574e800 JavaThread "Asynchronous log dispatcher for DefaultDaemonConnection: socket connection from /127.0.0.1:51835 to /127.0.0.1:53362" [_thread_blocked, id=32, stack(0x000000a8e9100000,0x000000a8e9200000)]
  0x0000025815749800 JavaThread "Stdin handler" [_thread_blocked, id=20068, stack(0x000000a8e9200000,0x000000a8e9300000)]
  0x000002581574c000 JavaThread "Daemon client event forwarder" [_thread_blocked, id=15240, stack(0x000000a8e9300000,0x000000a8e9400000)]
  0x0000025815750000 JavaThread "Cache worker for file hash cache (C:\Users\User\IdeaProjects\Sorting Tool (Java)\.gradle\7.3.3\fileHashes)" [_thread_blocked, id=11880, stack(0x000000a8e9400000,0x000000a8e9500000)]
  0x0000025815752800 JavaThread "Cache worker for checksums cache (C:\Users\User\IdeaProjects\Sorting Tool (Java)\.gradle\7.3.3\checksums)" [_thread_blocked, id=2584, stack(0x000000a8e9500000,0x000000a8e9600000)]
  0x000002581574d000 JavaThread "Cache worker for cache directory md-supplier (C:\Users\User\.gradle\caches\7.3.3\md-supplier)" [_thread_blocked, id=22712, stack(0x000000a8e9600000,0x000000a8e9700000)]
  0x0000025815757800 JavaThread "Cache worker for cache directory md-rule (C:\Users\User\.gradle\caches\7.3.3\md-rule)" [_thread_blocked, id=15504, stack(0x000000a8ea100000,0x000000a8ea200000)]

Other Threads:
  0x000002580f600800 VMThread "VM Thread" [stack: 0x000000a8e7d00000,0x000000a8e7e00000] [id=5720]
  0x000002581014a800 WatcherThread [stack: 0x000000a8e8700000,0x000000a8e8800000] [id=9264]
  0x0000025873919000 GCTaskThread "GC Thread#0" [stack: 0x000000a8e7800000,0x000000a8e7900000] [id=21456]
  0x0000025810db6000 GCTaskThread "GC Thread#1" [stack: 0x000000a8e8900000,0x000000a8e8a00000] [id=3800]
  0x0000025810db3800 GCTaskThread "GC Thread#2" [stack: 0x000000a8e8a00000,0x000000a8e8b00000] [id=6752]
  0x000002581061d000 GCTaskThread "GC Thread#3" [stack: 0x000000a8e8b00000,0x000000a8e8c00000] [id=22996]
  0x0000025810bcf800 GCTaskThread "GC Thread#4" [stack: 0x000000a8e8c00000,0x000000a8e8d00000] [id=16944]
  0x0000025810707000 GCTaskThread "GC Thread#5" [stack: 0x000000a8e8d00000,0x000000a8e8e00000] [id=996]
  0x000002581102c800 GCTaskThread "GC Thread#6" [stack: 0x000000a8e9a00000,0x000000a8e9b00000] [id=928]
  0x0000025811652000 GCTaskThread "GC Thread#7" [stack: 0x000000a8e9b00000,0x000000a8e9c00000] [id=17600]
  0x0000025812486800 GCTaskThread "GC Thread#8" [stack: 0x000000a8e9c00000,0x000000a8e9d00000] [id=2676]
  0x00000258136f6000 GCTaskThread "GC Thread#9" [stack: 0x000000a8e9d00000,0x000000a8e9e00000] [id=16320]
  0x0000025873929000 ConcurrentGCThread "G1 Main Marker" [stack: 0x000000a8e7900000,0x000000a8e7a00000] [id=2148]
  0x000002587392a800 ConcurrentGCThread "G1 Conc#0" [stack: 0x000000a8e7a00000,0x000000a8e7b00000] [id=17248]
  0x00000258122a2800 ConcurrentGCThread "G1 Conc#1" [stack: 0x000000a8e9e00000,0x000000a8e9f00000] [id=2436]
  0x0000025811ee0800 ConcurrentGCThread "G1 Conc#2" [stack: 0x000000a8e9f00000,0x000000a8ea000000] [id=2876]
  0x000002580f496800 ConcurrentGCThread "G1 Refine#0" [stack: 0x000000a8e7b00000,0x000000a8e7c00000] [id=21864]
  0x000002581759e800 ConcurrentGCThread "G1 Refine#1" [stack: 0x000000a8ea000000,0x000000a8ea100000] [id=10952]
  0x000002580f498800 ConcurrentGCThread "G1 Young RemSet Sampling" [stack: 0x000000a8e7c00000,0x000000a8e7d00000] [id=20384]

Threads with active compile tasks:
C2 CompilerThread0  1448985 28787       4       org.objectweb.asm.MethodWriter::putMethodInfo (1274 bytes)

VM state:not at safepoint (normal execution)

VM Mutex/Monitor currently owned by a thread: None

Heap address: 0x00000000e0000000, size: 512 MB, Compressed Oops mode: 32-bit
Narrow klass base: 0x0000000000000000, Narrow klass shift: 3
Compressed class space size: 260046848 Address: 0x0000000100000000

Heap:
 garbage-first heap   total 262144K, used 156084K [0x00000000e0000000, 0x0000000100000000)
  region size 1024K, 20 young (20480K), 2 survivors (2048K)
 Metaspace       used 121048K, capacity 126308K, committed 157980K, reserved 391168K
  class space    used 14634K, capacity 16532K, committed 20940K, reserved 253952K
Heap Regions: E=young(eden), S=young(survivor), O=old, HS=humongous(starts), HC=humongous(continues), CS=collection set, F=free, A=archive, TAMS=top-at-mark-start (previous, next)
|   0|0x00000000e0000000, 0x00000000e0100000, 0x00000000e0100000|100%| O|  |TAMS 0x00000000e0100000, 0x00000000e0000000| Untracked 
|   1|0x00000000e0100000, 0x00000000e0200000, 0x00000000e0200000|100%| O|  |TAMS 0x00000000e0200000, 0x00000000e0100000| Untracked 
|   2|0x00000000e0200000, 0x00000000e0300000, 0x00000000e0300000|100%| O|  |TAMS 0x00000000e0300000, 0x00000000e0200000| Untracked 
|   3|0x00000000e0300000, 0x00000000e0400000, 0x00000000e0400000|100%|HS|  |TAMS 0x00000000e0400000, 0x00000000e0300000| Complete 
|   4|0x00000000e0400000, 0x00000000e0500000, 0x00000000e0500000|100%|HC|  |TAMS 0x00000000e0500000, 0x00000000e0400000| Complete 
|   5|0x00000000e0500000, 0x00000000e0600000, 0x00000000e0600000|100%|HC|  |TAMS 0x00000000e0600000, 0x00000000e0500000| Complete 
|   6|0x00000000e0600000, 0x00000000e0700000, 0x00000000e0700000|100%| O|  |TAMS 0x00000000e0700000, 0x00000000e0600000| Untracked 
|   7|0x00000000e0700000, 0x00000000e0800000, 0x00000000e0800000|100%| O|  |TAMS 0x00000000e0800000, 0x00000000e0700000| Untracked 
|   8|0x00000000e0800000, 0x00000000e0900000, 0x00000000e0900000|100%| O|  |TAMS 0x00000000e0900000, 0x00000000e0800000| Untracked 
|   9|0x00000000e0900000, 0x00000000e0a00000, 0x00000000e0a00000|100%| O|  |TAMS 0x00000000e0a00000, 0x00000000e0900000| Untracked 
|  10|0x00000000e0a00000, 0x00000000e0b00000, 0x00000000e0b00000|100%| O|  |TAMS 0x00000000e0b00000, 0x00000000e0a00000| Untracked 
|  11|0x00000000e0b00000, 0x00000000e0c00000, 0x00000000e0c00000|100%| O|  |TAMS 0x00000000e0c00000, 0x00000000e0b00000| Untracked 
|  12|0x00000000e0c00000, 0x00000000e0d00000, 0x00000000e0d00000|100%| O|  |TAMS 0x00000000e0d00000, 0x00000000e0c00000| Untracked 
|  13|0x00000000e0d00000, 0x00000000e0e00000, 0x00000000e0e00000|100%| O|  |TAMS 0x00000000e0e00000, 0x00000000e0d00000| Untracked 
|  14|0x00000000e0e00000, 0x00000000e0f00000, 0x00000000e0f00000|100%| O|  |TAMS 0x00000000e0f00000, 0x00000000e0e00000| Untracked 
|  15|0x00000000e0f00000, 0x00000000e1000000, 0x00000000e1000000|100%| O|  |TAMS 0x00000000e1000000, 0x00000000e0f00000| Untracked 
|  16|0x00000000e1000000, 0x00000000e1100000, 0x00000000e1100000|100%| O|  |TAMS 0x00000000e1100000, 0x00000000e1000000| Untracked 
|  17|0x00000000e1100000, 0x00000000e1200000, 0x00000000e1200000|100%|HS|  |TAMS 0x00000000e1200000, 0x00000000e1100000| Complete 
|  18|0x00000000e1200000, 0x00000000e1300000, 0x00000000e1300000|100%| O|  |TAMS 0x00000000e1300000, 0x00000000e1200000| Untracked 
|  19|0x00000000e1300000, 0x00000000e1400000, 0x00000000e1400000|100%| O|  |TAMS 0x00000000e1400000, 0x00000000e1300000| Untracked 
|  20|0x00000000e1400000, 0x00000000e1500000, 0x00000000e1500000|100%| O|  |TAMS 0x00000000e1500000, 0x00000000e1400000| Untracked 
|  21|0x00000000e1500000, 0x00000000e1600000, 0x00000000e1600000|100%| O|  |TAMS 0x00000000e1600000, 0x00000000e1500000| Untracked 
|  22|0x00000000e1600000, 0x00000000e1700000, 0x00000000e1700000|100%| O|  |TAMS 0x00000000e1700000, 0x00000000e1600000| Untracked 
|  23|0x00000000e1700000, 0x00000000e1800000, 0x00000000e1800000|100%|HS|  |TAMS 0x00000000e1800000, 0x00000000e1700000| Complete 
|  24|0x00000000e1800000, 0x00000000e1900000, 0x00000000e1900000|100%|HC|  |TAMS 0x00000000e1900000, 0x00000000e1800000| Complete 
|  25|0x00000000e1900000, 0x00000000e1a00000, 0x00000000e1a00000|100%|HC|  |TAMS 0x00000000e1a00000, 0x00000000e1900000| Complete 
|  26|0x00000000e1a00000, 0x00000000e1b00000, 0x00000000e1b00000|100%| O|  |TAMS 0x00000000e1b00000, 0x00000000e1a00000| Untracked 
|  27|0x00000000e1b00000, 0x00000000e1c00000, 0x00000000e1c00000|100%| O|  |TAMS 0x00000000e1c00000, 0x00000000e1b00000| Untracked 
|  28|0x00000000e1c00000, 0x00000000e1d00000, 0x00000000e1d00000|100%| O|  |TAMS 0x00000000e1d00000, 0x00000000e1c00000| Untracked 
|  29|0x00000000e1d00000, 0x00000000e1e00000, 0x00000000e1e00000|100%| O|  |TAMS 0x00000000e1e00000, 0x00000000e1d00000| Untracked 
|  30|0x00000000e1e00000, 0x00000000e1f00000, 0x00000000e1f00000|100%| O|  |TAMS 0x00000000e1f00000, 0x00000000e1e00000| Untracked 
|  31|0x00000000e1f00000, 0x00000000e2000000, 0x00000000e2000000|100%| O|  |TAMS 0x00000000e2000000, 0x00000000e1f00000| Untracked 
|  32|0x00000000e2000000, 0x00000000e2100000, 0x00000000e2100000|100%| O|  |TAMS 0x00000000e2100000, 0x00000000e2000000| Untracked 
|  33|0x00000000e2100000, 0x00000000e2200000, 0x00000000e2200000|100%|HS|  |TAMS 0x00000000e2200000, 0x00000000e2100000| Complete 
|  34|0x00000000e2200000, 0x00000000e2300000, 0x00000000e2300000|100%|HC|  |TAMS 0x00000000e2300000, 0x00000000e2200000| Complete 
|  35|0x00000000e2300000, 0x00000000e2400000, 0x00000000e2400000|100%|HS|  |TAMS 0x00000000e2400000, 0x00000000e2300000| Complete 
|  36|0x00000000e2400000, 0x00000000e2500000, 0x00000000e2500000|100%|HC|  |TAMS 0x00000000e2500000, 0x00000000e2400000| Complete 
|  37|0x00000000e2500000, 0x00000000e2600000, 0x00000000e2600000|100%|HC|  |TAMS 0x00000000e2600000, 0x00000000e2500000| Complete 
|  38|0x00000000e2600000, 0x00000000e2700000, 0x00000000e2700000|100%|HS|  |TAMS 0x00000000e2700000, 0x00000000e2600000| Complete 
|  39|0x00000000e2700000, 0x00000000e2800000, 0x00000000e2800000|100%|HC|  |TAMS 0x00000000e2800000, 0x00000000e2700000| Complete 
|  40|0x00000000e2800000, 0x00000000e2900000, 0x00000000e2900000|100%|HC|  |TAMS 0x00000000e2900000, 0x00000000e2800000| Complete 
|  41|0x00000000e2900000, 0x00000000e2a00000, 0x00000000e2a00000|100%|HS|  |TAMS 0x00000000e2a00000, 0x00000000e2900000| Complete 
|  42|0x00000000e2a00000, 0x00000000e2b00000, 0x00000000e2b00000|100%|HC|  |TAMS 0x00000000e2b00000, 0x00000000e2a00000| Complete 
|  43|0x00000000e2b00000, 0x00000000e2c00000, 0x00000000e2c00000|100%|HC|  |TAMS 0x00000000e2c00000, 0x00000000e2b00000| Complete 
|  44|0x00000000e2c00000, 0x00000000e2d00000, 0x00000000e2d00000|100%|HS|  |TAMS 0x00000000e2d00000, 0x00000000e2c00000| Complete 
|  45|0x00000000e2d00000, 0x00000000e2e00000, 0x00000000e2e00000|100%|HC|  |TAMS 0x00000000e2e00000, 0x00000000e2d00000| Complete 
|  46|0x00000000e2e00000, 0x00000000e2f00000, 0x00000000e2f00000|100%|HC|  |TAMS 0x00000000e2f00000, 0x00000000e2e00000| Complete 
|  47|0x00000000e2f00000, 0x00000000e3000000, 0x00000000e3000000|100%|HS|  |TAMS 0x00000000e3000000, 0x00000000e2f00000| Complete 
|  48|0x00000000e3000000, 0x00000000e3100000, 0x00000000e3100000|100%|HC|  |TAMS 0x00000000e3100000, 0x00000000e3000000| Complete 
|  49|0x00000000e3100000, 0x00000000e3200000, 0x00000000e3200000|100%|HC|  |TAMS 0x00000000e3200000, 0x00000000e3100000| Complete 
|  50|0x00000000e3200000, 0x00000000e3300000, 0x00000000e3300000|100%|HC|  |TAMS 0x00000000e3300000, 0x00000000e3200000| Complete 
|  51|0x00000000e3300000, 0x00000000e3400000, 0x00000000e3400000|100%| O|  |TAMS 0x00000000e3400000, 0x00000000e3300000| Untracked 
|  52|0x00000000e3400000, 0x00000000e3500000, 0x00000000e3500000|100%| O|  |TAMS 0x00000000e3500000, 0x00000000e3400000| Untracked 
|  53|0x00000000e3500000, 0x00000000e3600000, 0x00000000e3600000|100%| O|  |TAMS 0x00000000e3600000, 0x00000000e3500000| Untracked 
|  54|0x00000000e3600000, 0x00000000e3700000, 0x00000000e3700000|100%| O|  |TAMS 0x00000000e3700000, 0x00000000e3600000| Untracked 
|  55|0x00000000e3700000, 0x00000000e3800000, 0x00000000e3800000|100%| O|  |TAMS 0x00000000e3800000, 0x00000000e3700000| Untracked 
|  56|0x00000000e3800000, 0x00000000e3900000, 0x00000000e3900000|100%| O|  |TAMS 0x00000000e3900000, 0x00000000e3800000| Untracked 
|  57|0x00000000e3900000, 0x00000000e3a00000, 0x00000000e3a00000|100%| O|  |TAMS 0x00000000e3a00000, 0x00000000e3900000| Untracked 
|  58|0x00000000e3a00000, 0x00000000e3b00000, 0x00000000e3b00000|100%| O|  |TAMS 0x00000000e3b00000, 0x00000000e3a00000| Untracked 
|  59|0x00000000e3b00000, 0x00000000e3c00000, 0x00000000e3c00000|100%| O|  |TAMS 0x00000000e3b00000, 0x00000000e3b00000| Untracked 
|  60|0x00000000e3c00000, 0x00000000e3d00000, 0x00000000e3d00000|100%| O|  |TAMS 0x00000000e3c00000, 0x00000000e3c00000| Untracked 
|  61|0x00000000e3d00000, 0x00000000e3e00000, 0x00000000e3e00000|100%| O|  |TAMS 0x00000000e3e00000, 0x00000000e3d00000| Untracked 
|  62|0x00000000e3e00000, 0x00000000e3f00000, 0x00000000e3f00000|100%| O|  |TAMS 0x00000000e3e00000, 0x00000000e3e00000| Untracked 
|  63|0x00000000e3f00000, 0x00000000e3fc6400, 0x00000000e4000000| 77%| O|  |TAMS 0x00000000e3f00000, 0x00000000e3f00000| Untracked 
|  64|0x00000000e4000000, 0x00000000e4100000, 0x00000000e4100000|100%| O|  |TAMS 0x00000000e4100000, 0x00000000e4000000| Untracked 
|  65|0x00000000e4100000, 0x00000000e4200000, 0x00000000e4200000|100%| O|  |TAMS 0x00000000e4200000, 0x00000000e4100000| Untracked 
|  66|0x00000000e4200000, 0x00000000e4300000, 0x00000000e4300000|100%| O|  |TAMS 0x00000000e4300000, 0x00000000e4200000| Untracked 
|  67|0x00000000e4300000, 0x00000000e4400000, 0x00000000e4400000|100%| O|  |TAMS 0x00000000e4400000, 0x00000000e4300000| Untracked 
|  68|0x00000000e4400000, 0x00000000e4500000, 0x00000000e4500000|100%| O|  |TAMS 0x00000000e4500000, 0x00000000e4400000| Untracked 
|  69|0x00000000e4500000, 0x00000000e4600000, 0x00000000e4600000|100%|HS|  |TAMS 0x00000000e4600000, 0x00000000e4500000| Complete 
|  70|0x00000000e4600000, 0x00000000e4700000, 0x00000000e4700000|100%|HC|  |TAMS 0x00000000e4700000, 0x00000000e4600000| Complete 
|  71|0x00000000e4700000, 0x00000000e4800000, 0x00000000e4800000|100%|HC|  |TAMS 0x00000000e4800000, 0x00000000e4700000| Complete 
|  72|0x00000000e4800000, 0x00000000e4900000, 0x00000000e4900000|100%|HC|  |TAMS 0x00000000e4900000, 0x00000000e4800000| Complete 
|  73|0x00000000e4900000, 0x00000000e4a00000, 0x00000000e4a00000|100%|HC|  |TAMS 0x00000000e4a00000, 0x00000000e4900000| Complete 
|  74|0x00000000e4a00000, 0x00000000e4b00000, 0x00000000e4b00000|100%|HC|  |TAMS 0x00000000e4b00000, 0x00000000e4a00000| Complete 
|  75|0x00000000e4b00000, 0x00000000e4c00000, 0x00000000e4c00000|100%|HS|  |TAMS 0x00000000e4c00000, 0x00000000e4b00000| Complete 
|  76|0x00000000e4c00000, 0x00000000e4d00000, 0x00000000e4d00000|100%|HS|  |TAMS 0x00000000e4d00000, 0x00000000e4c00000| Complete 
|  77|0x00000000e4d00000, 0x00000000e4e00000, 0x00000000e4e00000|100%|HC|  |TAMS 0x00000000e4e00000, 0x00000000e4d00000| Complete 
|  78|0x00000000e4e00000, 0x00000000e4f00000, 0x00000000e4f00000|100%|HS|  |TAMS 0x00000000e4f00000, 0x00000000e4e00000| Complete 
|  79|0x00000000e4f00000, 0x00000000e5000000, 0x00000000e5000000|100%|HC|  |TAMS 0x00000000e5000000, 0x00000000e4f00000| Complete 
|  80|0x00000000e5000000, 0x00000000e5100000, 0x00000000e5100000|100%|HC|  |TAMS 0x00000000e5100000, 0x00000000e5000000| Complete 
|  81|0x00000000e5100000, 0x00000000e5200000, 0x00000000e5200000|100%|HS|  |TAMS 0x00000000e5200000, 0x00000000e5100000| Complete 
|  82|0x00000000e5200000, 0x00000000e5300000, 0x00000000e5300000|100%|HC|  |TAMS 0x00000000e5300000, 0x00000000e5200000| Complete 
|  83|0x00000000e5300000, 0x00000000e5400000, 0x00000000e5400000|100%|HC|  |TAMS 0x00000000e5400000, 0x00000000e5300000| Complete 
|  84|0x00000000e5400000, 0x00000000e5500000, 0x00000000e5500000|100%|HS|  |TAMS 0x00000000e5500000, 0x00000000e5400000| Complete 
|  85|0x00000000e5500000, 0x00000000e5600000, 0x00000000e5600000|100%|HC|  |TAMS 0x00000000e5600000, 0x00000000e5500000| Complete 
|  86|0x00000000e5600000, 0x00000000e5700000, 0x00000000e5700000|100%|HC|  |TAMS 0x00000000e5700000, 0x00000000e5600000| Complete 
|  87|0x00000000e5700000, 0x00000000e5800000, 0x00000000e5800000|100%|HS|  |TAMS 0x00000000e5800000, 0x00000000e5700000| Complete 
|  88|0x00000000e5800000, 0x00000000e5900000, 0x00000000e5900000|100%|HC|  |TAMS 0x00000000e5900000, 0x00000000e5800000| Complete 
|  89|0x00000000e5900000, 0x00000000e5a00000, 0x00000000e5a00000|100%|HC|  |TAMS 0x00000000e5a00000, 0x00000000e5900000| Complete 
|  90|0x00000000e5a00000, 0x00000000e5b00000, 0x00000000e5b00000|100%|HC|  |TAMS 0x00000000e5b00000, 0x00000000e5a00000| Complete 
|  91|0x00000000e5b00000, 0x00000000e5c00000, 0x00000000e5c00000|100%|HC|  |TAMS 0x00000000e5c00000, 0x00000000e5b00000| Complete 
|  92|0x00000000e5c00000, 0x00000000e5d00000, 0x00000000e5d00000|100%|HC|  |TAMS 0x00000000e5d00000, 0x00000000e5c00000| Complete 
|  93|0x00000000e5d00000, 0x00000000e5e00000, 0x00000000e5e00000|100%|HS|  |TAMS 0x00000000e5e00000, 0x00000000e5d00000| Complete 
|  94|0x00000000e5e00000, 0x00000000e5f00000, 0x00000000e5f00000|100%| O|  |TAMS 0x00000000e5f00000, 0x00000000e5e00000| Untracked 
|  95|0x00000000e5f00000, 0x00000000e5f00000, 0x00000000e6000000|  0%| F|  |TAMS 0x00000000e5f00000, 0x00000000e5f00000| Untracked 
|  96|0x00000000e6000000, 0x00000000e6100000, 0x00000000e6100000|100%| O|  |TAMS 0x00000000e6100000, 0x00000000e6000000| Untracked 
|  97|0x00000000e6100000, 0x00000000e6200000, 0x00000000e6200000|100%| O|  |TAMS 0x00000000e6200000, 0x00000000e6100000| Untracked 
|  98|0x00000000e6200000, 0x00000000e6200000, 0x00000000e6300000|  0%| F|  |TAMS 0x00000000e6200000, 0x00000000e6200000| Untracked 
|  99|0x00000000e6300000, 0x00000000e6400000, 0x00000000e6400000|100%| O|  |TAMS 0x00000000e6400000, 0x00000000e6300000| Untracked 
| 100|0x00000000e6400000, 0x00000000e6500000, 0x00000000e6500000|100%| O|  |TAMS 0x00000000e6500000, 0x00000000e6400000| Untracked 
| 101|0x00000000e6500000, 0x00000000e6600000, 0x00000000e6600000|100%| O|  |TAMS 0x00000000e6600000, 0x00000000e6500000| Untracked 
| 102|0x00000000e6600000, 0x00000000e6700000, 0x00000000e6700000|100%| O|  |TAMS 0x00000000e6700000, 0x00000000e6600000| Untracked 
| 103|0x00000000e6700000, 0x00000000e6700000, 0x00000000e6800000|  0%| F|  |TAMS 0x00000000e6700000, 0x00000000e6700000| Untracked 
| 104|0x00000000e6800000, 0x00000000e6900000, 0x00000000e6900000|100%| O|  |TAMS 0x00000000e6900000, 0x00000000e6800000| Untracked 
| 105|0x00000000e6900000, 0x00000000e6a00000, 0x00000000e6a00000|100%| O|  |TAMS 0x00000000e6a00000, 0x00000000e6900000| Untracked 
| 106|0x00000000e6a00000, 0x00000000e6b00000, 0x00000000e6b00000|100%| O|  |TAMS 0x00000000e6b00000, 0x00000000e6a00000| Untracked 
| 107|0x00000000e6b00000, 0x00000000e6b00000, 0x00000000e6c00000|  0%| F|  |TAMS 0x00000000e6b00000, 0x00000000e6b00000| Untracked 
| 108|0x00000000e6c00000, 0x00000000e6d00000, 0x00000000e6d00000|100%| O|  |TAMS 0x00000000e6d00000, 0x00000000e6c00000| Untracked 
| 109|0x00000000e6d00000, 0x00000000e6e00000, 0x00000000e6e00000|100%| O|  |TAMS 0x00000000e6e00000, 0x00000000e6d00000| Untracked 
| 110|0x00000000e6e00000, 0x00000000e6f00000, 0x00000000e6f00000|100%| O|  |TAMS 0x00000000e6f00000, 0x00000000e6e00000| Untracked 
| 111|0x00000000e6f00000, 0x00000000e7000000, 0x00000000e7000000|100%| O|  |TAMS 0x00000000e7000000, 0x00000000e6f00000| Untracked 
| 112|0x00000000e7000000, 0x00000000e7000000, 0x00000000e7100000|  0%| F|  |TAMS 0x00000000e7000000, 0x00000000e7000000| Untracked 
| 113|0x00000000e7100000, 0x00000000e7100000, 0x00000000e7200000|  0%| F|  |TAMS 0x00000000e7100000, 0x00000000e7100000| Untracked 
| 114|0x00000000e7200000, 0x00000000e7300000, 0x00000000e7300000|100%| O|  |TAMS 0x00000000e7300000, 0x00000000e7200000| Untracked 
| 115|0x00000000e7300000, 0x00000000e7400000, 0x00000000e7400000|100%| O|  |TAMS 0x00000000e7400000, 0x00000000e7300000| Untracked 
| 116|0x00000000e7400000, 0x00000000e7500000, 0x00000000e7500000|100%| O|  |TAMS 0x00000000e7500000, 0x00000000e7400000| Untracked 
| 117|0x00000000e7500000, 0x00000000e7500000, 0x00000000e7600000|  0%| F|  |TAMS 0x00000000e7500000, 0x00000000e7500000| Untracked 
| 118|0x00000000e7600000, 0x00000000e7700000, 0x00000000e7700000|100%| O|  |TAMS 0x00000000e7700000, 0x00000000e7600000| Untracked 
| 119|0x00000000e7700000, 0x00000000e7800000, 0x00000000e7800000|100%| O|  |TAMS 0x00000000e7800000, 0x00000000e7700000| Untracked 
| 120|0x00000000e7800000, 0x00000000e7900000, 0x00000000e7900000|100%| O|  |TAMS 0x00000000e7900000, 0x00000000e7800000| Untracked 
| 121|0x00000000e7900000, 0x00000000e7a00000, 0x00000000e7a00000|100%| O|  |TAMS 0x00000000e7a00000, 0x00000000e7900000| Untracked 
| 122|0x00000000e7a00000, 0x00000000e7b00000, 0x00000000e7b00000|100%| O|  |TAMS 0x00000000e7b00000, 0x00000000e7a00000| Untracked 
| 123|0x00000000e7b00000, 0x00000000e7b00000, 0x00000000e7c00000|  0%| F|  |TAMS 0x00000000e7b00000, 0x00000000e7b00000| Untracked 
| 124|0x00000000e7c00000, 0x00000000e7c00000, 0x00000000e7d00000|  0%| F|  |TAMS 0x00000000e7c00000, 0x00000000e7c00000| Untracked 
| 125|0x00000000e7d00000, 0x00000000e7e00000, 0x00000000e7e00000|100%| O|  |TAMS 0x00000000e7e00000, 0x00000000e7d00000| Untracked 
| 126|0x00000000e7e00000, 0x00000000e7e00000, 0x00000000e7f00000|  0%| F|  |TAMS 0x00000000e7e00000, 0x00000000e7e00000| Untracked 
| 127|0x00000000e7f00000, 0x00000000e7f00000, 0x00000000e8000000|  0%| F|  |TAMS 0x00000000e7f00000, 0x00000000e7f00000| Untracked 
| 128|0x00000000e8000000, 0x00000000e8100000, 0x00000000e8100000|100%| O|  |TAMS 0x00000000e8000000, 0x00000000e8000000| Untracked 
| 129|0x00000000e8100000, 0x00000000e8100000, 0x00000000e8200000|  0%| F|  |TAMS 0x00000000e8100000, 0x00000000e8100000| Untracked 
| 130|0x00000000e8200000, 0x00000000e8200000, 0x00000000e8300000|  0%| F|  |TAMS 0x00000000e8200000, 0x00000000e8200000| Untracked 
| 131|0x00000000e8300000, 0x00000000e8300000, 0x00000000e8400000|  0%| F|  |TAMS 0x00000000e8300000, 0x00000000e8300000| Untracked 
| 132|0x00000000e8400000, 0x00000000e8400000, 0x00000000e8500000|  0%| F|  |TAMS 0x00000000e8400000, 0x00000000e8400000| Untracked 
| 133|0x00000000e8500000, 0x00000000e8500000, 0x00000000e8600000|  0%| F|  |TAMS 0x00000000e8500000, 0x00000000e8500000| Untracked 
| 134|0x00000000e8600000, 0x00000000e8600000, 0x00000000e8700000|  0%| F|  |TAMS 0x00000000e8600000, 0x00000000e8600000| Untracked 
| 135|0x00000000e8700000, 0x00000000e8700000, 0x00000000e8800000|  0%| F|  |TAMS 0x00000000e8700000, 0x00000000e8700000| Untracked 
| 136|0x00000000e8800000, 0x00000000e8800000, 0x00000000e8900000|  0%| F|  |TAMS 0x00000000e8800000, 0x00000000e8800000| Untracked 
| 137|0x00000000e8900000, 0x00000000e8a00000, 0x00000000e8a00000|100%| O|  |TAMS 0x00000000e8a00000, 0x00000000e8900000| Untracked 
| 138|0x00000000e8a00000, 0x00000000e8a00000, 0x00000000e8b00000|  0%| F|  |TAMS 0x00000000e8a00000, 0x00000000e8a00000| Untracked 
| 139|0x00000000e8b00000, 0x00000000e8b00000, 0x00000000e8c00000|  0%| F|  |TAMS 0x00000000e8b00000, 0x00000000e8b00000| Untracked 
| 140|0x00000000e8c00000, 0x00000000e8d00000, 0x00000000e8d00000|100%| O|  |TAMS 0x00000000e8c77c00, 0x00000000e8c00000| Untracked 
| 141|0x00000000e8d00000, 0x00000000e8e00000, 0x00000000e8e00000|100%| O|  |TAMS 0x00000000e8d00000, 0x00000000e8d00000| Untracked 
| 142|0x00000000e8e00000, 0x00000000e8f00000, 0x00000000e8f00000|100%| O|  |TAMS 0x00000000e8e00000, 0x00000000e8e00000| Untracked 
| 143|0x00000000e8f00000, 0x00000000e9000000, 0x00000000e9000000|100%| O|  |TAMS 0x00000000e8f00000, 0x00000000e8f00000| Untracked 
| 144|0x00000000e9000000, 0x00000000e9100000, 0x00000000e9100000|100%| O|  |TAMS 0x00000000e9000000, 0x00000000e9000000| Untracked 
| 145|0x00000000e9100000, 0x00000000e9100000, 0x00000000e9200000|  0%| F|  |TAMS 0x00000000e9100000, 0x00000000e9100000| Untracked 
| 146|0x00000000e9200000, 0x00000000e9200000, 0x00000000e9300000|  0%| F|  |TAMS 0x00000000e9200000, 0x00000000e9200000| Untracked 
| 147|0x00000000e9300000, 0x00000000e9400000, 0x00000000e9400000|100%| O|  |TAMS 0x00000000e9300000, 0x00000000e9300000| Untracked 
| 148|0x00000000e9400000, 0x00000000e9500000, 0x00000000e9500000|100%| O|  |TAMS 0x00000000e9400000, 0x00000000e9400000| Untracked 
| 149|0x00000000e9500000, 0x00000000e9600000, 0x00000000e9600000|100%| O|  |TAMS 0x00000000e9500000, 0x00000000e9500000| Untracked 
| 150|0x00000000e9600000, 0x00000000e9700000, 0x00000000e9700000|100%| O|  |TAMS 0x00000000e9600000, 0x00000000e9600000| Untracked 
| 151|0x00000000e9700000, 0x00000000e9800000, 0x00000000e9800000|100%| O|  |TAMS 0x00000000e9700000, 0x00000000e9700000| Untracked 
| 152|0x00000000e9800000, 0x00000000e9900000, 0x00000000e9900000|100%| O|  |TAMS 0x00000000e9800000, 0x00000000e9800000| Untracked 
| 153|0x00000000e9900000, 0x00000000e9a00000, 0x00000000e9a00000|100%| O|  |TAMS 0x00000000e9900000, 0x00000000e9900000| Untracked 
| 154|0x00000000e9a00000, 0x00000000e9b00000, 0x00000000e9b00000|100%| O|  |TAMS 0x00000000e9b00000, 0x00000000e9a00000| Untracked 
| 155|0x00000000e9b00000, 0x00000000e9c00000, 0x00000000e9c00000|100%| O|  |TAMS 0x00000000e9b00000, 0x00000000e9b00000| Untracked 
| 156|0x00000000e9c00000, 0x00000000e9c00000, 0x00000000e9d00000|  0%| F|  |TAMS 0x00000000e9c00000, 0x00000000e9c00000| Untracked 
| 157|0x00000000e9d00000, 0x00000000e9e00000, 0x00000000e9e00000|100%| O|  |TAMS 0x00000000e9d00000, 0x00000000e9d00000| Untracked 
| 158|0x00000000e9e00000, 0x00000000e9e00000, 0x00000000e9f00000|  0%| F|  |TAMS 0x00000000e9e00000, 0x00000000e9e00000| Untracked 
| 159|0x00000000e9f00000, 0x00000000e9f00000, 0x00000000ea000000|  0%| F|  |TAMS 0x00000000e9f00000, 0x00000000e9f00000| Untracked 
| 160|0x00000000ea000000, 0x00000000ea000000, 0x00000000ea100000|  0%| F|  |TAMS 0x00000000ea000000, 0x00000000ea000000| Untracked 
| 161|0x00000000ea100000, 0x00000000ea100000, 0x00000000ea200000|  0%| F|  |TAMS 0x00000000ea100000, 0x00000000ea100000| Untracked 
| 162|0x00000000ea200000, 0x00000000ea200000, 0x00000000ea300000|  0%| F|  |TAMS 0x00000000ea200000, 0x00000000ea200000| Untracked 
| 163|0x00000000ea300000, 0x00000000ea300000, 0x00000000ea400000|  0%| F|  |TAMS 0x00000000ea300000, 0x00000000ea300000| Untracked 
| 164|0x00000000ea400000, 0x00000000ea400000, 0x00000000ea500000|  0%| F|  |TAMS 0x00000000ea400000, 0x00000000ea400000| Untracked 
| 165|0x00000000ea500000, 0x00000000ea600000, 0x00000000ea600000|100%| O|  |TAMS 0x00000000ea600000, 0x00000000ea500000| Untracked 
| 166|0x00000000ea600000, 0x00000000ea600000, 0x00000000ea700000|  0%| F|  |TAMS 0x00000000ea600000, 0x00000000ea600000| Untracked 
| 167|0x00000000ea700000, 0x00000000ea700000, 0x00000000ea800000|  0%| F|  |TAMS 0x00000000ea700000, 0x00000000ea700000| Untracked 
| 168|0x00000000ea800000, 0x00000000ea800000, 0x00000000ea900000|  0%| F|  |TAMS 0x00000000ea800000, 0x00000000ea800000| Untracked 
| 169|0x00000000ea900000, 0x00000000ea900000, 0x00000000eaa00000|  0%| F|  |TAMS 0x00000000ea900000, 0x00000000ea900000| Untracked 
| 170|0x00000000eaa00000, 0x00000000eaa00000, 0x00000000eab00000|  0%| F|  |TAMS 0x00000000eaa00000, 0x00000000eaa00000| Untracked 
| 171|0x00000000eab00000, 0x00000000eab00000, 0x00000000eac00000|  0%| F|  |TAMS 0x00000000eab00000, 0x00000000eab00000| Untracked 
| 172|0x00000000eac00000, 0x00000000eac00000, 0x00000000ead00000|  0%| F|  |TAMS 0x00000000eac00000, 0x00000000eac00000| Untracked 
| 173|0x00000000ead00000, 0x00000000ead00000, 0x00000000eae00000|  0%| F|  |TAMS 0x00000000ead00000, 0x00000000ead00000| Untracked 
| 174|0x00000000eae00000, 0x00000000eae00000, 0x00000000eaf00000|  0%| F|  |TAMS 0x00000000eae00000, 0x00000000eae00000| Untracked 
| 175|0x00000000eaf00000, 0x00000000eaf00000, 0x00000000eb000000|  0%| F|  |TAMS 0x00000000eaf00000, 0x00000000eaf00000| Untracked 
| 176|0x00000000eb000000, 0x00000000eb000000, 0x00000000eb100000|  0%| F|  |TAMS 0x00000000eb000000, 0x00000000eb000000| Untracked 
| 177|0x00000000eb100000, 0x00000000eb100000, 0x00000000eb200000|  0%| F|  |TAMS 0x00000000eb100000, 0x00000000eb100000| Untracked 
| 178|0x00000000eb200000, 0x00000000eb200000, 0x00000000eb300000|  0%| F|  |TAMS 0x00000000eb200000, 0x00000000eb200000| Untracked 
| 179|0x00000000eb300000, 0x00000000eb300000, 0x00000000eb400000|  0%| F|  |TAMS 0x00000000eb300000, 0x00000000eb300000| Untracked 
| 180|0x00000000eb400000, 0x00000000eb400000, 0x00000000eb500000|  0%| F|  |TAMS 0x00000000eb400000, 0x00000000eb400000| Untracked 
| 181|0x00000000eb500000, 0x00000000eb500000, 0x00000000eb600000|  0%| F|  |TAMS 0x00000000eb500000, 0x00000000eb500000| Untracked 
| 182|0x00000000eb600000, 0x00000000eb600000, 0x00000000eb700000|  0%| F|  |TAMS 0x00000000eb600000, 0x00000000eb600000| Untracked 
| 183|0x00000000eb700000, 0x00000000eb700000, 0x00000000eb800000|  0%| F|  |TAMS 0x00000000eb700000, 0x00000000eb700000| Untracked 
| 184|0x00000000eb800000, 0x00000000eb800000, 0x00000000eb900000|  0%| F|  |TAMS 0x00000000eb800000, 0x00000000eb800000| Untracked 
| 185|0x00000000eb900000, 0x00000000eb900000, 0x00000000eba00000|  0%| F|  |TAMS 0x00000000eb900000, 0x00000000eb900000| Untracked 
| 186|0x00000000eba00000, 0x00000000eba00000, 0x00000000ebb00000|  0%| F|  |TAMS 0x00000000eba00000, 0x00000000eba00000| Untracked 
| 187|0x00000000ebb00000, 0x00000000ebb00000, 0x00000000ebc00000|  0%| F|  |TAMS 0x00000000ebb00000, 0x00000000ebb00000| Untracked 
| 188|0x00000000ebc00000, 0x00000000ebc00000, 0x00000000ebd00000|  0%| F|  |TAMS 0x00000000ebc00000, 0x00000000ebc00000| Untracked 
| 189|0x00000000ebd00000, 0x00000000ebd00000, 0x00000000ebe00000|  0%| F|  |TAMS 0x00000000ebd00000, 0x00000000ebd00000| Untracked 
| 190|0x00000000ebe00000, 0x00000000ebe00000, 0x00000000ebf00000|  0%| F|  |TAMS 0x00000000ebe00000, 0x00000000ebe00000| Untracked 
| 191|0x00000000ebf00000, 0x00000000ebf00000, 0x00000000ec000000|  0%| F|  |TAMS 0x00000000ebf00000, 0x00000000ebf00000| Untracked 
| 192|0x00000000ec000000, 0x00000000ec000000, 0x00000000ec100000|  0%| F|  |TAMS 0x00000000ec000000, 0x00000000ec000000| Untracked 
| 193|0x00000000ec100000, 0x00000000ec100000, 0x00000000ec200000|  0%| F|  |TAMS 0x00000000ec100000, 0x00000000ec100000| Untracked 
| 194|0x00000000ec200000, 0x00000000ec200000, 0x00000000ec300000|  0%| F|  |TAMS 0x00000000ec200000, 0x00000000ec200000| Untracked 
| 195|0x00000000ec300000, 0x00000000ec300000, 0x00000000ec400000|  0%| F|  |TAMS 0x00000000ec300000, 0x00000000ec300000| Untracked 
| 196|0x00000000ec400000, 0x00000000ec400000, 0x00000000ec500000|  0%| F|  |TAMS 0x00000000ec400000, 0x00000000ec400000| Untracked 
| 197|0x00000000ec500000, 0x00000000ec500000, 0x00000000ec600000|  0%| F|  |TAMS 0x00000000ec500000, 0x00000000ec500000| Untracked 
| 198|0x00000000ec600000, 0x00000000ec600000, 0x00000000ec700000|  0%| F|  |TAMS 0x00000000ec600000, 0x00000000ec600000| Untracked 
| 199|0x00000000ec700000, 0x00000000ec700000, 0x00000000ec800000|  0%| F|  |TAMS 0x00000000ec700000, 0x00000000ec700000| Untracked 
| 200|0x00000000ec800000, 0x00000000ec800000, 0x00000000ec900000|  0%| F|  |TAMS 0x00000000ec800000, 0x00000000ec800000| Untracked 
| 201|0x00000000ec900000, 0x00000000ec900000, 0x00000000eca00000|  0%| F|  |TAMS 0x00000000ec900000, 0x00000000ec900000| Untracked 
| 202|0x00000000eca00000, 0x00000000eca00000, 0x00000000ecb00000|  0%| F|  |TAMS 0x00000000eca00000, 0x00000000eca00000| Untracked 
| 203|0x00000000ecb00000, 0x00000000ecb00000, 0x00000000ecc00000|  0%| F|  |TAMS 0x00000000ecb00000, 0x00000000ecb00000| Untracked 
| 204|0x00000000ecc00000, 0x00000000ecc00000, 0x00000000ecd00000|  0%| F|  |TAMS 0x00000000ecc00000, 0x00000000ecc00000| Untracked 
| 205|0x00000000ecd00000, 0x00000000ecd00000, 0x00000000ece00000|  0%| F|  |TAMS 0x00000000ecd00000, 0x00000000ecd00000| Untracked 
| 206|0x00000000ece00000, 0x00000000ece00000, 0x00000000ecf00000|  0%| F|  |TAMS 0x00000000ece00000, 0x00000000ece00000| Untracked 
| 207|0x00000000ecf00000, 0x00000000ecf00000, 0x00000000ed000000|  0%| F|  |TAMS 0x00000000ecf00000, 0x00000000ecf00000| Untracked 
| 208|0x00000000ed000000, 0x00000000ed000000, 0x00000000ed100000|  0%| F|  |TAMS 0x00000000ed000000, 0x00000000ed000000| Untracked 
| 209|0x00000000ed100000, 0x00000000ed100000, 0x00000000ed200000|  0%| F|  |TAMS 0x00000000ed100000, 0x00000000ed100000| Untracked 
| 210|0x00000000ed200000, 0x00000000ed200000, 0x00000000ed300000|  0%| F|  |TAMS 0x00000000ed200000, 0x00000000ed200000| Untracked 
| 211|0x00000000ed300000, 0x00000000ed300000, 0x00000000ed400000|  0%| F|  |TAMS 0x00000000ed300000, 0x00000000ed300000| Untracked 
| 212|0x00000000ed400000, 0x00000000ed400000, 0x00000000ed500000|  0%| F|  |TAMS 0x00000000ed400000, 0x00000000ed400000| Untracked 
| 213|0x00000000ed500000, 0x00000000ed500000, 0x00000000ed600000|  0%| F|  |TAMS 0x00000000ed500000, 0x00000000ed500000| Untracked 
| 214|0x00000000ed600000, 0x00000000ed600000, 0x00000000ed700000|  0%| F|  |TAMS 0x00000000ed600000, 0x00000000ed600000| Untracked 
| 215|0x00000000ed700000, 0x00000000ed700000, 0x00000000ed800000|  0%| F|  |TAMS 0x00000000ed700000, 0x00000000ed700000| Untracked 
| 216|0x00000000ed800000, 0x00000000ed800000, 0x00000000ed900000|  0%| F|  |TAMS 0x00000000ed800000, 0x00000000ed800000| Untracked 
| 217|0x00000000ed900000, 0x00000000ed900000, 0x00000000eda00000|  0%| F|  |TAMS 0x00000000ed900000, 0x00000000ed900000| Untracked 
| 218|0x00000000eda00000, 0x00000000eda00000, 0x00000000edb00000|  0%| F|  |TAMS 0x00000000eda00000, 0x00000000eda00000| Untracked 
| 219|0x00000000edb00000, 0x00000000edb00000, 0x00000000edc00000|  0%| F|  |TAMS 0x00000000edb00000, 0x00000000edb00000| Untracked 
| 220|0x00000000edc00000, 0x00000000edc00000, 0x00000000edd00000|  0%| F|  |TAMS 0x00000000edc00000, 0x00000000edc00000| Untracked 
| 221|0x00000000edd00000, 0x00000000edd00000, 0x00000000ede00000|  0%| F|  |TAMS 0x00000000edd00000, 0x00000000edd00000| Untracked 
| 222|0x00000000ede00000, 0x00000000ede00000, 0x00000000edf00000|  0%| F|  |TAMS 0x00000000ede00000, 0x00000000ede00000| Untracked 
| 223|0x00000000edf00000, 0x00000000edf00000, 0x00000000ee000000|  0%| F|  |TAMS 0x00000000edf00000, 0x00000000edf00000| Untracked 
| 224|0x00000000ee000000, 0x00000000ee000000, 0x00000000ee100000|  0%| F|  |TAMS 0x00000000ee000000, 0x00000000ee000000| Untracked 
| 225|0x00000000ee100000, 0x00000000ee100000, 0x00000000ee200000|  0%| F|  |TAMS 0x00000000ee100000, 0x00000000ee100000| Untracked 
| 226|0x00000000ee200000, 0x00000000ee200000, 0x00000000ee300000|  0%| F|  |TAMS 0x00000000ee200000, 0x00000000ee200000| Untracked 
| 227|0x00000000ee300000, 0x00000000ee300000, 0x00000000ee400000|  0%| F|  |TAMS 0x00000000ee300000, 0x00000000ee300000| Untracked 
| 228|0x00000000ee400000, 0x00000000ee400000, 0x00000000ee500000|  0%| F|  |TAMS 0x00000000ee400000, 0x00000000ee400000| Untracked 
| 229|0x00000000ee500000, 0x00000000ee500000, 0x00000000ee600000|  0%| F|  |TAMS 0x00000000ee500000, 0x00000000ee500000| Untracked 
| 230|0x00000000ee600000, 0x00000000ee600000, 0x00000000ee700000|  0%| F|  |TAMS 0x00000000ee600000, 0x00000000ee600000| Untracked 
| 231|0x00000000ee700000, 0x00000000ee700000, 0x00000000ee800000|  0%| F|  |TAMS 0x00000000ee700000, 0x00000000ee700000| Untracked 
| 232|0x00000000ee800000, 0x00000000ee800000, 0x00000000ee900000|  0%| F|  |TAMS 0x00000000ee800000, 0x00000000ee800000| Untracked 
| 233|0x00000000ee900000, 0x00000000ee900000, 0x00000000eea00000|  0%| F|  |TAMS 0x00000000ee900000, 0x00000000ee900000| Untracked 
| 234|0x00000000eea00000, 0x00000000eea00000, 0x00000000eeb00000|  0%| F|  |TAMS 0x00000000eea00000, 0x00000000eea00000| Untracked 
| 235|0x00000000eeb00000, 0x00000000eeb00000, 0x00000000eec00000|  0%| F|  |TAMS 0x00000000eeb00000, 0x00000000eeb00000| Untracked 
| 236|0x00000000eec00000, 0x00000000eec56fa8, 0x00000000eed00000| 33%| E|  |TAMS 0x00000000eec00000, 0x00000000eec00000| Complete 
| 237|0x00000000eed00000, 0x00000000eee00000, 0x00000000eee00000|100%| E|CS|TAMS 0x00000000eed00000, 0x00000000eed00000| Complete 
| 238|0x00000000eee00000, 0x00000000eef00000, 0x00000000eef00000|100%| E|CS|TAMS 0x00000000eee00000, 0x00000000eee00000| Complete 
| 239|0x00000000eef00000, 0x00000000ef000000, 0x00000000ef000000|100%| E|CS|TAMS 0x00000000eef00000, 0x00000000eef00000| Complete 
| 240|0x00000000ef000000, 0x00000000ef100000, 0x00000000ef100000|100%| E|CS|TAMS 0x00000000ef000000, 0x00000000ef000000| Complete 
| 241|0x00000000ef100000, 0x00000000ef200000, 0x00000000ef200000|100%| E|CS|TAMS 0x00000000ef100000, 0x00000000ef100000| Complete 
| 242|0x00000000ef200000, 0x00000000ef2a6fa0, 0x00000000ef300000| 65%| S|CS|TAMS 0x00000000ef200000, 0x00000000ef200000| Complete 
| 243|0x00000000ef300000, 0x00000000ef400000, 0x00000000ef400000|100%| S|CS|TAMS 0x00000000ef300000, 0x00000000ef300000| Complete 
| 244|0x00000000ef400000, 0x00000000ef500000, 0x00000000ef500000|100%| E|CS|TAMS 0x00000000ef400000, 0x00000000ef400000| Complete 
| 245|0x00000000ef500000, 0x00000000ef600000, 0x00000000ef600000|100%| E|CS|TAMS 0x00000000ef500000, 0x00000000ef500000| Complete 
| 246|0x00000000ef600000, 0x00000000ef700000, 0x00000000ef700000|100%| E|CS|TAMS 0x00000000ef600000, 0x00000000ef600000| Complete 
| 247|0x00000000ef700000, 0x00000000ef800000, 0x00000000ef800000|100%| E|CS|TAMS 0x00000000ef700000, 0x00000000ef700000| Complete 
| 248|0x00000000ef800000, 0x00000000ef900000, 0x00000000ef900000|100%| E|CS|TAMS 0x00000000ef800000, 0x00000000ef800000| Complete 
| 249|0x00000000ef900000, 0x00000000efa00000, 0x00000000efa00000|100%| E|CS|TAMS 0x00000000ef900000, 0x00000000ef900000| Complete 
| 250|0x00000000efa00000, 0x00000000efb00000, 0x00000000efb00000|100%| E|CS|TAMS 0x00000000efa00000, 0x00000000efa00000| Complete 
| 251|0x00000000efb00000, 0x00000000efc00000, 0x00000000efc00000|100%| E|CS|TAMS 0x00000000efb00000, 0x00000000efb00000| Complete 
| 252|0x00000000efc00000, 0x00000000efd00000, 0x00000000efd00000|100%| E|CS|TAMS 0x00000000efc00000, 0x00000000efc00000| Complete 
| 253|0x00000000efd00000, 0x00000000efe00000, 0x00000000efe00000|100%| E|CS|TAMS 0x00000000efd00000, 0x00000000efd00000| Complete 
| 254|0x00000000efe00000, 0x00000000eff00000, 0x00000000eff00000|100%| E|CS|TAMS 0x00000000efe00000, 0x00000000efe00000| Complete 
| 255|0x00000000eff00000, 0x00000000f0000000, 0x00000000f0000000|100%| E|  |TAMS 0x00000000eff00000, 0x00000000eff00000| Complete 

Card table byte_map: [0x000002587c6b0000,0x000002587c7b0000] _byte_map_base: 0x000002587bfb0000

Marking Bits (Prev, Next): (CMBitMap*) 0x0000025873926410, (CMBitMap*) 0x00000258739263d8
 Prev Bits: [0x000002587d0b0000, 0x000002587d8b0000)
 Next Bits: [0x000002587c8b0000, 0x000002587d0b0000)

Polling page: 0x00000258718a0000

Metaspace:

Usage:
  Non-class:    107.20 MB capacity,   103.92 MB ( 97%) used,     2.80 MB (  3%) free+waste,   498.56 KB ( <1%) overhead. 
      Class:     16.14 MB capacity,    14.29 MB ( 89%) used,     1.64 MB ( 10%) free+waste,   223.00 KB (  1%) overhead. 
       Both:    123.35 MB capacity,   118.21 MB ( 96%) used,     4.43 MB (  4%) free+waste,   721.56 KB ( <1%) overhead. 

Virtual space:
  Non-class space:      134.00 MB reserved,     133.83 MB (>99%) committed 
      Class space:      248.00 MB reserved,      20.45 MB (  8%) committed 
             Both:      382.00 MB reserved,     154.28 MB ( 40%) committed 

Chunk freelists:
   Non-Class:  26.44 MB
       Class:  4.21 MB
        Both:  30.65 MB

MaxMetaspaceSize: 256.00 MB
CompressedClassSpaceSize: 248.00 MB
Initial GC threshold: 20.80 MB
Current GC threshold: 256.00 MB
CDS: off

CodeHeap 'non-profiled nmethods': size=120000Kb used=20243Kb max_used=20243Kb free=99756Kb
 bounds [0x0000025807ad0000, 0x0000025808ea0000, 0x000002580f000000]
CodeHeap 'profiled nmethods': size=120000Kb used=57316Kb max_used=57316Kb free=62683Kb
 bounds [0x00000258005a0000, 0x0000025803da0000, 0x0000025807ad0000]
CodeHeap 'non-nmethods': size=5760Kb used=2461Kb max_used=2533Kb free=3298Kb
 bounds [0x0000025800000000, 0x00000258002a0000, 0x00000258005a0000]
 total_blobs=26619 nmethods=25617 adapters=912
 compilation: enabled
              stopped_count=0, restarted_count=0
 full_count=0

Compilation events (20 events):
Event: 1448.942 Thread 0x000002580ffa9000 28782       3       org.codehaus.groovy.ast.Parameter::setType (29 bytes)
Event: 1448.942 Thread 0x000002580ffa9000 nmethod 28782 0x0000025803d96290 code [0x0000025803d96440, 0x0000025803d96638]
Event: 1448.942 Thread 0x000002580ffa9000 28781       3       org.codehaus.groovy.classgen.asm.InvocationWriter::getMethodName (67 bytes)
Event: 1448.942 Thread 0x000002580ffa9000 nmethod 28781 0x0000025803d96710 code [0x0000025803d96940, 0x0000025803d973b8]
Event: 1448.942 Thread 0x000002580ffa9000 28784       3       org.codehaus.groovy.ast.ClassNode::declaresInterface (88 bytes)
Event: 1448.943 Thread 0x000002580ffa9000 nmethod 28784 0x0000025803d97590 code [0x0000025803d977c0, 0x0000025803d98058]
Event: 1448.943 Thread 0x000002580ffa9000 28783       3       groovyjarjarasm.asm.Type::getType (10 bytes)
Event: 1448.943 Thread 0x000002580ffa9000 nmethod 28783 0x0000025803d98310 code [0x0000025803d984e0, 0x0000025803d98708]
Event: 1448.943 Thread 0x000002580ffa9000 28785       3       org.codehaus.groovy.vmplugin.v8.Java8::configureAnnotationNodeFromDefinition (194 bytes)
Event: 1448.944 Thread 0x000002580ffa9000 nmethod 28785 0x0000025803d98890 code [0x0000025803d98c20, 0x0000025803d9acb8]
Event: 1448.952 Thread 0x000002580ffa9000 28786       3       org.apache.tools.zip.FallbackZipEncoding::encode (27 bytes)
Event: 1448.952 Thread 0x000002580ff9f800 nmethod 28769 0x0000025808e93510 code [0x0000025808e936e0, 0x0000025808e941d8]
Event: 1448.952 Thread 0x000002580ff9f800 28774       4       org.codehaus.groovy.ast.stmt.BlockStatement::visit (8 bytes)
Event: 1448.952 Thread 0x000002580ff9f800 nmethod 28774 0x0000025808e94890 code [0x0000025808e94a20, 0x0000025808e94ab8]
Event: 1448.952 Thread 0x000002580ff9f800 28775       4       java.lang.ClassLoader::getParent (32 bytes)
Event: 1448.952 Thread 0x000002580ffa9000 nmethod 28786 0x0000025803d9b310 code [0x0000025803d9b5a0, 0x0000025803d9c008]
Event: 1448.953 Thread 0x000002580ff9f800 nmethod 28775 0x0000025808e94b90 code [0x0000025808e94d20, 0x0000025808e94db8]
Event: 1448.953 Thread 0x000002580ff9f800 28787       4       org.objectweb.asm.MethodWriter::putMethodInfo (1274 bytes)
Event: 1448.955 Thread 0x000002580ffa9000 28789       3       java.security.Permissions$1::<init> (20 bytes)
Event: 1448.955 Thread 0x000002580ffa9000 nmethod 28789 0x0000025803d9c490 code [0x0000025803d9c640, 0x0000025803d9c858]

GC Heap History (20 events):
Event: 965.319 GC heap before
{Heap before GC invocations=86 (full 0):
 garbage-first heap   total 262144K, used 189970K [0x00000000e0000000, 0x0000000100000000)
  region size 1024K, 12 young (12288K), 3 survivors (3072K)
 Metaspace       used 119830K, capacity 124883K, committed 157980K, reserved 391168K
  class space    used 14563K, capacity 16422K, committed 20940K, reserved 253952K
}
Event: 965.325 GC heap after
{Heap after GC invocations=87 (full 0):
 garbage-first heap   total 262144K, used 159594K [0x00000000e0000000, 0x0000000100000000)
  region size 1024K, 2 young (2048K), 2 survivors (2048K)
 Metaspace       used 119830K, capacity 124883K, committed 157980K, reserved 391168K
  class space    used 14563K, capacity 16422K, committed 20940K, reserved 253952K
}
Event: 965.355 GC heap before
{Heap before GC invocations=87 (full 0):
 garbage-first heap   total 262144K, used 169834K [0x00000000e0000000, 0x0000000100000000)
  region size 1024K, 12 young (12288K), 2 survivors (2048K)
 Metaspace       used 119846K, capacity 124885K, committed 157980K, reserved 391168K
  class space    used 14563K, capacity 16422K, committed 20940K, reserved 253952K
}
Event: 965.363 GC heap after
{Heap after GC invocations=88 (full 0):
 garbage-first heap   total 262144K, used 143119K [0x00000000e0000000, 0x0000000100000000)
  region size 1024K, 2 young (2048K), 2 survivors (2048K)
 Metaspace       used 119846K, capacity 124885K, committed 157980K, reserved 391168K
  class space    used 14563K, capacity 16422K, committed 20940K, reserved 253952K
}
Event: 965.375 GC heap before
{Heap before GC invocations=88 (full 0):
 garbage-first heap   total 262144K, used 153359K [0x00000000e0000000, 0x0000000100000000)
  region size 1024K, 12 young (12288K), 2 survivors (2048K)
 Metaspace       used 119846K, capacity 124885K, committed 157980K, reserved 391168K
  class space    used 14563K, capacity 16422K, committed 20940K, reserved 253952K
}
Event: 965.381 GC heap after
{Heap after GC invocations=89 (full 0):
 garbage-first heap   total 262144K, used 140748K [0x00000000e0000000, 0x0000000100000000)
  region size 1024K, 1 young (1024K), 1 survivors (1024K)
 Metaspace       used 119846K, capacity 124885K, committed 157980K, reserved 391168K
  class space    used 14563K, capacity 16422K, committed 20940K, reserved 253952K
}
Event: 966.381 GC heap before
{Heap before GC invocations=89 (full 0):
 garbage-first heap   total 262144K, used 203212K [0x00000000e0000000, 0x0000000100000000)
  region size 1024K, 62 young (63488K), 1 survivors (1024K)
 Metaspace       used 120364K, capacity 125572K, committed 157980K, reserved 391168K
  class space    used 14608K, capacity 16498K, committed 20940K, reserved 253952K
}
Event: 966.384 GC heap after
{Heap after GC invocations=90 (full 0):
 garbage-first heap   total 262144K, used 145724K [0x00000000e0000000, 0x0000000100000000)
  region size 1024K, 5 young (5120K), 5 survivors (5120K)
 Metaspace       used 120364K, capacity 125572K, committed 157980K, reserved 391168K
  class space    used 14608K, capacity 16498K, committed 20940K, reserved 253952K
}
Event: 1424.826 GC heap before
{Heap before GC invocations=90 (full 0):
 garbage-first heap   total 262144K, used 207164K [0x00000000e0000000, 0x0000000100000000)
  region size 1024K, 66 young (67584K), 5 survivors (5120K)
 Metaspace       used 120811K, capacity 126153K, committed 157980K, reserved 391168K
  class space    used 14669K, capacity 16603K, committed 20940K, reserved 253952K
}
Event: 1424.831 GC heap after
{Heap after GC invocations=91 (full 0):
 garbage-first heap   total 262144K, used 151215K [0x00000000e0000000, 0x0000000100000000)
  region size 1024K, 9 young (9216K), 9 survivors (9216K)
 Metaspace       used 120811K, capacity 126153K, committed 157980K, reserved 391168K
  class space    used 14669K, capacity 16603K, committed 20940K, reserved 253952K
}
Event: 1426.344 GC heap before
{Heap before GC invocations=91 (full 0):
 garbage-first heap   total 262144K, used 210607K [0x00000000e0000000, 0x0000000100000000)
  region size 1024K, 67 young (68608K), 9 survivors (9216K)
 Metaspace       used 120935K, capacity 126411K, committed 157980K, reserved 391168K
  class space    used 14673K, capacity 16612K, committed 20940K, reserved 253952K
}
Event: 1426.352 GC heap after
{Heap after GC invocations=92 (full 0):
 garbage-first heap   total 262144K, used 158918K [0x00000000e0000000, 0x0000000100000000)
  region size 1024K, 8 young (8192K), 8 survivors (8192K)
 Metaspace       used 120935K, capacity 126411K, committed 157980K, reserved 391168K
  class space    used 14673K, capacity 16612K, committed 20940K, reserved 253952K
}
Event: 1435.302 GC heap before
{Heap before GC invocations=92 (full 0):
 garbage-first heap   total 262144K, used 212166K [0x00000000e0000000, 0x0000000100000000)
  region size 1024K, 61 young (62464K), 8 survivors (8192K)
 Metaspace       used 121092K, capacity 126533K, committed 157980K, reserved 391168K
  class space    used 14682K, capacity 16623K, committed 20940K, reserved 253952K
}
Event: 1435.307 GC heap after
{Heap after GC invocations=93 (full 0):
 garbage-first heap   total 262144K, used 156560K [0x00000000e0000000, 0x0000000100000000)
  region size 1024K, 5 young (5120K), 5 survivors (5120K)
 Metaspace       used 121092K, capacity 126533K, committed 157980K, reserved 391168K
  class space    used 14682K, capacity 16623K, committed 20940K, reserved 253952K
}
Event: 1436.382 GC heap before
{Heap before GC invocations=94 (full 0):
 garbage-first heap   total 262144K, used 211856K [0x00000000e0000000, 0x0000000100000000)
  region size 1024K, 61 young (62464K), 5 survivors (5120K)
 Metaspace       used 120942K, capacity 126199K, committed 157980K, reserved 391168K
  class space    used 14626K, capacity 16522K, committed 20940K, reserved 253952K
}
Event: 1436.386 GC heap after
{Heap after GC invocations=95 (full 0):
 garbage-first heap   total 262144K, used 156082K [0x00000000e0000000, 0x0000000100000000)
  region size 1024K, 5 young (5120K), 5 survivors (5120K)
 Metaspace       used 120942K, capacity 126199K, committed 157980K, reserved 391168K
  class space    used 14626K, capacity 16522K, committed 20940K, reserved 253952K
}
Event: 1436.561 GC heap before
{Heap before GC invocations=95 (full 0):
 garbage-first heap   total 262144K, used 163250K [0x00000000e0000000, 0x0000000100000000)
  region size 1024K, 12 young (12288K), 5 survivors (5120K)
 Metaspace       used 120982K, capacity 126265K, committed 157980K, reserved 391168K
  class space    used 14626K, capacity 16522K, committed 20940K, reserved 253952K
}
Event: 1436.569 GC heap after
{Heap after GC invocations=96 (full 0):
 garbage-first heap   total 262144K, used 139131K [0x00000000e0000000, 0x0000000100000000)
  region size 1024K, 2 young (2048K), 2 survivors (2048K)
 Metaspace       used 120982K, capacity 126265K, committed 157980K, reserved 391168K
  class space    used 14626K, capacity 16522K, committed 20940K, reserved 253952K
}
Event: 1436.989 GC heap before
{Heap before GC invocations=96 (full 0):
 garbage-first heap   total 262144K, used 148347K [0x00000000e0000000, 0x0000000100000000)
  region size 1024K, 12 young (12288K), 2 survivors (2048K)
 Metaspace       used 120991K, capacity 126266K, committed 157980K, reserved 391168K
  class space    used 14626K, capacity 16522K, committed 20940K, reserved 253952K
}
Event: 1436.995 GC heap after
{Heap after GC invocations=97 (full 0):
 garbage-first heap   total 262144K, used 139700K [0x00000000e0000000, 0x0000000100000000)
  region size 1024K, 2 young (2048K), 2 survivors (2048K)
 Metaspace       used 120991K, capacity 126266K, committed 157980K, reserved 391168K
  class space    used 14626K, capacity 16522K, committed 20940K, reserved 253952K
}

Deoptimization events (20 events):
Event: 1435.308 Thread 0x000002580f627000 DEOPT PACKING pc=0x0000025807c1f2ec sp=0x000000a8e86ff250
Event: 1435.308 Thread 0x000002580f627000 DEOPT UNPACKING pc=0x000002580004a1af sp=0x000000a8e86ff230 mode 2
Event: 1435.374 Thread 0x000002581b767000 Uncommon trap: trap_request=0xffffffde fr.pc=0x0000025807fc0af8 relative=0x0000000000000d58
Event: 1435.374 Thread 0x000002581b767000 Uncommon trap: reason=class_check action=maybe_recompile pc=0x0000025807fc0af8 method=org.codehaus.groovy.util.ReferenceManager$CallBackedManager.removeStallEntries0(Ljava/lang/ref/ReferenceQueue;)V @ 13 c2
Event: 1435.374 Thread 0x000002581b767000 DEOPT PACKING pc=0x0000025807fc0af8 sp=0x000000a8e90f9df0
Event: 1435.374 Thread 0x000002581b767000 DEOPT UNPACKING pc=0x000002580004a1af sp=0x000000a8e90f9d50 mode 2
Event: 1435.388 Thread 0x000002581b775000 Uncommon trap: trap_request=0xffffffde fr.pc=0x00000258087590cc relative=0x00000000000009ec
Event: 1435.388 Thread 0x000002581b775000 Uncommon trap: reason=class_check action=maybe_recompile pc=0x00000258087590cc method=java.util.concurrent.ConcurrentHashMap.replaceNode(Ljava/lang/Object;Ljava/lang/Object;Ljava/lang/Object;)Ljava/lang/Object; @ 147 c2
Event: 1435.388 Thread 0x000002581b775000 DEOPT PACKING pc=0x00000258087590cc sp=0x000000a8ee7fc770
Event: 1435.388 Thread 0x000002581b775000 DEOPT UNPACKING pc=0x000002580004a1af sp=0x000000a8ee7fc6f8 mode 2
Event: 1436.887 Thread 0x00000258170ee800 Uncommon trap: trap_request=0xffffff4d fr.pc=0x000002580805ea38 relative=0x0000000000000618
Event: 1436.887 Thread 0x00000258170ee800 Uncommon trap: reason=unstable_if action=reinterpret pc=0x000002580805ea38 method=java.util.concurrent.ConcurrentHashMap.get(Ljava/lang/Object;)Ljava/lang/Object; @ 86 c2
Event: 1436.887 Thread 0x00000258170ee800 DEOPT PACKING pc=0x000002580805ea38 sp=0x000000a8f06fec80
Event: 1436.887 Thread 0x00000258170ee800 DEOPT UNPACKING pc=0x000002580004a1af sp=0x000000a8f06feac0 mode 2
Event: 1448.953 Thread 0x000002581574d800 DEOPT PACKING pc=0x0000025801139d2a sp=0x000000a8ed7fdf60
Event: 1448.953 Thread 0x000002581574d800 DEOPT UNPACKING pc=0x000002580004a95e sp=0x000000a8ed7fd5e0 mode 0
Event: 1448.959 Thread 0x000002581b767000 Uncommon trap: trap_request=0xffffffc6 fr.pc=0x0000025808e6e3e8 relative=0x0000000000001428
Event: 1448.959 Thread 0x000002581b767000 Uncommon trap: reason=bimorphic_or_optimized_type_check action=maybe_recompile pc=0x0000025808e6e3e8 method=org.gradle.internal.event.BroadcastDispatch.add(Lorg/gradle/internal/dispatch/Dispatch;)Lorg/gradle/internal/event/BroadcastDispatch; @ 3 c2
Event: 1448.959 Thread 0x000002581b767000 DEOPT PACKING pc=0x0000025808e6e3e8 sp=0x000000a8e90fadb0
Event: 1448.959 Thread 0x000002581b767000 DEOPT UNPACKING pc=0x000002580004a1af sp=0x000000a8e90fad80 mode 2

Classes redefined (0 events):
No events

Internal exceptions (20 events):
Event: 1436.986 Thread 0x000002581574e800 Exception <a 'java/security/PrivilegedActionException'{0x00000000ef5bf038}> (0x00000000ef5bf038) thrown at [./src/hotspot/share/prims/jvm.cpp, line 1306]
Event: 1436.987 Thread 0x000002581574e800 Exception <a 'java/security/PrivilegedActionException'{0x00000000ef5c2558}> (0x00000000ef5c2558) thrown at [./src/hotspot/share/prims/jvm.cpp, line 1306]
Event: 1436.987 Thread 0x000002581574e800 Exception <a 'java/security/PrivilegedActionException'{0x00000000ef5c3570}> (0x00000000ef5c3570) thrown at [./src/hotspot/share/prims/jvm.cpp, line 1306]
Event: 1436.987 Thread 0x000002581574e800 Exception <a 'java/security/PrivilegedActionException'{0x00000000ef5c6a48}> (0x00000000ef5c6a48) thrown at [./src/hotspot/share/prims/jvm.cpp, line 1306]
Event: 1436.987 Thread 0x000002581574e800 Exception <a 'java/security/PrivilegedActionException'{0x00000000ef5c7a60}> (0x00000000ef5c7a60) thrown at [./src/hotspot/share/prims/jvm.cpp, line 1306]
Event: 1436.987 Thread 0x000002581574e800 Exception <a 'java/security/PrivilegedActionException'{0x00000000ef5dc3c0}> (0x00000000ef5dc3c0) thrown at [./src/hotspot/share/prims/jvm.cpp, line 1306]
Event: 1436.987 Thread 0x000002581574e800 Exception <a 'java/security/PrivilegedActionException'{0x00000000ef5dd3d8}> (0x00000000ef5dd3d8) thrown at [./src/hotspot/share/prims/jvm.cpp, line 1306]
Event: 1436.987 Thread 0x000002581574e800 Exception <a 'java/security/PrivilegedActionException'{0x00000000ef5e08f8}> (0x00000000ef5e08f8) thrown at [./src/hotspot/share/prims/jvm.cpp, line 1306]
Event: 1436.987 Thread 0x000002581574e800 Exception <a 'java/security/PrivilegedActionException'{0x00000000ef5e1910}> (0x00000000ef5e1910) thrown at [./src/hotspot/share/prims/jvm.cpp, line 1306]
Event: 1436.987 Thread 0x000002581574e800 Exception <a 'java/security/PrivilegedActionException'{0x00000000ef40e010}> (0x00000000ef40e010) thrown at [./src/hotspot/share/prims/jvm.cpp, line 1306]
Event: 1436.987 Thread 0x000002581574e800 Exception <a 'java/security/PrivilegedActionException'{0x00000000ef40f028}> (0x00000000ef40f028) thrown at [./src/hotspot/share/prims/jvm.cpp, line 1306]
Event: 1437.070 Thread 0x000002581396a800 Exception <a 'java/io/IOException'{0x00000000ef62ede8}> (0x00000000ef62ede8) thrown at [./src/hotspot/share/prims/jni.cpp, line 617]
Event: 1437.072 Thread 0x000002581a277000 Exception <a 'java/io/IOException'{0x00000000ef7fa3b8}> (0x00000000ef7fa3b8) thrown at [./src/hotspot/share/prims/jni.cpp, line 617]
Event: 1437.072 Thread 0x0000025813cfd000 Exception <a 'java/lang/reflect/InvocationTargetException'{0x00000000ef618ab0}> (0x00000000ef618ab0) thrown at [./src/hotspot/share/runtime/reflection.cpp, line 1247]
Event: 1437.073 Thread 0x000002581574e800 Exception <a 'java/lang/reflect/InvocationTargetException'{0x00000000ef6a9460}> (0x00000000ef6a9460) thrown at [./src/hotspot/share/runtime/reflection.cpp, line 1247]
Event: 1448.951 Thread 0x000002581574d800 Exception <a 'sun/nio/fs/WindowsException'{0x00000000eee9b5c0}> (0x00000000eee9b5c0) thrown at [./src/hotspot/share/prims/jni.cpp, line 617]
Event: 1448.953 Thread 0x000002581574d800 Exception <a 'sun/nio/fs/WindowsException'{0x00000000eed8cf30}> (0x00000000eed8cf30) thrown at [./src/hotspot/share/prims/jni.cpp, line 617]
Event: 1448.954 Thread 0x000002581574d800 Exception <a 'sun/nio/fs/WindowsException'{0x00000000eed8d098}> (0x00000000eed8d098) thrown at [./src/hotspot/share/prims/jni.cpp, line 617]
Event: 1448.957 Thread 0x000002581b767000 Exception <a 'java/lang/ClassNotFoundException'{0x00000000eedbd3e8}: ijWrapper21_5g3pwplbx5bf9kyneh96bevi5BeanInfo> (0x00000000eedbd3e8) thrown at [./src/hotspot/share/classfile/systemDictionary.cpp, line 230]
Event: 1448.957 Thread 0x000002581b767000 Exception <a 'java/lang/ClassNotFoundException'{0x00000000eedc8d78}: ijWrapper21_5g3pwplbx5bf9kyneh96bevi5Customizer> (0x00000000eedc8d78) thrown at [./src/hotspot/share/classfile/systemDictionary.cpp, line 230]

Events (20 events):
Event: 1448.913 Thread 0x000002581574b000 Thread added: 0x000002581574b000
Event: 1448.915 Thread 0x000002581574e800 Thread added: 0x000002581574e800
Event: 1448.915 Thread 0x0000025815749800 Thread added: 0x0000025815749800
Event: 1448.916 Thread 0x000002581574c000 Thread added: 0x000002581574c000
Event: 1448.918 Thread 0x0000025815750000 Thread added: 0x0000025815750000
Event: 1448.923 Thread 0x0000025815752800 Thread added: 0x0000025815752800
Event: 1448.924 Thread 0x000002581574d000 Thread added: 0x000002581574d000
Event: 1448.925 Thread 0x0000025815757800 Thread added: 0x0000025815757800
Event: 1448.956 loading class groovy/runtime/metaclass/ijWrapper21_5g3pwplbx5bf9kyneh96bevi5MetaClass
Event: 1448.956 loading class groovy/runtime/metaclass/ijWrapper21_5g3pwplbx5bf9kyneh96bevi5MetaClass done
Event: 1448.957 loading class ijWrapper21_5g3pwplbx5bf9kyneh96bevi5BeanInfo
Event: 1448.957 loading class ijWrapper21_5g3pwplbx5bf9kyneh96bevi5BeanInfo done
Event: 1448.957 loading class ijWrapper21_5g3pwplbx5bf9kyneh96bevi5BeanInfo
Event: 1448.957 loading class ijWrapper21_5g3pwplbx5bf9kyneh96bevi5BeanInfo done
Event: 1448.957 loading class ijWrapper21_5g3pwplbx5bf9kyneh96bevi5Customizer
Event: 1448.957 loading class ijWrapper21_5g3pwplbx5bf9kyneh96bevi5Customizer done
Event: 1448.957 loading class ijWrapper21_5g3pwplbx5bf9kyneh96bevi5Customizer
Event: 1448.957 loading class ijWrapper21_5g3pwplbx5bf9kyneh96bevi5Customizer done
Event: 1448.958 loading class groovy/runtime/metaclass/ijWrapper21_5g3pwplbx5bf9kyneh96bevi5$_run_closure1MetaClass
Event: 1448.958 loading class groovy/runtime/metaclass/ijWrapper21_5g3pwplbx5bf9kyneh96bevi5$_run_closure1MetaClass done


Dynamic libraries:
0x00007ff617bb0000 - 0x00007ff617bbd000 	C:\Program Files\Microsoft\jdk-11.0.16.101-hotspot\bin\java.exe
0x00007ffe92ef0000 - 0x00007ffe930e8000 	C:\WINDOWS\SYSTEM32\ntdll.dll
0x00007ffe920c0000 - 0x00007ffe9217d000 	C:\WINDOWS\System32\KERNEL32.DLL
0x00007ffe90800000 - 0x00007ffe90af6000 	C:\WINDOWS\System32\KERNELBASE.dll
0x00007ffe90ca0000 - 0x00007ffe90da0000 	C:\WINDOWS\System32\ucrtbase.dll
0x00007ffe65350000 - 0x00007ffe65367000 	C:\Program Files\Microsoft\jdk-11.0.16.101-hotspot\bin\jli.dll
0x00007ffe63a10000 - 0x00007ffe63a25000 	C:\Program Files\Microsoft\jdk-11.0.16.101-hotspot\bin\VCRUNTIME140.dll
0x00007ffe91f20000 - 0x00007ffe920be000 	C:\WINDOWS\System32\USER32.dll
0x00007ffe90b70000 - 0x00007ffe90b92000 	C:\WINDOWS\System32\win32u.dll
0x00007ffe8f9b0000 - 0x00007ffe8fc4a000 	C:\WINDOWS\WinSxS\amd64_microsoft.windows.common-controls_6595b64144ccf1df_6.0.19041.1110_none_60b5254171f9507e\COMCTL32.dll
0x00007ffe92210000 - 0x00007ffe9223c000 	C:\WINDOWS\System32\GDI32.dll
0x00007ffe91830000 - 0x00007ffe918ce000 	C:\WINDOWS\System32\msvcrt.dll
0x00007ffe90e30000 - 0x00007ffe90f4a000 	C:\WINDOWS\System32\gdi32full.dll
0x00007ffe90760000 - 0x00007ffe907fd000 	C:\WINDOWS\System32\msvcp_win.dll
0x00007ffe918d0000 - 0x00007ffe91900000 	C:\WINDOWS\System32\IMM32.DLL
0x00007ffe467c0000 - 0x00007ffe4685b000 	C:\Program Files\Microsoft\jdk-11.0.16.101-hotspot\bin\msvcp140.dll
0x00007ffdfff40000 - 0x00007ffe00aca000 	C:\Program Files\Microsoft\jdk-11.0.16.101-hotspot\bin\server\jvm.dll
0x00007ffe919c0000 - 0x00007ffe91a6e000 	C:\WINDOWS\System32\ADVAPI32.dll
0x00007ffe91320000 - 0x00007ffe913bc000 	C:\WINDOWS\System32\sechost.dll
0x00007ffe91a80000 - 0x00007ffe91ba6000 	C:\WINDOWS\System32\RPCRT4.dll
0x00007ffe91a70000 - 0x00007ffe91a78000 	C:\WINDOWS\System32\PSAPI.DLL
0x00007ffe6d780000 - 0x00007ffe6d789000 	C:\WINDOWS\SYSTEM32\WSOCK32.dll
0x00007ffe912b0000 - 0x00007ffe9131b000 	C:\WINDOWS\System32\WS2_32.dll
0x00007ffe7fe70000 - 0x00007ffe7fe97000 	C:\WINDOWS\SYSTEM32\WINMM.dll
0x00007ffe8a3b0000 - 0x00007ffe8a3ba000 	C:\WINDOWS\SYSTEM32\VERSION.dll
0x00007ffe8de10000 - 0x00007ffe8de22000 	C:\WINDOWS\SYSTEM32\kernel.appcore.dll
0x00007ffe8bd10000 - 0x00007ffe8bd20000 	C:\Program Files\Microsoft\jdk-11.0.16.101-hotspot\bin\verify.dll
0x00007ffe8ff60000 - 0x00007ffe90144000 	C:\WINDOWS\SYSTEM32\DBGHELP.DLL
0x00007ffe8fd80000 - 0x00007ffe8fdb4000 	C:\WINDOWS\SYSTEM32\dbgcore.DLL
0x00007ffe90da0000 - 0x00007ffe90e22000 	C:\WINDOWS\System32\bcryptPrimitives.dll
0x00007ffe639e0000 - 0x00007ffe63a08000 	C:\Program Files\Microsoft\jdk-11.0.16.101-hotspot\bin\java.dll
0x00007ffe77220000 - 0x00007ffe7722a000 	C:\Program Files\Microsoft\jdk-11.0.16.101-hotspot\bin\jimage.dll
0x00007ffe630b0000 - 0x00007ffe630c8000 	C:\Program Files\Microsoft\jdk-11.0.16.101-hotspot\bin\zip.dll
0x00007ffe92490000 - 0x00007ffe92bd5000 	C:\WINDOWS\System32\SHELL32.dll
0x00007ffe8e010000 - 0x00007ffe8e7ab000 	C:\WINDOWS\SYSTEM32\windows.storage.dll
0x00007ffe90f50000 - 0x00007ffe912a4000 	C:\WINDOWS\System32\combase.dll
0x00007ffe8f910000 - 0x00007ffe8f93e000 	C:\WINDOWS\SYSTEM32\Wldp.dll
0x00007ffe92c40000 - 0x00007ffe92ced000 	C:\WINDOWS\System32\SHCORE.dll
0x00007ffe91900000 - 0x00007ffe91955000 	C:\WINDOWS\System32\shlwapi.dll
0x00007ffe90500000 - 0x00007ffe90525000 	C:\WINDOWS\SYSTEM32\profapi.dll
0x00007ffe62f00000 - 0x00007ffe62f19000 	C:\Program Files\Microsoft\jdk-11.0.16.101-hotspot\bin\net.dll
0x00007ffe885d0000 - 0x00007ffe886da000 	C:\WINDOWS\SYSTEM32\WINHTTP.dll
0x00007ffe8f660000 - 0x00007ffe8f6ca000 	C:\WINDOWS\system32\mswsock.dll
0x00007ffe62da0000 - 0x00007ffe62db3000 	C:\Program Files\Microsoft\jdk-11.0.16.101-hotspot\bin\nio.dll
0x00007ffe64730000 - 0x00007ffe64757000 	C:\Users\User\.gradle\native\e1d6ef7f7dcc3fd88c89a11ec53ec762bb8ba0a96d01ffa2cd45eb1d1d8dd5c5\windows-amd64\native-platform.dll
0x00007ffe63c60000 - 0x00007ffe63da4000 	C:\Users\User\.gradle\native\5664cfc778a61ccfe75a443a1ab52a65af34e5dc3c78e0209fed803814484fcb\windows-amd64\native-platform-file-events.dll
0x00007ffe69eb0000 - 0x00007ffe69eb9000 	C:\Program Files\Microsoft\jdk-11.0.16.101-hotspot\bin\management.dll
0x00007ffe69e90000 - 0x00007ffe69e9b000 	C:\Program Files\Microsoft\jdk-11.0.16.101-hotspot\bin\management_ext.dll
0x00007ffe90340000 - 0x00007ffe90358000 	C:\WINDOWS\SYSTEM32\CRYPTSP.dll
0x00007ffe8efe0000 - 0x00007ffe8f014000 	C:\WINDOWS\system32\rsaenh.dll
0x00007ffe90730000 - 0x00007ffe90757000 	C:\WINDOWS\System32\bcrypt.dll
0x00007ffe904c0000 - 0x00007ffe904ee000 	C:\WINDOWS\SYSTEM32\USERENV.dll
0x00007ffe8f900000 - 0x00007ffe8f90c000 	C:\WINDOWS\SYSTEM32\CRYPTBASE.dll
0x00007ffe8f360000 - 0x00007ffe8f39b000 	C:\WINDOWS\SYSTEM32\IPHLPAPI.DLL
0x00007ffe92180000 - 0x00007ffe92188000 	C:\WINDOWS\System32\NSI.dll
0x00007ffe8a470000 - 0x00007ffe8a487000 	C:\WINDOWS\SYSTEM32\dhcpcsvc6.DLL
0x00007ffe8a330000 - 0x00007ffe8a34d000 	C:\WINDOWS\SYSTEM32\dhcpcsvc.DLL
0x00007ffe8f3a0000 - 0x00007ffe8f46a000 	C:\WINDOWS\SYSTEM32\DNSAPI.dll
0x00007ffe68b30000 - 0x00007ffe68b3e000 	C:\Program Files\Microsoft\jdk-11.0.16.101-hotspot\bin\sunmscapi.dll
0x00007ffe905d0000 - 0x00007ffe9072e000 	C:\WINDOWS\System32\CRYPT32.dll
0x00007ffe8f980000 - 0x00007ffe8f9a8000 	C:\WINDOWS\SYSTEM32\ncrypt.dll
0x00007ffe8f940000 - 0x00007ffe8f97b000 	C:\WINDOWS\SYSTEM32\NTASN1.dll
0x00007ffe63c30000 - 0x00007ffe63c55000 	C:\Program Files\Microsoft\jdk-11.0.16.101-hotspot\bin\sunec.dll
0x0000000077da0000 - 0x0000000077dc6000 	C:\Program Files\Bonjour\mdnsNSP.dll
0x00007ffe7e200000 - 0x00007ffe7e20a000 	C:\Windows\System32\rasadhlp.dll
0x00007ffe7da10000 - 0x00007ffe7da92000 	C:\WINDOWS\System32\fwpuclnt.dll
0x00007ffe8d820000 - 0x00007ffe8d8b1000 	C:\WINDOWS\system32\apphelp.dll
0x00007ffe7a5a0000 - 0x00007ffe7a5be000 	C:\Users\User\AppData\Local\Temp\native-platform8392978806661835179dir\native-platform.dll
0x00007ffe76330000 - 0x00007ffe76337000 	C:\Program Files\Microsoft\jdk-11.0.16.101-hotspot\bin\rmi.dll
0x00007ffe6b3c0000 - 0x00007ffe6b3d7000 	C:\WINDOWS\system32\napinsp.dll
0x00007ffe6b3a0000 - 0x00007ffe6b3bb000 	C:\WINDOWS\system32\pnrpnsp.dll
0x00007ffe6b380000 - 0x00007ffe6b395000 	C:\WINDOWS\system32\wshbth.dll
0x00007ffe8bb80000 - 0x00007ffe8bb9d000 	C:\WINDOWS\system32\NLAapi.dll
0x00007ffe6b360000 - 0x00007ffe6b372000 	C:\WINDOWS\System32\winrnr.dll

dbghelp: loaded successfully - version: 4.0.5 - missing functions: none
symbol engine: initialized successfully - sym options: 0x614 - pdb path: .;C:\Program Files\Microsoft\jdk-11.0.16.101-hotspot\bin;C:\WINDOWS\SYSTEM32;C:\WINDOWS\WinSxS\amd64_microsoft.windows.common-controls_6595b64144ccf1df_6.0.19041.1110_none_60b5254171f9507e;C:\Program Files\Microsoft\jdk-11.0.16.101-hotspot\bin\server;C:\Users\User\.gradle\native\e1d6ef7f7dcc3fd88c89a11ec53ec762bb8ba0a96d01ffa2cd45eb1d1d8dd5c5\windows-amd64;C:\Users\User\.gradle\native\5664cfc778a61ccfe75a443a1ab52a65af34e5dc3c78e0209fed803814484fcb\windows-amd64;C:\Program Files\Bonjour;C:\Users\User\AppData\Local\Temp\native-platform8392978806661835179dir

VM Arguments:
jvm_args: --add-opens=java.base/java.util=ALL-UNNAMED --add-opens=java.base/java.lang=ALL-UNNAMED --add-opens=java.base/java.lang.invoke=ALL-UNNAMED --add-opens=java.base/java.util=ALL-UNNAMED --add-opens=java.prefs/java.util.prefs=ALL-UNNAMED --add-opens=java.prefs/java.util.prefs=ALL-UNNAMED --add-opens=java.base/java.nio.charset=ALL-UNNAMED --add-opens=java.base/java.net=ALL-UNNAMED --add-opens=java.base/java.util.concurrent.atomic=ALL-UNNAMED -XX:MaxMetaspaceSize=256m -XX:+HeapDumpOnOutOfMemoryError -Xms256m -Xmx512m -Dfile.encoding=windows-1251 -Duser.country=RU -Duser.language=ru -Duser.variant 
java_command: org.gradle.launcher.daemon.bootstrap.GradleDaemon 7.3.3
java_class_path (initial): C:\Users\User\.gradle\wrapper\dists\gradle-7.3.3-bin\6a41zxkdtcxs8rphpq6y0069z\gradle-7.3.3\lib\gradle-launcher-7.3.3.jar
Launcher Type: SUN_STANDARD

[Global flags]
     intx CICompilerCount                          = 4                                         {product} {ergonomic}
   size_t CompressedClassSpaceSize                 = 260046848                                 {product} {ergonomic}
     uint ConcGCThreads                            = 3                                         {product} {ergonomic}
     uint G1ConcRefinementThreads                  = 10                                        {product} {ergonomic}
   size_t G1HeapRegionSize                         = 1048576                                   {product} {ergonomic}
    uintx GCDrainStackTargetSize                   = 64                                        {product} {ergonomic}
     bool HeapDumpOnOutOfMemoryError               = true                                   {manageable} {command line}
   size_t InitialHeapSize                          = 268435456                                 {product} {command line}
   size_t MarkStackSize                            = 4194304                                   {product} {ergonomic}
   size_t MaxHeapSize                              = 536870912                                 {product} {command line}
   size_t MaxMetaspaceSize                         = 268435456                                 {product} {command line}
   size_t MaxNewSize                               = 321912832                                 {product} {ergonomic}
   size_t MinHeapDeltaBytes                        = 1048576                                   {product} {ergonomic}
    uintx NonNMethodCodeHeapSize                   = 5836300                                {pd product} {ergonomic}
    uintx NonProfiledCodeHeapSize                  = 122910970                              {pd product} {ergonomic}
    uintx ProfiledCodeHeapSize                     = 122910970                              {pd product} {ergonomic}
    uintx ReservedCodeCacheSize                    = 251658240                              {pd product} {ergonomic}
     bool SegmentedCodeCache                       = true                                      {product} {ergonomic}
     bool UseCompressedClassPointers               = true                                 {lp64_product} {ergonomic}
     bool UseCompressedOops                        = true                                 {lp64_product} {ergonomic}
     bool UseG1GC                                  = true                                      {product} {ergonomic}
     bool UseLargePagesIndividualAllocation        = false                                  {pd product} {ergonomic}

Logging:
Log output configuration:
 #0: stdout all=warning uptime,level,tags
 #1: stderr all=off uptime,level,tags

Environment Variables:
PATH=C:\Program Files\Common Files\Oracle\Java\javapath;C:\Program Files (x86)\VMware\VMware Player\bin\;C:\Program Files\Microsoft\jdk-11.0.16.101-hotspot\bin;C:\Program Files\Eclipse Foundation\jdk-8.0.302.8-hotspot\bin;C:\Program Files (x86)\Common Files\Oracle\Java\javapath;C:\Program Files (x86)\Common Files\Intel\Shared Libraries\redist\intel64\compiler;C:\Windows\system32;C:\Windows;C:\Windows\System32\Wbem;C:\Windows\System32\WindowsPowerShell\v1.0\;C:\Windows\System32\OpenSSH\;C:\Program Files (x86)\NVIDIA Corporation\PhysX\Common;C:\Program Files\NVIDIA Corporation\NVIDIA NvDLISR;C:\Program Files\PuTTY\;C:\WINDOWS\system32;C:\WINDOWS;C:\WINDOWS\System32\Wbem;C:\WINDOWS\System32\WindowsPowerShell\v1.0\;C:\Program Files\Microsoft SQL Server\130\Tools\Binn\;C:\Program Files\dotnet\;C:\Program Files\Microsoft SQL Server\150\Tools\Binn\;C:\Program Files\nodejs\;C:\Program Files\Git\cmd;C:\Program Files\Calibre2\;C:\Program Files\MySQL\MySQL Shell 8.0\bin\;C:\Users\User\AppData\Local\Microsoft\WindowsApps;C:\Users\User\.dotnet\tools;C:\Users\User\AppData\Local\Programs\Microsoft VS Code\bin;C:\Program Files\heroku\bin;C:\Users\User\AppData\Local\atom\bin;C:\Users\User\.dotnet\tools;C:\Users\User\AppData\Local\JetBrains\Toolbox\scripts;C:\Users\User\AppData\Local\GitHubDesktop\bin;C:\Users\User\.dotnet\tools;C:\Users\User\AppData\Roaming\npm
USERNAME=User
OS=Windows_NT
PROCESSOR_IDENTIFIER=AMD64 Family 23 Model 113 Stepping 0, AuthenticAMD
TMP=C:\Users\User\AppData\Local\Temp
TEMP=C:\Users\User\AppData\Local\Temp



---------------  S Y S T E M  ---------------

OS: Windows 10 , 64 bit Build 19041 (10.0.19041.3393)
OS uptime: 0 days 4:36 hours

CPU:total 12 (initial active 12) (12 cores per cpu, 2 threads per core) family 23 model 113 stepping 0 microcode 0x0, cmov, cx8, fxsr, mmx, sse, sse2, sse3, ssse3, sse4.1, sse4.2, popcnt, avx, avx2, aes, clmul, mmxext, 3dnowpref, lzcnt, sse4a, ht, tsc, tscinvbit, tscinv, bmi1, bmi2, adx, sha, fma

Memory: 4k page, system-wide physical 16333M (4125M free)
TotalPageFile size 18381M (AvailPageFile size 4M)
current process WorkingSet (physical memory assigned to process): 615M, peak: 667M
current process commit charge ("private bytes"): 660M, peak: 713M

vm_info: OpenJDK 64-Bit Server VM (11.0.16.1+1-LTS) for windows-amd64 JRE (11.0.16.1+1-LTS), built on Aug 20 2022 20:09:04 by "" with MS VC++ 15.9 (VS2017)

END.
