#
# There is insufficient memory for the Java Runtime Environment to continue.
# Native memory allocation (mmap) failed to map 268435456 bytes for G1 virtual space
# Possible reasons:
#   The system is out of physical RAM or swap space
#   The process is running with CompressedOops enabled, and the Java Heap may be blocking the growth of the native heap
# Possible solutions:
#   Reduce memory load on the system
#   Increase physical memory or swap space
#   Check if swap backing store is full
#   Decrease Java heap size (-Xmx/-Xms)
#   Decrease number of Java threads
#   Decrease Java thread stack sizes (-Xss)
#   Set larger code cache with -XX:ReservedCodeCacheSize=
#   JVM is running with Zero Based Compressed Oops mode in which the Java heap is
#     placed in the first 32GB address space. The Java Heap base address is the
#     maximum limit for the native heap growth. Please use -XX:HeapBaseMinAddress
#     to set the Java Heap base and to place the Java Heap above 32GB virtual address.
# This output file may be truncated or incomplete.
#
#  Out of Memory Error (os_windows.cpp:3829), pid=13152, tid=12992
#
# JRE version:  (17.0.8+7) (build )
# Java VM: OpenJDK 64-Bit Server VM (17.0.8+7-b1000.22, mixed mode, sharing, tiered, compressed oops, compressed class ptrs, g1 gc, windows-amd64)
# No core dump will be written. Minidumps are not enabled by default on client versions of Windows
#

---------------  S U M M A R Y ------------

Command Line: git4idea.http.GitAskPassApp Username for 'https://github.com': 

Host: AMD Ryzen 5 3600 6-Core Processor              , 12 cores, 15G,  Windows 10 , 64 bit Build 19041 (10.0.19041.3393)
Time: Tue Sep 26 18:29:11 2023  Windows 10 , 64 bit Build 19041 (10.0.19041.3393) elapsed time: 0.008155 seconds (0d 0h 0m 0s)

---------------  T H R E A D  ---------------

Current thread (0x000001cf599aae60):  JavaThread "Unknown thread" [_thread_in_vm, id=12992, stack(0x000000ccad000000,0x000000ccad100000)]

Stack: [0x000000ccad000000,0x000000ccad100000]
Native frames: (J=compiled Java code, j=interpreted, Vv=VM code, C=native code)
V  [jvm.dll+0x6852da]
V  [jvm.dll+0x844c84]
V  [jvm.dll+0x84659e]
V  [jvm.dll+0x846c03]
V  [jvm.dll+0x24b7cf]
V  [jvm.dll+0x682049]
V  [jvm.dll+0x67671a]
V  [jvm.dll+0x30be2b]
V  [jvm.dll+0x3132d6]
V  [jvm.dll+0x36302e]
V  [jvm.dll+0x36325f]
V  [jvm.dll+0x2e1f48]
V  [jvm.dll+0x2e2eb4]
V  [jvm.dll+0x815c11]
V  [jvm.dll+0x370df1]
V  [jvm.dll+0x7f4fdc]
V  [jvm.dll+0x3f3f1f]
V  [jvm.dll+0x3f5b31]
C  [jli.dll+0x528f]
C  [ucrtbase.dll+0x21bb2]
C  [KERNEL32.DLL+0x17344]
C  [ntdll.dll+0x526b1]


---------------  P R O C E S S  ---------------

Threads class SMR info:
_java_thread_list=0x00007ff89cab0098, length=0, elements={
}

Java Threads: ( => current thread )

Other Threads:
  0x000001cf59a177c0 GCTaskThread "GC Thread#0" [stack: 0x000000ccad100000,0x000000ccad200000] [id=2524]
  0x000001cf59a29660 ConcurrentGCThread "G1 Main Marker" [stack: 0x000000ccad200000,0x000000ccad300000] [id=1632]
  0x000001cf59a2a810 ConcurrentGCThread "G1 Conc#0" [stack: 0x000000ccad300000,0x000000ccad400000] [id=1584]

[error occurred during error reporting (printing all threads), id 0xc0000005, EXCEPTION_ACCESS_VIOLATION (0xc0000005) at pc=0x00007ff89c262ab7]

VM state: not at safepoint (not fully initialized)

VM Mutex/Monitor currently owned by a thread:  ([mutex/lock_event])
[0x000001cf599a43d0] Heap_lock - owner thread: 0x000001cf599aae60

Heap address: 0x0000000700c00000, size: 4084 MB, Compressed Oops mode: Zero based, Oop shift amount: 3

CDS archive(s) mapped at: [0x0000000000000000-0x0000000000000000-0x0000000000000000), size 0, SharedBaseAddress: 0x0000000800000000, ArchiveRelocationMode: 1.
Narrow klass base: 0x0000000000000000, Narrow klass shift: 0, Narrow klass range: 0x0

GC Precious Log:
<Empty>

Heap:
 garbage-first heap   total 0K, used 0K [0x0000000700c00000, 0x0000000800000000)
  region size 2048K, 0 young (0K), 0 survivors (0K)
 Metaspace       used 0K, committed 0K, reserved 0K
  class space    used 0K, committed 0K, reserved 0K

Heap Regions: E=young(eden), S=young(survivor), O=old, HS=humongous(starts), HC=humongous(continues), CS=collection set, F=free, OA=open archive, CA=closed archive, TAMS=top-at-mark-start (previous, next)

Card table byte_map: [0x000001cf6ce70000,0x000001cf6d670000] _byte_map_base: 0x000001cf6966a000

Marking Bits (Prev, Next): (CMBitMap*) 0x000001cf59a17de0, (CMBitMap*) 0x000001cf59a17e20
 Prev Bits: [0x000001cf6de70000, 0x000001cf71e40000)
 Next Bits: [0x000001cf71e40000, 0x000001cf75e10000)

GC Heap History (0 events):
No events

Dll operation events (1 events):
Event: 0.004 Loaded shared library C:\Program Files\JetBrains\IntelliJ IDEA Community Edition 2023.1.2\jbr\bin\java.dll

Deoptimization events (0 events):
No events

Classes unloaded (0 events):
No events

Classes redefined (0 events):
No events

Internal exceptions (0 events):
No events

VM Operations (0 events):
No events

Events (0 events):
No events


Dynamic libraries:
0x00007ff683790000 - 0x00007ff68379a000 	C:\Program Files\JetBrains\IntelliJ IDEA Community Edition 2023.1.2\jbr\bin\java.exe
0x00007ff933ad0000 - 0x00007ff933cc8000 	C:\WINDOWS\SYSTEM32\ntdll.dll
0x00007ff931b30000 - 0x00007ff931bed000 	C:\WINDOWS\System32\KERNEL32.DLL
0x00007ff931470000 - 0x00007ff931766000 	C:\WINDOWS\System32\KERNELBASE.dll
0x00007ff931840000 - 0x00007ff931940000 	C:\WINDOWS\System32\ucrtbase.dll
0x00007ff8fcfd0000 - 0x00007ff8fcfe7000 	C:\Program Files\JetBrains\IntelliJ IDEA Community Edition 2023.1.2\jbr\bin\jli.dll
0x00007ff932180000 - 0x00007ff93231e000 	C:\WINDOWS\System32\USER32.dll
0x00007ff9239d0000 - 0x00007ff923c6a000 	C:\WINDOWS\WinSxS\amd64_microsoft.windows.common-controls_6595b64144ccf1df_6.0.19041.1110_none_60b5254171f9507e\COMCTL32.dll
0x00007ff9311b0000 - 0x00007ff9311d2000 	C:\WINDOWS\System32\win32u.dll
0x00007ff904fb0000 - 0x00007ff904fcb000 	C:\Program Files\JetBrains\IntelliJ IDEA Community Edition 2023.1.2\jbr\bin\VCRUNTIME140.dll
0x00007ff933350000 - 0x00007ff9333ee000 	C:\WINDOWS\System32\msvcrt.dll
0x00007ff931ed0000 - 0x00007ff931efc000 	C:\WINDOWS\System32\GDI32.dll
0x00007ff9311e0000 - 0x00007ff9312fa000 	C:\WINDOWS\System32\gdi32full.dll
0x00007ff931770000 - 0x00007ff93180d000 	C:\WINDOWS\System32\msvcp_win.dll
0x00007ff932e40000 - 0x00007ff932e70000 	C:\WINDOWS\System32\IMM32.DLL
0x00007ff92cda0000 - 0x00007ff92cdac000 	C:\Program Files\JetBrains\IntelliJ IDEA Community Edition 2023.1.2\jbr\bin\vcruntime140_1.dll
0x00007ff904130000 - 0x00007ff9041bd000 	C:\Program Files\JetBrains\IntelliJ IDEA Community Edition 2023.1.2\jbr\bin\msvcp140.dll
0x00007ff89bf70000 - 0x00007ff89cbf3000 	C:\Program Files\JetBrains\IntelliJ IDEA Community Edition 2023.1.2\jbr\bin\server\jvm.dll
0x00007ff932d90000 - 0x00007ff932e3e000 	C:\WINDOWS\System32\ADVAPI32.dll
0x00007ff9334d0000 - 0x00007ff93356c000 	C:\WINDOWS\System32\sechost.dll
0x00007ff931f00000 - 0x00007ff932026000 	C:\WINDOWS\System32\RPCRT4.dll
0x00007ff930710000 - 0x00007ff93075b000 	C:\WINDOWS\SYSTEM32\POWRPROF.dll
0x00007ff915250000 - 0x00007ff915259000 	C:\WINDOWS\SYSTEM32\WSOCK32.dll
0x00007ff926570000 - 0x00007ff926597000 	C:\WINDOWS\SYSTEM32\WINMM.dll
0x00007ff92b510000 - 0x00007ff92b51a000 	C:\WINDOWS\SYSTEM32\VERSION.dll
0x00007ff931c50000 - 0x00007ff931cbb000 	C:\WINDOWS\System32\WS2_32.dll
0x00007ff9305d0000 - 0x00007ff9305e2000 	C:\WINDOWS\SYSTEM32\UMPDC.dll
0x00007ff92f060000 - 0x00007ff92f072000 	C:\WINDOWS\SYSTEM32\kernel.appcore.dll
0x00007ff90a830000 - 0x00007ff90a83a000 	C:\Program Files\JetBrains\IntelliJ IDEA Community Edition 2023.1.2\jbr\bin\jimage.dll
0x00007ff9246f0000 - 0x00007ff9248d4000 	C:\WINDOWS\SYSTEM32\DBGHELP.DLL
0x00007ff916fa0000 - 0x00007ff916fd4000 	C:\WINDOWS\SYSTEM32\dbgcore.DLL
0x00007ff931aa0000 - 0x00007ff931b22000 	C:\WINDOWS\System32\bcryptPrimitives.dll
0x00007ff909510000 - 0x00007ff909535000 	C:\Program Files\JetBrains\IntelliJ IDEA Community Edition 2023.1.2\jbr\bin\java.dll

dbghelp: loaded successfully - version: 4.0.5 - missing functions: none
symbol engine: initialized successfully - sym options: 0x614 - pdb path: .;C:\Program Files\JetBrains\IntelliJ IDEA Community Edition 2023.1.2\jbr\bin;C:\WINDOWS\SYSTEM32;C:\WINDOWS\WinSxS\amd64_microsoft.windows.common-controls_6595b64144ccf1df_6.0.19041.1110_none_60b5254171f9507e;C:\Program Files\JetBrains\IntelliJ IDEA Community Edition 2023.1.2\jbr\bin\server

VM Arguments:
java_command: git4idea.http.GitAskPassApp Username for 'https://github.com': 
java_class_path (initial): C:/Program Files/JetBrains/IntelliJ IDEA Community Edition 2023.1.2/plugins/vcs-git/lib/git4idea-rt.jar;C:/Program Files/JetBrains/IntelliJ IDEA Community Edition 2023.1.2/lib/externalProcess-rt.jar
Launcher Type: SUN_STANDARD

[Global flags]
     intx CICompilerCount                          = 4                                         {product} {ergonomic}
     uint ConcGCThreads                            = 3                                         {product} {ergonomic}
     uint G1ConcRefinementThreads                  = 10                                        {product} {ergonomic}
   size_t G1HeapRegionSize                         = 2097152                                   {product} {ergonomic}
    uintx GCDrainStackTargetSize                   = 64                                        {product} {ergonomic}
   size_t InitialHeapSize                          = 268435456                                 {product} {ergonomic}
   size_t MarkStackSize                            = 4194304                                   {product} {ergonomic}
   size_t MaxHeapSize                              = 4282384384                                {product} {ergonomic}
   size_t MinHeapDeltaBytes                        = 2097152                                   {product} {ergonomic}
   size_t MinHeapSize                              = 8388608                                   {product} {ergonomic}
    uintx NonNMethodCodeHeapSize                   = 5839372                                {pd product} {ergonomic}
    uintx NonProfiledCodeHeapSize                  = 122909434                              {pd product} {ergonomic}
    uintx ProfiledCodeHeapSize                     = 122909434                              {pd product} {ergonomic}
    uintx ReservedCodeCacheSize                    = 251658240                              {pd product} {ergonomic}
     bool SegmentedCodeCache                       = true                                      {product} {ergonomic}
   size_t SoftMaxHeapSize                          = 4282384384                             {manageable} {ergonomic}
     bool UseCompressedClassPointers               = true                           {product lp64_product} {ergonomic}
     bool UseCompressedOops                        = true                           {product lp64_product} {ergonomic}
     bool UseG1GC                                  = true                                      {product} {ergonomic}
     bool UseLargePagesIndividualAllocation        = false                                  {pd product} {ergonomic}

Logging:
Log output configuration:
 #0: stdout all=warning uptime,level,tags
 #1: stderr all=off uptime,level,tags

Environment Variables:
PATH=C:/Program Files/Git/mingw64/libexec/git-core;C:/Program Files/Git/mingw64/libexec/git-core;C:\Program Files\Git\mingw64\bin;C:\Program Files\Git\usr\bin;C:\Users\User\bin;C:\Program Files\Common Files\Oracle\Java\javapath;C:\Program Files (x86)\VMware\VMware Player\bin\;C:\Program Files\Microsoft\jdk-11.0.16.101-hotspot\bin;C:\Program Files\Eclipse Foundation\jdk-8.0.302.8-hotspot\bin;C:\Program Files (x86)\Common Files\Oracle\Java\javapath;C:\Program Files (x86)\Common Files\Intel\Shared Libraries\redist\intel64\compiler;C:\Windows\system32;C:\Windows;C:\Windows\System32\Wbem;C:\Windows\System32\WindowsPowerShell\v1.0\;C:\Windows\System32\OpenSSH\;C:\Program Files (x86)\NVIDIA Corporation\PhysX\Common;C:\Program Files\NVIDIA Corporation\NVIDIA NvDLISR;C:\Program Files\PuTTY\;C:\WINDOWS\system32;C:\WINDOWS;C:\WINDOWS\System32\Wbem;C:\WINDOWS\System32\WindowsPowerShell\v1.0\;C:\Program Files\Microsoft SQL Server\130\Tools\Binn\;C:\Program Files\dotnet\;C:\Program Files\Microsoft SQL Server\150\Tools\Binn\;C:\Program Files\nodejs\;C:\Program Files\Git\cmd;C:\Program Files\Calibre2\;C:\Program Files\MySQL\MySQL Shell 8.0\bin\;C:\Users\User\AppData\Local\Microsoft\WindowsApps;C:\Users\User\.dotnet\tools;C:\Users\User\AppData\Local\Programs\Microsoft VS Code\bin;C:\Program Files\heroku\bin;C:\Users\User\AppData\Local\atom\bin;C:\Users\User\.dotnet\tools;C:\Users\User\AppData\Local\JetBrains\Toolbox\scripts;C:\Users\User\AppData\Local\GitHubDesktop\bin;C:\Users\User\.dotnet\tools;C:\Users\User\AppData\Roaming\npm
USERNAME=User
DISPLAY=:0.0
LC_ALL=en_US.UTF-8
TERM=xterm-256color
TMPDIR=C:\Users\User\AppData\Local\Temp
OS=Windows_NT
PROCESSOR_IDENTIFIER=AMD64 Family 23 Model 113 Stepping 0, AuthenticAMD
TMP=C:\Users\User\AppData\Local\Temp
TEMP=C:\Users\User\AppData\Local\Temp


JNI global refs:
JNI global refs: 0, weak refs: 0

JNI global refs memory usage: 0, weak refs: 0

OOME stack traces (most recent first):
Classloader memory used:


---------------  S Y S T E M  ---------------

OS:
 Windows 10 , 64 bit Build 19041 (10.0.19041.3393)
OS uptime: 0 days 0:45 hours

CPU: total 12 (initial active 12) (12 cores per cpu, 2 threads per core) family 23 model 113 stepping 0 microcode 0x0, cx8, cmov, fxsr, ht, mmx, 3dnowpref, sse, sse2, sse3, ssse3, sse4a, sse4.1, sse4.2, popcnt, lzcnt, tsc, tscinvbit, avx, avx2, aes, clmul, bmi1, bmi2, adx, sha, fma, vzeroupper, clflush, clflushopt
Processor Information for all 12 processors :
  Max Mhz: 3600, Current Mhz: 3600, Mhz Limit: 3600

Memory: 4k page, system-wide physical 16333M (4837M free)
TotalPageFile size 18352M (AvailPageFile size 49M)
current process WorkingSet (physical memory assigned to process): 10M, peak: 10M
current process commit charge ("private bytes"): 64M, peak: 320M

vm_info: OpenJDK 64-Bit Server VM (17.0.8+7-b1000.22) for windows-amd64 JRE (17.0.8+7-b1000.22), built on 2023-09-02 by "builduser" with MS VC++ 16.10 / 16.11 (VS2019)

END.
